Robust optimizer with chosen support
########################################################################
PROCESSING DISEASES: 4 FILE NUMBER: 1
########################################################################
The support is:  0.072

Partioning the feature graph and Finding the connected components:
The clusters are:
 [[0], [1], [2], [3]]

The constraints are:
two_wayc {}
three_wayc {}
four_wayc {}
The total number of MBA constraints are:  0

[[0], [1], [2], [3]]
Total Probability:  1.0
Top 7 elements
(0, 0, 0, 0) : 0.5458247999999999
(0, 1, 0, 0) : 0.1198152
(0, 0, 0, 1) : 0.08885519999999997
(1, 0, 0, 0) : 0.08885519999999997
(0, 0, 1, 0) : 0.06064720000000001
(0, 1, 0, 1) : 0.019504799999999992
(1, 1, 0, 0) : 0.019504799999999992
Bottom 7 elements
(1, 1, 1, 1) : 0.0003527999999999999
(1, 0, 1, 1) : 0.0016071999999999987
(0, 1, 1, 1) : 0.0021671999999999998
(1, 1, 1, 0) : 0.0021671999999999998
(1, 1, 0, 1) : 0.0031751999999999982
(1, 0, 1, 0) : 0.009872799999999994
(0, 0, 1, 1) : 0.009872800000000003

Empirical: [0.68 0.18 0.06 0.06 0.02]
Maxent: [5.458248e-01 3.581728e-01 8.653280e-02 9.116800e-03 3.528000e-04]
True distribution:[0.71487524 0.20481518 0.05868053 0.01681225 0.00481679]
Computational time for calculating maxent = 0.015995264053344727 seconds
########################################################################
PROCESSING DISEASES: 4 FILE NUMBER: 2
########################################################################
The support is:  0.0763

Partioning the feature graph and Finding the connected components:
The clusters are:
 [[0, 1, 2], [3]]

The constraints are:
two_wayc {(0, 1): (1, 1), (0, 2): (1, 1), (1, 2): (1, 1)}
three_wayc {}
four_wayc {}
The total number of MBA constraints are:  3

[[0, 1, 2], [3]]
Total Probability:  1.0
Top 7 elements
(0, 0, 0, 0) : 0.5208002348174761
(0, 0, 0, 1) : 0.09920004472713828
(0, 1, 0, 0) : 0.05749352848849358
(0, 0, 1, 0) : 0.048123202067682815
(1, 0, 0, 0) : 0.04812311389001762
(0, 1, 1, 0) : 0.045583088361493974
(1, 1, 0, 0) : 0.04558300483815946
Bottom 7 elements
(1, 1, 1, 1) : 0.0068838029565977555
(1, 0, 1, 1) : 0.007267402288483484
(1, 1, 0, 1) : 0.00868247711203037
(0, 1, 1, 1) : 0.00868249302123695
(1, 0, 0, 1) : 0.009166307407622401
(0, 0, 1, 1) : 0.009166324203368156
(0, 1, 0, 1) : 0.010951148283522588

Empirical: [0.56 0.28 0.08 0.04 0.04]
Maxent: [0.52080023 0.25293989 0.15860374 0.06077234 0.0068838 ]
True distribution:[0.57430574 0.24959225 0.10847234 0.04714189 0.02048778]
Computational time for calculating maxent = 0.05699944496154785 seconds
########################################################################
PROCESSING DISEASES: 4 FILE NUMBER: 3
########################################################################
The support is:  0.0751

Partioning the feature graph and Finding the connected components:
The clusters are:
 [[0, 1, 2, 3]]

The constraints are:
two_wayc {(0, 1): (1, 1), (0, 2): (1, 1), (0, 3): (1, 1), (1, 3): (1, 1), (2, 3): (1, 1)}
three_wayc {}
four_wayc {}
The total number of MBA constraints are:  5

[[0, 1, 2, 3]]
Total Probability:  1.0
Top 7 elements
(0, 0, 0, 0) : 0.4600003952184157
(0, 0, 0, 1) : 0.06742857492918489
(0, 0, 1, 0) : 0.06742779743634487
(0, 1, 0, 0) : 0.05898171228410286
(1, 0, 0, 0) : 0.05898168260424785
(0, 0, 1, 1) : 0.038787390796441244
(0, 1, 0, 1) : 0.03392883663991103
Bottom 7 elements
(1, 1, 1, 1) : 0.009820652012334162
(1, 1, 1, 0) : 0.017072170130125276
(1, 1, 0, 1) : 0.017072366984991434
(1, 0, 1, 1) : 0.019517102136304212
(0, 1, 1, 1) : 0.019517111957400118
(1, 1, 0, 0) : 0.0296785135371509
(1, 0, 1, 0) : 0.0339284283466656

Empirical: [0.48 0.3  0.16 0.02 0.04]
Maxent: [0.4600004  0.25281977 0.20418043 0.07317875 0.00982065]
True distribution:[0.48609615 0.26018852 0.13926888 0.07454526 0.0399012 ]
Computational time for calculating maxent = 0.05200028419494629 seconds
########################################################################
PROCESSING DISEASES: 4 FILE NUMBER: 4
########################################################################
The support is:  0.0792

Partioning the feature graph and Finding the connected components:
The clusters are:
 [[0, 1, 2, 3]]

The constraints are:
two_wayc {(0, 1): (1, 1), (0, 2): (1, 1), (0, 3): (1, 1), (1, 2): (1, 1), (1, 3): (1, 1), (2, 3): (1, 1)}
three_wayc {(0, 1, 3): (1, 1, 1), (0, 2, 3): (1, 1, 1)}
four_wayc {}
The total number of MBA constraints are:  8

[[0, 1, 2, 3]]
Total Probability:  1.0000000000000004
Top 7 elements
(0, 0, 0, 0) : 0.5000003140400564
(0, 1, 0, 0) : 0.056559861850725215
(0, 0, 1, 0) : 0.056559596335355046
(0, 0, 0, 1) : 0.046642484326081646
(1, 1, 0, 1) : 0.043561883038890574
(1, 1, 1, 1) : 0.03643818454097548
(0, 1, 0, 1) : 0.035100873622783135
Bottom 7 elements
(1, 1, 1, 0) : 0.013525642623184201
(0, 1, 1, 1) : 0.01916106527674662
(1, 0, 0, 1) : 0.020432876864457224
(1, 0, 1, 1) : 0.023561996772861676
(1, 0, 1, 0) : 0.024777309444846244
(1, 1, 0, 0) : 0.024777425760324347
(0, 1, 1, 0) : 0.030875220275488596

Empirical: [0.52 0.24 0.12 0.06 0.06]
Maxent: [0.50000031 0.1926865  0.17106441 0.09981059 0.03643818]
True distribution:[0.42865553 0.25999272 0.15769356 0.09564598 0.05801222]
Computational time for calculating maxent = 0.0930013656616211 seconds
########################################################################
PROCESSING DISEASES: 4 FILE NUMBER: 5
########################################################################
The support is:  0.0751

Partioning the feature graph and Finding the connected components:
The clusters are:
 [[0, 1, 2, 3]]

The constraints are:
two_wayc {(0, 1): (1, 1), (0, 2): (1, 1), (0, 3): (1, 1), (1, 2): (1, 1), (1, 3): (1, 1), (2, 3): (1, 1)}
three_wayc {(0, 1, 3): (1, 1, 1), (0, 2, 3): (1, 1, 1)}
four_wayc {}
The total number of MBA constraints are:  8

[[0, 1, 2, 3]]
Total Probability:  0.9999999999999996
Top 7 elements
(0, 0, 0, 0) : 0.3800004588635317
(0, 0, 1, 0) : 0.08896180319793996
(0, 0, 0, 1) : 0.06525160465597346
(0, 0, 1, 1) : 0.06525160465597346
(0, 1, 0, 0) : 0.05284011709450744
(0, 1, 1, 0) : 0.05130533388793672
(0, 1, 0, 1) : 0.03875711043035589
Bottom 7 elements
(1, 1, 1, 0) : 0.019442823168184818
(1, 1, 0, 0) : 0.020024449214163454
(1, 0, 0, 1) : 0.024727943756052573
(1, 0, 1, 1) : 0.028378090697351793
(1, 1, 0, 1) : 0.02837885628360494
(1, 1, 1, 1) : 0.0316219613665696
(1, 0, 0, 0) : 0.033713231690069886

Empirical: [0.4  0.26 0.2  0.1  0.04]
Maxent: [0.38000046 0.24076676 0.23377967 0.11383115 0.03162196]
True distribution:[0.3892233  0.25659182 0.16915575 0.11151434 0.07351479]
Computational time for calculating maxent = 0.08299803733825684 seconds
########################################################################
PROCESSING DISEASES: 7 FILE NUMBER: 1
########################################################################
The support is:  0.06

Partioning the feature graph and Finding the connected components:
The clusters are:
 [[0], [1], [2], [3], [4], [5], [6]]

The constraints are:
two_wayc {}
three_wayc {}
four_wayc {}
The total number of MBA constraints are:  0

[[0], [1], [2], [3], [4], [5], [6]]
Total Probability:  1.0000000000000004
Top 7 elements
(0, 0, 0, 0, 0, 0, 0) : 0.6559032906533043
(1, 0, 0, 0, 0, 0, 0) : 0.06965344679504111
(0, 0, 0, 0, 1, 0, 0) : 0.050889048412756356
(0, 0, 0, 0, 0, 0, 1) : 0.038909517242145156
(0, 0, 1, 0, 0, 0, 0) : 0.038909517242145156
(0, 0, 0, 1, 0, 0, 0) : 0.03307075415058677
(0, 0, 0, 0, 0, 1, 0) : 0.02732930377722102
Bottom 7 elements
(1, 1, 1, 1, 1, 1, 1) : 1.6647192576000004e-09
(0, 1, 1, 1, 1, 1, 1) : 1.5676106342399985e-08
(1, 1, 1, 1, 0, 1, 1) : 2.145638154239997e-08
(1, 1, 0, 1, 1, 1, 1) : 2.8062410342399988e-08
(1, 1, 1, 1, 1, 1, 0) : 2.8062410342399988e-08
(1, 1, 1, 0, 1, 1, 1) : 3.301693194239994e-08
(1, 1, 1, 1, 1, 0, 1) : 3.9953262182399854e-08

Empirical: [0.712 0.192 0.072 0.024 0.    0.    0.    0.   ]
Maxent: [6.55903291e-01 2.86090891e-01 5.24401567e-02 5.24506375e-03
 3.09592991e-04 1.07966401e-05 2.06180765e-07 1.66471926e-09]
True distribution:[7.13527597e-01 2.04429079e-01 5.85699118e-02 1.67805607e-02
 4.80771113e-03 1.37743230e-03 3.94640962e-04 1.13066529e-04]
Computational time for calculating maxent = 0.024001121520996094 seconds
########################################################################
PROCESSING DISEASES: 7 FILE NUMBER: 2
########################################################################
The support is:  0.0375

Partioning the feature graph and Finding the connected components:
The clusters are:
 [[0, 2, 4, 5, 6, 1], [3]]

The constraints are:
two_wayc {(0, 2): (1, 1), (0, 4): (1, 1), (1, 2): (1, 1), (2, 4): (1, 1), (4, 5): (1, 1), (4, 6): (1, 1)}
three_wayc {}
four_wayc {}
The total number of MBA constraints are:  6

[[0, 2, 4, 5, 6, 1], [3]]
Total Probability:  0.9999999999999999
Top 7 elements
(0, 0, 0, 0, 0, 0, 0) : 0.5640960858147706
(0, 0, 0, 1, 0, 0, 0) : 0.059904009113072955
(0, 0, 0, 0, 1, 0, 0) : 0.03286633865976705
(0, 0, 1, 0, 0, 0, 0) : 0.023613732895347777
(1, 0, 0, 0, 0, 0, 0) : 0.01787553791804616
(0, 0, 0, 0, 0, 1, 0) : 0.015704380923590864
(1, 0, 0, 0, 1, 0, 0) : 0.015337998118555586
Bottom 7 elements
(1, 1, 1, 1, 1, 1, 1) : 2.4825166989793813e-05
(1, 1, 1, 1, 0, 1, 1) : 3.914623040549768e-05
(0, 1, 1, 1, 1, 1, 1) : 5.31954913063107e-05
(1, 1, 0, 1, 1, 1, 1) : 6.242550826422458e-05
(1, 1, 1, 1, 1, 1, 0) : 6.62004276292964e-05
(1, 1, 0, 1, 0, 1, 1) : 6.731241873643311e-05
(1, 1, 1, 1, 1, 0, 1) : 6.925950649716944e-05

Empirical: [0.6   0.176 0.08  0.112 0.024 0.008 0.    0.   ]
Maxent: [5.64096086e-01 1.77657994e-01 1.38955754e-01 8.37990711e-02
 2.90748046e-02 5.78678011e-03 6.04685236e-04 2.48251670e-05]
True distribution:[0.56612226 0.24603572 0.10692668 0.04647014 0.02019584 0.00877708
 0.0038145  0.00165778]
Computational time for calculating maxent = 0.09899783134460449 seconds
########################################################################
PROCESSING DISEASES: 7 FILE NUMBER: 3
########################################################################
The support is:  0.0452

Partioning the feature graph and Finding the connected components:
The clusters are:
 [[0, 1, 2, 3, 4, 6], [5]]

The constraints are:
two_wayc {(0, 1): (1, 1), (0, 2): (1, 1), (0, 3): (1, 1), (0, 4): (1, 1), (0, 6): (1, 1), (1, 3): (1, 1), (1, 4): (1, 1), (1, 6): (1, 1), (2, 3): (1, 1), (2, 4): (1, 1), (3, 4): (1, 1), (3, 6): (1, 1), (4, 6): (1, 1)}
three_wayc {(0, 1, 3): (1, 1, 1), (0, 2, 3): (1, 1, 1), (0, 3, 4): (1, 1, 1), (0, 3, 6): (1, 1, 1), (0, 4, 6): (1, 1, 1), (2, 3, 4): (1, 1, 1), (3, 4, 6): (1, 1, 1)}
four_wayc {}
The total number of MBA constraints are:  20

[[0, 1, 2, 3, 4, 6], [5]]
Total Probability:  0.9999999999999999
Top 7 elements
(0, 0, 0, 0, 0, 0, 0) : 0.48454284398886016
(0, 0, 0, 0, 0, 1, 0) : 0.05145587723775505
(0, 1, 0, 0, 0, 0, 0) : 0.03626675006989748
(1, 0, 0, 0, 0, 0, 0) : 0.03423404627216491
(0, 0, 0, 0, 1, 0, 0) : 0.033994752733195265
(0, 0, 1, 0, 0, 0, 0) : 0.024259664641739537
(0, 0, 0, 0, 0, 0, 1) : 0.022200394512637823
Bottom 7 elements
(1, 1, 1, 0, 1, 1, 1) : 3.0233317041500566e-05
(0, 1, 1, 1, 0, 1, 1) : 4.243788658328716e-05
(0, 1, 1, 0, 1, 1, 1) : 6.57619641847963e-05
(1, 1, 1, 0, 0, 1, 1) : 9.623003942852147e-05
(1, 0, 1, 0, 1, 1, 1) : 0.00010328784020563207
(0, 1, 1, 1, 1, 1, 0) : 0.00010340358823938861
(1, 0, 1, 1, 0, 1, 1) : 0.00010881083937443775

Empirical: [0.52  0.224 0.112 0.024 0.08  0.032 0.008 0.   ]
Maxent: [0.48454284 0.21888286 0.14054443 0.0761345  0.04303798 0.02643529
 0.00965173 0.00077036]
True distribution:[0.4678912  0.25044411 0.13405307 0.07175344 0.03840685 0.0205577
 0.01100375 0.00588988]
Computational time for calculating maxent = 0.22200274467468262 seconds
########################################################################
PROCESSING DISEASES: 7 FILE NUMBER: 4
########################################################################
The support is:  0.0686

Partioning the feature graph and Finding the connected components:
The clusters are:
 [[0, 5, 2, 3, 1], [4], [6]]

The constraints are:
two_wayc {(0, 5): (1, 1), (1, 2): (1, 1), (2, 5): (1, 1), (3, 5): (1, 1)}
three_wayc {}
four_wayc {}
The total number of MBA constraints are:  4

[[0, 5, 2, 3, 1], [4], [6]]
Total Probability:  0.9999999999999998
Top 7 elements
(0, 0, 0, 0, 0, 0, 0) : 0.3499811791835894
(0, 0, 0, 0, 0, 0, 1) : 0.06666308174925513
(0, 0, 0, 0, 1, 0, 0) : 0.06666308174925513
(0, 1, 0, 0, 0, 0, 0) : 0.03541220835919494
(1, 0, 0, 0, 0, 0, 0) : 0.033051761797729784
(0, 0, 1, 0, 0, 0, 0) : 0.032991785285161356
(0, 0, 0, 0, 0, 1, 0) : 0.028824628324020635
Bottom 7 elements
(1, 1, 1, 1, 1, 0, 1) : 5.6348169137877915e-05
(1, 1, 1, 1, 1, 1, 1) : 7.07786069377196e-05
(1, 1, 0, 1, 1, 1, 1) : 0.00010065589002468999
(1, 0, 1, 1, 1, 0, 1) : 0.00011269647797300355
(1, 1, 0, 1, 1, 0, 1) : 0.00012096438931185612
(0, 1, 1, 1, 1, 1, 1) : 0.00012582813704348935
(1, 0, 1, 1, 1, 1, 1) : 0.0001415573893483381

Empirical: [0.384 0.328 0.144 0.056 0.032 0.048 0.008 0.   ]
Maxent: [3.49981179e-01 2.90626190e-01 1.95477134e-01 1.10178781e-01
 4.22694764e-02 1.00784909e-02 1.31796905e-03 7.07786069e-05]
True distribution:[0.40081044 0.24310382 0.14744992 0.0894329  0.05424379 0.03290052
 0.01995518 0.01210343]
Computational time for calculating maxent = 0.10900354385375977 seconds
########################################################################
PROCESSING DISEASES: 7 FILE NUMBER: 5
########################################################################
The support is:  0.848

Partioning the feature graph and Finding the connected components:
The clusters are:
 [[0], [1], [2], [3], [4], [5], [6]]

The constraints are:
two_wayc {}
three_wayc {}
four_wayc {}
The total number of MBA constraints are:  0

[[0], [1], [2], [3], [4], [5], [6]]
Total Probability:  0.9999999999999996
Top 7 elements
(0, 0, 0, 0, 0, 0, 0) : 0.22573357897126772
(0, 1, 0, 0, 0, 0, 0) : 0.07128428809618978
(1, 0, 0, 0, 0, 0, 0) : 0.06219190441045129
(0, 0, 1, 0, 0, 0, 0) : 0.059283566194474314
(0, 0, 0, 0, 0, 1, 0) : 0.05363966232980616
(0, 0, 0, 0, 1, 0, 0) : 0.05090070898371721
(0, 0, 0, 1, 0, 0, 0) : 0.04558081883073676
Bottom 7 elements
(1, 1, 1, 1, 1, 1, 1) : 8.191560269168653e-06
(1, 0, 1, 1, 1, 1, 1) : 2.5939940852367362e-05
(0, 1, 1, 1, 1, 1, 1) : 2.9732329865871362e-05
(1, 1, 0, 1, 1, 1, 1) : 3.119094102491139e-05
(1, 1, 1, 1, 1, 0, 1) : 3.4472816132751405e-05
(1, 1, 1, 1, 0, 1, 1) : 3.632778901979137e-05
(1, 1, 1, 0, 1, 1, 1) : 4.056772704731136e-05

Empirical: [0.408 0.248 0.144 0.088 0.04  0.056 0.016 0.   ]
Maxent: [2.25733579e-01 3.76016153e-01 2.66421761e-01 1.04047398e-01
 2.41778335e-02 3.34104719e-03 2.54036548e-04 8.19156027e-06]
True distribution:[0.35336532 0.23295278 0.15357194 0.10124086 0.06674209 0.0439991
 0.02900599 0.01912193]
Computational time for calculating maxent = 0.018000125885009766 seconds
########################################################################
PROCESSING DISEASES: 10 FILE NUMBER: 1
########################################################################
The support is:  0.0632

Partioning the feature graph and Finding the connected components:
The clusters are:
 [[0], [1], [2], [3], [4], [5], [6], [7], [8], [9]]

The constraints are:
two_wayc {}
three_wayc {}
four_wayc {}
The total number of MBA constraints are:  0

[[0], [1], [2], [3], [4], [5], [6], [7], [8], [9]]
Total Probability:  1.0000000000000027
Top 7 elements
(0, 0, 0, 0, 0, 0, 0, 0, 0, 0) : 0.6266893621617168
(0, 0, 0, 0, 0, 1, 0, 0, 0, 0) : 0.040001448648620194
(0, 0, 0, 0, 0, 0, 0, 1, 0, 0) : 0.03717648758586454
(0, 0, 0, 0, 0, 0, 0, 0, 0, 1) : 0.034375365856971804
(0, 0, 0, 0, 1, 0, 0, 0, 0, 0) : 0.03437536585697179
(0, 0, 0, 0, 0, 0, 1, 0, 0, 0) : 0.03159778296613698
(0, 0, 0, 0, 0, 0, 0, 0, 1, 0) : 0.028843443446773573
Bottom 7 elements
(1, 1, 1, 1, 1, 1, 1, 1, 1, 1) : 2.8530307435069494e-14
(1, 1, 1, 1, 1, 0, 1, 1, 1, 1) : 4.469748164827552e-13
(1, 1, 1, 1, 1, 1, 1, 0, 1, 1) : 4.809394681911711e-13
(1, 1, 1, 1, 0, 1, 1, 1, 1, 1) : 5.201294509316491e-13
(1, 1, 1, 1, 1, 1, 1, 1, 1, 0) : 5.201294509316511e-13
(1, 1, 1, 1, 1, 1, 0, 1, 1, 1) : 5.658510974622106e-13
(1, 0, 1, 1, 1, 1, 1, 1, 1, 1) : 6.198857706346897e-13

Empirical: [0.704 0.2   0.068 0.016 0.004 0.    0.004 0.    0.004 0.    0.   ]
Maxent: [6.26689362e-01 3.00184179e-01 6.43094334e-02 8.11144820e-03
 6.66791558e-04 3.73089921e-05 1.43819951e-06 3.76901813e-08
 6.42145574e-10 6.41695590e-12 2.85303074e-14]
True distribution:[7.13495965e-01 2.04420016e-01 5.85673153e-02 1.67798168e-02
 4.80749800e-03 1.37737124e-03 3.94623466e-04 1.13061516e-04
 3.23926667e-05 9.28065439e-06 2.65895200e-06]
Computational time for calculating maxent = 0.20299696922302246 seconds
########################################################################
PROCESSING DISEASES: 10 FILE NUMBER: 2
########################################################################
The support is:  0.0298

Partioning the feature graph and Finding the connected components:
The clusters are:
 [[0, 5], [1], [2], [3], [4], [6], [7], [8], [9]]

The constraints are:
two_wayc {(0, 5): (1, 1)}
three_wayc {}
four_wayc {}
The total number of MBA constraints are:  1

[[0, 5], [1], [2], [3], [4], [6], [7], [8], [9]]
Total Probability:  0.9999999999999974
Top 7 elements
(0, 0, 0, 0, 0, 0, 0, 0, 0, 0) : 0.45735448712784715
(0, 0, 0, 0, 0, 1, 0, 0, 0, 0) : 0.048142610158727416
(0, 0, 0, 1, 0, 0, 0, 0, 0, 0) : 0.04633988195568494
(0, 0, 1, 0, 0, 0, 0, 0, 0, 0) : 0.04633988195568494
(0, 0, 0, 0, 0, 0, 0, 0, 0, 1) : 0.04194080449644014
(0, 0, 0, 0, 0, 0, 1, 0, 0, 0) : 0.039769955402421495
(0, 0, 0, 0, 1, 0, 0, 0, 0, 0) : 0.03127210168395536
Bottom 7 elements
(1, 1, 1, 1, 1, 1, 1, 1, 1, 1) : 2.3014085091651185e-11
(1, 1, 1, 1, 1, 0, 1, 1, 1, 1) : 2.5571139444939705e-11
(0, 1, 1, 1, 1, 1, 1, 1, 1, 1) : 5.625638042010657e-11
(1, 1, 0, 1, 1, 1, 1, 1, 1, 1) : 2.2713901373064457e-10
(1, 1, 1, 0, 1, 1, 1, 1, 1, 1) : 2.2713901373064457e-10
(1, 1, 1, 1, 1, 1, 1, 1, 1, 0) : 2.5096311838038716e-10
(1, 1, 0, 1, 1, 0, 1, 1, 1, 1) : 2.523760284348391e-10

Empirical: [0.548 0.276 0.104 0.036 0.02  0.008 0.004 0.    0.    0.004 0.   ]
Maxent: [4.57354487e-01 3.57081885e-01 1.41899984e-01 3.64435424e-02
 6.38339747e-03 7.69568846e-04 6.34953882e-05 3.51332971e-06
 1.24498532e-07 2.55216680e-09 2.30140851e-11]
True distribution:[5.65460862e-01 2.45748278e-01 1.06801761e-01 4.64158541e-02
 2.01722470e-02 8.76682242e-03 3.81004532e-03 1.65583887e-03
 7.19624606e-04 3.12747565e-04 1.35919531e-04]
Computational time for calculating maxent = 0.16900253295898438 seconds
########################################################################
PROCESSING DISEASES: 10 FILE NUMBER: 3
########################################################################
The support is:  0.0267

Partioning the feature graph and Finding the connected components:
The clusters are:
 [[0, 1, 2, 3, 4, 5, 6, 7, 8, 9]]

The constraints are:
two_wayc {(0, 1): (1, 1), (0, 2): (1, 1), (0, 4): (1, 1), (0, 5): (1, 1), (0, 6): (1, 1), (0, 7): (1, 1), (0, 8): (1, 1), (0, 9): (1, 1), (1, 3): (1, 1), (1, 5): (1, 1), (1, 6): (1, 1), (1, 7): (1, 1), (1, 8): (1, 1), (1, 9): (1, 1), (2, 4): (1, 1), (2, 5): (1, 1), (2, 6): (1, 1), (2, 7): (1, 1), (2, 9): (1, 1), (3, 6): (1, 1), (3, 7): (1, 1), (3, 9): (1, 1), (4, 8): (1, 1), (4, 9): (1, 1), (5, 6): (1, 1), (5, 7): (1, 1), (5, 8): (1, 1), (5, 9): (1, 1), (6, 7): (1, 1), (6, 8): (1, 1), (6, 9): (1, 1), (7, 8): (1, 1), (7, 9): (1, 1)}
three_wayc {(1, 5, 6): (1, 1, 1), (1, 6, 7): (1, 1, 1), (2, 5, 6): (1, 1, 1), (2, 6, 7): (1, 1, 1), (2, 6, 9): (1, 1, 1), (5, 6, 7): (1, 1, 1), (5, 6, 9): (1, 1, 1), (6, 7, 9): (1, 1, 1)}
four_wayc {}
The total number of MBA constraints are:  41

[[0, 1, 2, 3, 4, 5, 6, 7, 8, 9]]
Total Probability:  1.0000000000000016
Top 7 elements
(0, 0, 0, 0, 0, 0, 0, 0, 0, 0) : 0.4560010372535398
(0, 0, 0, 0, 0, 0, 0, 0, 0, 1) : 0.02737375496090989
(0, 0, 0, 0, 0, 1, 0, 0, 0, 0) : 0.026270080480917647
(0, 0, 1, 0, 0, 0, 0, 0, 0, 0) : 0.026082028552289097
(0, 0, 0, 1, 0, 0, 0, 0, 0, 0) : 0.02565450894995553
(0, 0, 0, 0, 0, 0, 0, 0, 1, 0) : 0.023412812160354665
(0, 1, 0, 0, 0, 0, 0, 0, 0, 0) : 0.02300219676999129
Bottom 7 elements
(1, 1, 1, 1, 1, 0, 1, 0, 1, 0) : 1.6274246149937128e-06
(1, 1, 1, 1, 1, 0, 0, 1, 1, 1) : 1.7702105488611093e-06
(1, 1, 1, 1, 0, 0, 0, 1, 1, 1) : 2.2614350528289096e-06
(1, 1, 1, 1, 1, 1, 1, 0, 0, 0) : 2.764706175772167e-06
(0, 1, 1, 1, 1, 0, 0, 1, 1, 1) : 2.803731975485779e-06
(1, 1, 1, 1, 1, 0, 0, 1, 1, 0) : 2.8640108697991806e-06
(1, 1, 1, 1, 1, 1, 0, 0, 0, 1) : 3.0772059174070672e-06

Empirical: [0.46  0.252 0.144 0.052 0.028 0.036 0.004 0.02  0.    0.    0.004]
Maxent: [4.56001037e-01 2.17129931e-01 1.53642387e-01 8.31160986e-02
 4.09436719e-02 2.18189510e-02 1.34954704e-02 8.23859787e-03
 4.02988710e-03 1.36108118e-03 2.22886700e-04]
True distribution:[0.46521928 0.24901394 0.13328756 0.07134369 0.03818752 0.02044031
 0.01094091 0.00585625 0.00313462 0.00167784 0.00089808]
Computational time for calculating maxent = 1.6390013694763184 seconds
########################################################################
PROCESSING DISEASES: 10 FILE NUMBER: 4
########################################################################
The support is:  0.0378

Partioning the feature graph and Finding the connected components:
The clusters are:
 [[0, 1, 2, 3, 4, 5, 6, 7, 8, 9]]

The constraints are:
two_wayc {(0, 1): (1, 1), (0, 4): (1, 1), (0, 5): (1, 1), (0, 6): (1, 1), (0, 8): (1, 1), (1, 2): (1, 1), (1, 3): (1, 1), (1, 4): (1, 1), (1, 5): (1, 1), (1, 6): (1, 1), (1, 7): (1, 1), (1, 8): (1, 1), (1, 9): (1, 1), (2, 3): (1, 1), (2, 4): (1, 1), (2, 5): (1, 1), (2, 6): (1, 1), (2, 7): (1, 1), (2, 8): (1, 1), (3, 4): (1, 1), (3, 6): (1, 1), (3, 8): (1, 1), (4, 5): (1, 1), (4, 6): (1, 1), (4, 7): (1, 1), (4, 8): (1, 1), (5, 6): (1, 1), (5, 7): (1, 1), (5, 8): (1, 1), (5, 9): (1, 1), (6, 7): (1, 1), (6, 8): (1, 1), (6, 9): (1, 1), (7, 8): (1, 1), (7, 9): (1, 1)}
three_wayc {(1, 4, 6): (1, 1, 1), (1, 4, 7): (1, 1, 1), (1, 5, 6): (1, 1, 1), (1, 5, 7): (1, 1, 1), (1, 6, 7): (1, 1, 1), (1, 6, 8): (1, 1, 1), (4, 5, 6): (1, 1, 1), (4, 5, 7): (1, 1, 1), (4, 6, 7): (1, 1, 1), (5, 6, 7): (1, 1, 1)}
four_wayc {}
The total number of MBA constraints are:  45

[[0, 1, 2, 3, 4, 5, 6, 7, 8, 9]]
Total Probability:  1.0000000000000013
Top 7 elements
(0, 0, 0, 0, 0, 0, 0, 0, 0, 0) : 0.3759820064532385
(0, 0, 0, 1, 0, 0, 0, 0, 0, 0) : 0.0364938028082042
(0, 1, 0, 0, 0, 0, 0, 0, 0, 0) : 0.03082490029903684
(0, 0, 0, 0, 0, 0, 0, 0, 1, 0) : 0.029190742886512685
(0, 0, 0, 0, 1, 0, 0, 0, 0, 0) : 0.028909543423835588
(0, 0, 0, 0, 0, 1, 0, 0, 0, 0) : 0.023368009097614877
(0, 0, 0, 0, 0, 0, 0, 0, 0, 1) : 0.02223064736839231
Bottom 7 elements
(1, 1, 1, 1, 1, 0, 0, 1, 1, 1) : 2.3991509213106337e-06
(1, 1, 0, 1, 1, 1, 0, 0, 1, 1) : 2.729275991066452e-06
(1, 1, 1, 1, 1, 0, 0, 1, 0, 1) : 2.864518064362337e-06
(1, 1, 1, 1, 0, 0, 0, 1, 1, 1) : 2.999280936432928e-06
(1, 1, 1, 1, 1, 1, 0, 0, 1, 1) : 3.041255561544043e-06
(1, 0, 1, 1, 1, 0, 0, 1, 1, 1) : 3.132726650507413e-06
(1, 1, 1, 1, 0, 0, 0, 1, 0, 1) : 3.5810562587768574e-06

Empirical: [0.38  0.288 0.144 0.08  0.016 0.04  0.024 0.008 0.008 0.008 0.004]
Maxent: [0.37598201 0.24403164 0.16900005 0.09179515 0.04711061 0.02684162
 0.01855169 0.01374609 0.008655   0.00360124 0.0006849 ]
True distribution:[0.39508396 0.23963053 0.14534327 0.08815515 0.0534688  0.03243047
 0.01967007 0.0119305  0.00723622 0.00438899 0.00266205]
Computational time for calculating maxent = 1.6696515083312988 seconds
########################################################################
PROCESSING DISEASES: 10 FILE NUMBER: 5
########################################################################
The support is:  0.0545

Partioning the feature graph and Finding the connected components:
The clusters are:
 [[0, 1, 2, 3, 4, 5, 6, 7, 8, 9]]

The constraints are:
two_wayc {(0, 1): (1, 1), (0, 2): (1, 1), (0, 3): (1, 1), (0, 4): (1, 1), (0, 5): (1, 1), (0, 6): (1, 1), (0, 7): (1, 1), (0, 8): (1, 1), (0, 9): (1, 1), (1, 2): (1, 1), (1, 3): (1, 1), (1, 4): (1, 1), (1, 5): (1, 1), (1, 6): (1, 1), (1, 7): (1, 1), (1, 8): (1, 1), (2, 3): (1, 1), (2, 4): (1, 1), (2, 5): (1, 1), (2, 9): (1, 1), (3, 4): (1, 1), (3, 5): (1, 1), (3, 6): (1, 1), (3, 7): (1, 1), (3, 9): (1, 1), (4, 6): (1, 1), (4, 7): (1, 1), (4, 9): (1, 1), (5, 6): (1, 1), (5, 7): (1, 1), (5, 8): (1, 1), (5, 9): (1, 1), (6, 7): (1, 1), (6, 8): (1, 1), (6, 9): (1, 1), (7, 8): (1, 1), (7, 9): (1, 1), (8, 9): (1, 1)}
three_wayc {}
four_wayc {}
The total number of MBA constraints are:  38

[[0, 1, 2, 3, 4, 5, 6, 7, 8, 9]]
Total Probability:  0.9999999999999989
Top 7 elements
(0, 0, 0, 0, 0, 0, 0, 0, 0, 0) : 0.3679975175637567
(0, 0, 1, 0, 0, 0, 0, 0, 0, 0) : 0.029488661266078155
(0, 0, 0, 0, 0, 1, 0, 0, 0, 0) : 0.027222306237445884
(0, 0, 0, 1, 0, 0, 0, 0, 0, 0) : 0.025147245618147747
(0, 0, 0, 0, 0, 0, 0, 0, 1, 0) : 0.024364412414407222
(1, 0, 0, 0, 0, 0, 0, 0, 0, 0) : 0.01988025536759159
(0, 0, 0, 0, 1, 0, 0, 0, 0, 0) : 0.01975847221818064
Bottom 7 elements
(0, 1, 1, 0, 0, 0, 1, 1, 0, 1) : 2.2249954474494324e-05
(0, 1, 1, 0, 0, 0, 1, 1, 1, 1) : 2.6289545973699612e-05
(0, 0, 1, 1, 1, 1, 0, 1, 1, 0) : 2.774932131785467e-05
(1, 1, 1, 0, 0, 0, 1, 1, 0, 1) : 2.8358634665945075e-05
(0, 0, 1, 1, 0, 1, 1, 1, 1, 0) : 2.846764798116393e-05
(0, 0, 1, 1, 0, 0, 1, 1, 1, 1) : 2.8581759556839167e-05
(0, 0, 1, 0, 0, 0, 1, 1, 1, 1) : 2.9258778393995893e-05

Empirical: [0.372 0.236 0.16  0.068 0.052 0.032 0.028 0.028 0.008 0.012 0.004]
Maxent: [0.36799752 0.20661389 0.1535337  0.10041648 0.0639542  0.04136052
 0.02745018 0.01836398 0.01175147 0.00638633 0.00217174]
True distribution:[0.34427816 0.22696215 0.14962267 0.09863734 0.06502574 0.04286761
 0.02826007 0.01863019 0.01228178 0.00809665 0.00533764]
Computational time for calculating maxent = 1.5709962844848633 seconds
########################################################################
PROCESSING DISEASES: 15 FILE NUMBER: 1
########################################################################
The support is:  0.0086

Partioning the feature graph and Finding the connected components:
The clusters are:
 [[0], [1], [2], [3], [4], [5], [6], [7], [8], [9], [10], [11], [12], [13], [14]]

The constraints are:
two_wayc {}
three_wayc {}
four_wayc {}
The total number of MBA constraints are:  0

[[0], [1], [2], [3], [4], [5], [6], [7], [8], [9], [10], [11], [12], [13], [14]]
Total Probability:  0.9999999999999616
Top 7 elements
(0, 0, 0, 0, 0, 0, 0, 0, 0, 0, 0, 0, 0, 0, 0) : 0.7234355716348186
(0, 0, 0, 0, 0, 1, 0, 0, 0, 0, 0, 0, 0, 0, 0) : 0.02790701018175861
(0, 0, 0, 0, 0, 0, 0, 0, 1, 0, 0, 0, 0, 0, 0) : 0.01909360746250256
(0, 0, 0, 0, 0, 0, 0, 1, 0, 0, 0, 0, 0, 0, 0) : 0.01909360746250256
(0, 0, 0, 1, 0, 0, 0, 0, 0, 0, 0, 0, 0, 0, 0) : 0.01909360746250256
(0, 0, 0, 0, 0, 0, 0, 0, 0, 1, 0, 0, 0, 0, 0) : 0.019093607462502552
(0, 0, 0, 0, 0, 0, 0, 0, 0, 0, 0, 0, 0, 0, 1) : 0.016922469511925584
Bottom 7 elements
(1, 1, 1, 1, 1, 1, 1, 1, 1, 1, 1, 1, 1, 1, 1) : 4.884933081059333e-26
(1, 1, 1, 1, 1, 0, 1, 1, 1, 1, 1, 1, 1, 1, 1) : 1.266324960243836e-24
(1, 1, 1, 1, 1, 1, 1, 0, 1, 1, 1, 1, 1, 1, 1) : 1.850846867379138e-24
(1, 1, 1, 1, 1, 1, 1, 1, 0, 1, 1, 1, 1, 1, 1) : 1.850846867379138e-24
(1, 1, 1, 0, 1, 1, 1, 1, 1, 1, 1, 1, 1, 1, 1) : 1.8508468673791512e-24
(1, 1, 1, 1, 1, 1, 1, 1, 1, 0, 1, 1, 1, 1, 1) : 1.8508468673791512e-24
(1, 1, 1, 1, 1, 1, 1, 1, 1, 1, 1, 1, 1, 1, 0) : 2.0883088921528504e-24

Empirical: [0.77142857 0.15714286 0.05714286 0.00857143 0.00571429 0.
 0.         0.         0.         0.         0.         0.
 0.         0.         0.         0.        ]
Maxent: [7.23435572e-01 2.36962052e-01 3.60074624e-02 3.36756146e-03
 2.16804077e-04 1.01785012e-05 3.60008396e-07 9.76871835e-09
 2.05033117e-10 3.32865755e-12 4.14574080e-14 3.88986266e-16
 2.66141845e-18 1.25342951e-20 3.63306460e-23 4.88493308e-26]
True distribution:[7.13495205e-01 2.04419799e-01 5.85672529e-02 1.67797989e-02
 4.80749287e-03 1.37736977e-03 3.94623046e-04 1.13061396e-04
 3.23926322e-05 9.28064450e-06 2.65894917e-06 7.61801691e-07
 2.18259839e-07 6.25324908e-08 1.79158586e-08 5.13297942e-09]
Computational time for calculating maxent = 8.184112548828125 seconds
########################################################################
PROCESSING DISEASES: 15 FILE NUMBER: 2
########################################################################
The support is:  0.0106

Partioning the feature graph and Finding the connected components:
The clusters are:
 [[0], [1, 2, 8], [3], [4], [5, 9, 11], [6, 13], [7, 10], [12], [14]]

The constraints are:
two_wayc {(1, 2): (1, 1), (1, 8): (1, 1), (5, 9): (1, 1), (6, 13): (1, 1), (7, 10): (1, 1), (9, 11): (1, 1)}
three_wayc {}
four_wayc {}
The total number of MBA constraints are:  6

[[0], [1, 2, 8], [3], [4], [5, 9, 11], [6, 13], [7, 10], [12], [14]]
Total Probability:  0.999999999999996
Top 7 elements
(0, 0, 0, 0, 0, 0, 0, 0, 0, 0, 0, 0, 0, 0, 0) : 0.47102855741003713
(0, 0, 0, 0, 1, 0, 0, 0, 0, 0, 0, 0, 0, 0, 0) : 0.030065652600640674
(0, 0, 0, 0, 0, 0, 0, 0, 0, 0, 0, 0, 0, 1, 0) : 0.0271747160813887
(0, 0, 0, 0, 0, 0, 0, 0, 0, 1, 0, 0, 0, 0, 0) : 0.027169160169365256
(0, 0, 0, 1, 0, 0, 0, 0, 0, 0, 0, 0, 0, 0, 0) : 0.025537692871628517
(0, 0, 0, 0, 0, 0, 0, 0, 0, 0, 0, 0, 0, 0, 1) : 0.02404650293084274
(0, 0, 0, 0, 0, 0, 1, 0, 0, 0, 0, 0, 0, 0, 0) : 0.022645606333871027
Bottom 7 elements
(1, 1, 1, 1, 1, 1, 1, 1, 1, 1, 1, 1, 1, 1, 1) : 2.982139204758033e-16
(1, 1, 1, 1, 1, 1, 1, 1, 1, 1, 0, 1, 1, 1, 1) : 7.753574873130952e-16
(1, 1, 1, 1, 1, 1, 1, 1, 1, 0, 1, 1, 1, 1, 1) : 8.23041228293342e-16
(1, 1, 1, 1, 1, 1, 1, 1, 1, 1, 1, 1, 1, 0, 1) : 8.946428020368037e-16
(1, 1, 1, 1, 1, 1, 1, 0, 1, 1, 1, 1, 1, 1, 1) : 8.94643926166291e-16
(1, 1, 1, 1, 1, 1, 1, 1, 0, 1, 1, 1, 1, 1, 1) : 9.542617209049938e-16
(1, 0, 1, 1, 1, 1, 1, 1, 1, 1, 1, 1, 1, 1, 1) : 9.54264130992812e-16

Empirical: [0.56       0.24857143 0.09428571 0.05714286 0.02857143 0.00857143
 0.         0.00285714 0.         0.         0.         0.
 0.         0.         0.         0.        ]
Maxent: [4.71028557e-01 3.23303858e-01 1.44206073e-01 4.67233923e-02
 1.18360721e-02 2.42923130e-03 4.08931626e-04 5.67749567e-05
 6.46728642e-06 5.96543012e-07 4.36237621e-08 2.43877847e-09
 9.86068614e-11 2.66567921e-12 4.24650423e-14 2.98213920e-16]
True distribution:[5.65402707e-01 2.45723004e-01 1.06790777e-01 4.64110804e-02
 2.01701724e-02 8.76592080e-03 3.80965347e-03 1.65566857e-03
 7.19550597e-04 3.12715400e-04 1.35905553e-04 5.90643097e-05
 2.56692432e-05 1.11558071e-05 4.84829378e-06 2.10705979e-06]
Computational time for calculating maxent = 7.23928427696228 seconds
########################################################################
PROCESSING DISEASES: 15 FILE NUMBER: 3
########################################################################
The support is:  0.0127

Partioning the feature graph and Finding the connected components:
The clusters are:
 [[0, 1, 3, 4, 5, 6, 7, 8, 9, 10, 11, 12, 13, 14, 2]]

The constraints are:
two_wayc {(0, 1): (1, 1), (0, 3): (1, 1), (0, 4): (1, 1), (0, 6): (1, 1), (0, 7): (1, 1), (0, 8): (1, 1), (0, 10): (1, 1), (0, 11): (1, 1), (0, 14): (1, 1), (1, 3): (1, 1), (1, 5): (1, 1), (1, 7): (1, 1), (1, 8): (1, 1), (1, 10): (1, 1), (1, 14): (1, 1), (2, 3): (1, 1), (2, 8): (1, 1), (2, 10): (1, 1), (3, 4): (1, 1), (3, 7): (1, 1), (3, 8): (1, 1), (3, 9): (1, 1), (3, 10): (1, 1), (3, 14): (1, 1), (4, 6): (1, 1), (4, 7): (1, 1), (4, 8): (1, 1), (4, 10): (1, 1), (6, 13): (1, 1), (7, 8): (1, 1), (7, 9): (1, 1), (7, 10): (1, 1), (7, 11): (1, 1), (7, 12): (1, 1), (7, 14): (1, 1), (8, 10): (1, 1), (8, 14): (1, 1), (9, 10): (1, 1), (10, 11): (1, 1), (10, 12): (1, 1), (10, 14): (1, 1), (11, 14): (1, 1), (12, 14): (1, 1)}
three_wayc {(0, 7, 14): (1, 1, 1), (1, 3, 8): (1, 1, 1)}
four_wayc {}
The total number of MBA constraints are:  45

[[0, 1, 3, 4, 5, 6, 7, 8, 9, 10, 11, 12, 13, 14, 2]]
Total Probability:  0.9999999999999932
Top 7 elements
(0, 0, 0, 0, 0, 0, 0, 0, 0, 0, 0, 0, 0, 0, 0) : 0.46285640366742953
(0, 0, 0, 0, 0, 0, 0, 0, 0, 1, 0, 0, 0, 0, 0) : 0.021378192978600767
(0, 0, 0, 0, 0, 0, 0, 0, 0, 0, 0, 1, 0, 0, 0) : 0.0184000586690677
(0, 0, 0, 0, 0, 1, 0, 0, 0, 0, 0, 0, 0, 0, 0) : 0.01838283117500409
(0, 0, 0, 0, 0, 0, 0, 0, 0, 0, 0, 0, 0, 0, 1) : 0.01806742268614004
(0, 0, 0, 0, 1, 0, 0, 0, 0, 0, 0, 0, 0, 0, 0) : 0.01768415027222338
(0, 0, 0, 0, 0, 0, 0, 0, 0, 0, 0, 0, 0, 1, 0) : 0.01684441885926839
Bottom 7 elements
(1, 1, 1, 1, 1, 1, 1, 0, 0, 1, 0, 1, 1, 1, 1) : 3.111482827315006e-11
(1, 1, 1, 1, 1, 1, 0, 0, 0, 1, 0, 1, 1, 1, 1) : 3.681598487497871e-11
(1, 1, 1, 1, 1, 1, 1, 0, 0, 1, 1, 1, 1, 1, 1) : 3.757168569516481e-11
(0, 0, 1, 1, 1, 1, 1, 0, 1, 1, 1, 1, 1, 1, 1) : 4.070729180600816e-11
(1, 1, 1, 0, 1, 1, 1, 0, 1, 1, 0, 1, 1, 1, 1) : 4.1231372553494174e-11
(1, 0, 1, 1, 1, 1, 1, 0, 1, 1, 1, 1, 1, 1, 1) : 4.123286013668829e-11
(1, 1, 1, 1, 1, 1, 0, 0, 0, 1, 1, 1, 1, 1, 1) : 4.4455929505299107e-11

Empirical: [0.46571429 0.28       0.11714286 0.05428571 0.04       0.02285714
 0.01142857 0.00285714 0.         0.         0.00571429 0.
 0.         0.         0.         0.        ]
Maxent: [4.62856404e-01 2.24464274e-01 1.56303419e-01 8.31397050e-02
 3.95274146e-02 1.83039878e-02 8.51838094e-03 3.95986167e-03
 1.79230666e-03 7.54748465e-04 2.76053282e-04 8.17166980e-05
 1.84519999e-05 2.96433001e-06 2.97861728e-07 1.37315734e-08]
True distribution:[4.64759672e-01 2.48767926e-01 1.33155875e-01 7.12732040e-02
 3.81497970e-02 2.04201148e-02 1.09300998e-02 5.85046085e-03
 3.13152603e-03 1.67618510e-03 8.97197230e-04 4.80235071e-04
 2.57051310e-04 1.37589652e-04 7.36464334e-05 3.94200952e-05]
Computational time for calculating maxent = 31.324281215667725 seconds
########################################################################
PROCESSING DISEASES: 15 FILE NUMBER: 4
########################################################################
The support is:  0.0205

Partioning the feature graph and Finding the connected components:
The clusters are:
 [[0, 1, 2, 3, 4, 5, 6, 7, 8, 9, 10, 11, 12, 13, 14]]

The constraints are:
two_wayc {(0, 1): (1, 1), (0, 2): (1, 1), (0, 3): (1, 1), (0, 4): (1, 1), (0, 5): (1, 1), (0, 6): (1, 1), (0, 7): (1, 1), (0, 8): (1, 1), (0, 9): (1, 1), (0, 11): (1, 1), (0, 12): (1, 1), (0, 14): (1, 1), (1, 9): (1, 1), (2, 3): (1, 1), (2, 4): (1, 1), (2, 5): (1, 1), (2, 8): (1, 1), (2, 10): (1, 1), (2, 11): (1, 1), (3, 5): (1, 1), (3, 8): (1, 1), (3, 9): (1, 1), (3, 12): (1, 1), (3, 14): (1, 1), (4, 5): (1, 1), (4, 6): (1, 1), (4, 7): (1, 1), (4, 8): (1, 1), (4, 11): (1, 1), (5, 8): (1, 1), (5, 9): (1, 1), (5, 11): (1, 1), (5, 14): (1, 1), (6, 13): (1, 1), (7, 8): (1, 1), (7, 9): (1, 1), (7, 11): (1, 1), (7, 14): (1, 1), (8, 14): (1, 1), (10, 11): (1, 1), (11, 14): (1, 1)}
three_wayc {(0, 7, 11): (1, 1, 1), (7, 11, 14): (1, 1, 1)}
four_wayc {}
The total number of MBA constraints are:  43

[[0, 1, 2, 3, 4, 5, 6, 7, 8, 9, 10, 11, 12, 13, 14]]
Total Probability:  0.9999999999999954
Top 7 elements
(0, 0, 0, 0, 0, 0, 0, 0, 0, 0, 0, 0, 0, 0, 0) : 0.428573013755867
(0, 0, 0, 0, 1, 0, 0, 0, 0, 0, 0, 0, 0, 0, 0) : 0.016671096962937813
(0, 0, 0, 0, 0, 0, 0, 1, 0, 0, 0, 0, 0, 0, 0) : 0.015727187253679886
(0, 0, 0, 0, 0, 0, 0, 0, 0, 0, 0, 0, 0, 1, 0) : 0.013769734215733541
(0, 0, 1, 0, 0, 0, 0, 0, 0, 0, 0, 0, 0, 0, 0) : 0.012748955467828069
(0, 0, 0, 0, 0, 0, 1, 0, 0, 0, 0, 0, 0, 0, 0) : 0.012346147018392243
(0, 0, 0, 0, 0, 1, 0, 0, 0, 0, 0, 0, 0, 0, 0) : 0.0119700046407348
Bottom 7 elements
(0, 1, 1, 0, 1, 1, 1, 1, 1, 1, 1, 1, 1, 1, 0) : 2.3118979279876873e-10
(0, 1, 1, 0, 1, 1, 1, 1, 1, 1, 1, 0, 1, 1, 1) : 2.8721259879338935e-10
(0, 1, 1, 0, 1, 0, 1, 1, 1, 1, 1, 0, 1, 1, 1) : 3.230254436138939e-10
(0, 1, 0, 0, 1, 1, 1, 1, 1, 1, 1, 1, 1, 1, 0) : 3.283679658669195e-10
(0, 1, 1, 1, 1, 1, 1, 1, 1, 0, 1, 1, 1, 1, 0) : 3.474322200834531e-10
(0, 1, 0, 1, 1, 1, 1, 1, 1, 0, 1, 1, 1, 1, 0) : 3.4878055032505177e-10
(0, 1, 1, 0, 1, 0, 1, 1, 1, 1, 1, 1, 1, 1, 0) : 3.6368904775546326e-10

Empirical: [0.43142857 0.20857143 0.16285714 0.07714286 0.03428571 0.04571429
 0.00857143 0.01428571 0.01142857 0.00285714 0.         0.
 0.00285714 0.         0.         0.        ]
Maxent: [4.28573014e-01 1.70096144e-01 1.58035783e-01 1.09951314e-01
 6.49797020e-02 3.50204525e-02 1.78942660e-02 8.75967140e-03
 4.05235187e-03 1.72157908e-03 6.47181788e-04 2.05601490e-04
 5.20210159e-05 9.67937764e-06 1.16861020e-06 6.89675573e-08]
True distribution:[3.93601379e-01 2.38731304e-01 1.44797855e-01 8.78243387e-02
 5.32681541e-02 3.23087686e-02 1.95962588e-02 1.18857318e-02
 7.20906072e-03 4.37251635e-03 2.65206523e-03 1.60855887e-03
 9.75640275e-04 5.91755739e-04 3.58917999e-04 2.17694771e-04]
Computational time for calculating maxent = 22.108715772628784 seconds
########################################################################
PROCESSING DISEASES: 15 FILE NUMBER: 5
########################################################################
The support is:  0.0295

Partioning the feature graph and Finding the connected components:
Approximating the following clusters through forced partitioning:
 [[0, 1, 2, 3, 4, 5, 6, 7, 8, 9, 10, 11, 12, 13, 14]]
The clusters are:
 [[1, 4, 8, 9, 11, 12, 14], [0, 2, 3, 6, 7, 10, 13], [5]]

The constraints are:
two_wayc {(0, 2): (1, 1), (0, 3): (1, 1), (0, 6): (1, 1), (0, 7): (1, 1), (0, 10): (1, 1), (0, 13): (1, 1), (1, 4): (1, 1), (1, 9): (1, 1), (1, 11): (1, 1), (1, 14): (1, 1), (2, 3): (1, 1), (2, 6): (1, 1), (2, 7): (1, 1), (2, 10): (1, 1), (2, 13): (1, 1), (3, 6): (1, 1), (3, 7): (1, 1), (3, 10): (1, 1), (3, 13): (1, 1), (4, 8): (1, 1), (4, 9): (1, 1), (4, 11): (1, 1), (4, 12): (1, 1), (4, 14): (1, 1), (6, 7): (1, 1), (6, 10): (1, 1), (6, 13): (1, 1), (7, 10): (1, 1), (7, 13): (1, 1), (8, 9): (1, 1), (8, 11): (1, 1), (8, 12): (1, 1), (8, 14): (1, 1), (9, 11): (1, 1), (9, 12): (1, 1), (9, 14): (1, 1), (10, 13): (1, 1), (11, 12): (1, 1), (11, 14): (1, 1), (12, 14): (1, 1)}
three_wayc {(4, 8, 12): (1, 1, 1), (4, 9, 12): (1, 1, 1)}
four_wayc {}
The total number of MBA constraints are:  42

[[1, 4, 8, 9, 11, 12, 14], [0, 2, 3, 6, 7, 10, 13], [5]]
Total Probability:  0.9999999999999927
Top 7 elements
(0, 0, 0, 0, 0, 0, 0, 0, 0, 0, 0, 0, 0, 0, 0) : 0.22523097837971778
(0, 0, 0, 0, 0, 1, 0, 0, 0, 0, 0, 0, 0, 0, 0) : 0.027431978135991273
(0, 0, 0, 0, 1, 0, 0, 0, 0, 0, 0, 0, 0, 0, 0) : 0.019014116765882487
(0, 0, 0, 0, 0, 0, 0, 0, 0, 0, 0, 1, 0, 0, 0) : 0.015613375142024856
(0, 0, 0, 1, 0, 0, 0, 0, 0, 0, 0, 0, 0, 0, 0) : 0.015459150836055353
(0, 0, 1, 0, 0, 0, 0, 0, 0, 0, 0, 0, 0, 0, 0) : 0.015196058825588523
(0, 0, 0, 0, 0, 0, 0, 0, 1, 0, 0, 0, 0, 0, 0) : 0.014954449957484798
Bottom 7 elements
(1, 1, 0, 1, 0, 1, 1, 1, 1, 1, 1, 1, 1, 1, 0) : 1.570644314583938e-09
(1, 1, 0, 1, 0, 1, 0, 1, 1, 1, 1, 1, 1, 1, 0) : 1.7930051481078408e-09
(1, 1, 0, 1, 1, 1, 1, 1, 1, 0, 1, 1, 0, 1, 1) : 2.3658805380975355e-09
(1, 1, 0, 1, 0, 1, 1, 1, 1, 1, 1, 1, 1, 0, 0) : 2.405812079432134e-09
(1, 1, 1, 1, 0, 1, 0, 1, 1, 1, 1, 1, 1, 1, 0) : 2.5956337543633492e-09
(1, 1, 0, 1, 1, 1, 0, 1, 1, 0, 1, 1, 0, 1, 1) : 2.700825352518301e-09
(1, 1, 0, 1, 1, 1, 1, 1, 1, 1, 1, 1, 0, 1, 0) : 2.740589368287747e-09

Empirical: [0.32       0.22571429 0.16857143 0.1        0.04285714 0.02857143
 0.04285714 0.02571429 0.02       0.01142857 0.00571429 0.
 0.         0.00285714 0.00571429 0.        ]
Maxent: [2.25230978e-01 2.20152983e-01 1.98059162e-01 1.49738866e-01
 9.76414935e-02 5.66682585e-02 2.94573641e-02 1.38412433e-02
 5.88277712e-03 2.28240344e-03 7.70383074e-04 2.16871766e-04
 4.84421398e-05 7.91943638e-06 8.17311656e-07 3.68714114e-08]
True distribution:[0.34119358 0.22492867 0.14828212 0.0977536  0.06444314 0.04248354
 0.02800687 0.01846327 0.01217174 0.0080241  0.00528982 0.00348726
 0.00229894 0.00151556 0.00099912 0.00065866]
Computational time for calculating maxent = 10.445584774017334 seconds
