Robust optimizer, learned support with polynomial model of degree 5
###################################################
PROCESSING DISEASES: 4 FILE NUMBER: 1
###################################################
The support is:  0.03631300305157649
No 4 way constraints specified

Partioning the feature graph and Finding the connected components:
The clusters are:
 [[0, 1, 2, 3]]

The constraints are:
two_wayc {(0, 1): (1, 1), (0, 2): (1, 1), (0, 3): (1, 1), (1, 2): (1, 1), (1, 3): (1, 1), (2, 3): (1, 1)}
three_wayc {(0, 1, 3): (1, 1, 1), (0, 2, 3): (1, 1, 1), (1, 2, 3): (1, 1, 1)}
four_wayc {}
The total number of MBA constraints are:  9

Partition num, Total prob:  0 1.0
[[0, 1, 2, 3]]
Total Probability:  1.0000000000000002
Top 7 elements
(0, 0, 0, 0) : 0.6748300115984185
(0, 1, 0, 0) : 0.08207558084368016
(0, 0, 0, 1) : 0.04796188008667827
(1, 0, 0, 0) : 0.04459889783079461
(1, 1, 1, 1) : 0.028154189502440318
(1, 1, 0, 0) : 0.015861696106459235
(1, 0, 1, 0) : 0.013229895447982783
Bottom 7 elements
(1, 1, 1, 0) : 0.006310505193370305
(1, 1, 0, 1) : 0.009672145664097888
(0, 1, 1, 1) : 0.009672662831592812
(1, 0, 1, 1) : 0.00967291211867932
(0, 0, 1, 0) : 0.009864029730347567
(0, 0, 1, 1) : 0.009866828175338717
(0, 1, 0, 1) : 0.012499404735739657

Empirical: [0.68 0.18 0.06 0.06 0.02]
Maxent: [0.67483001 0.18450039 0.07718718 0.03532823 0.02815419]
True distribution:[0.71487524 0.20481518 0.05868053 0.01681225 0.00481679]
Computational time for calculating maxent = 0.14312243461608887 seconds
###################################################
PROCESSING DISEASES: 4 FILE NUMBER: 2
###################################################
The support is:  0.050752971427502055
No 4 way constraints specified

Partioning the feature graph and Finding the connected components:
The clusters are:
 [[0, 1, 2, 3]]

The constraints are:
two_wayc {(0, 1): (1, 1), (0, 2): (1, 1), (0, 3): (1, 1), (1, 2): (1, 1), (1, 3): (1, 1), (2, 3): (1, 1)}
three_wayc {(0, 1, 2): (1, 1, 1), (1, 2, 3): (1, 1, 1)}
four_wayc {}
The total number of MBA constraints are:  8

Partition num, Total prob:  0 1.0
[[0, 1, 2, 3]]
Total Probability:  1.0
Top 7 elements
(0, 0, 0, 0) : 0.5544971930470107
(0, 1, 0, 0) : 0.08181875237972401
(0, 0, 0, 1) : 0.07879468182992495
(1, 0, 0, 0) : 0.06481002967374244
(0, 0, 1, 0) : 0.06197167572643631
(1, 1, 1, 1) : 0.03713784914757763
(1, 1, 1, 0) : 0.020228579784484203
Bottom 7 elements
(1, 1, 0, 1) : 0.0007516886747704317
(1, 0, 1, 1) : 0.0009044328095072219
(0, 0, 1, 1) : 0.001728982223819603
(0, 1, 0, 1) : 0.0018817688333894582
(1, 0, 0, 1) : 0.018573170832754355
(1, 0, 1, 0) : 0.018720196347585948
(1, 1, 0, 0) : 0.01887365308376337

Empirical: [0.56 0.28 0.08 0.04 0.04]
Maxent: [0.55449719 0.28739514 0.07885727 0.04211255 0.03713785]
True distribution:[0.57430574 0.24959225 0.10847234 0.04714189 0.02048778]
Computational time for calculating maxent = 0.16799664497375488 seconds
###################################################
PROCESSING DISEASES: 4 FILE NUMBER: 3
###################################################
The support is:  0.0709495089021287
No 3 way constraints specified
No 4 way constraints specified

Partioning the feature graph and Finding the connected components:
The clusters are:
 [[0, 1, 2, 3]]

The constraints are:
two_wayc {(0, 1): (1, 1), (0, 2): (1, 1), (0, 3): (1, 1), (1, 3): (1, 1), (2, 3): (1, 1)}
three_wayc {}
four_wayc {}
The total number of MBA constraints are:  5

Partition num, Total prob:  0 1.0
[[0, 1, 2, 3]]
Total Probability:  1.0
Top 7 elements
(0, 0, 0, 0) : 0.4800003027351595
(0, 0, 1, 0) : 0.09114589558416085
(0, 0, 0, 1) : 0.07702961623160738
(0, 1, 0, 0) : 0.07291826026304489
(1, 0, 0, 0) : 0.05867282059449455
(0, 0, 1, 1) : 0.028817733725054685
(1, 0, 1, 0) : 0.0271726674422689
Bottom 7 elements
(0, 1, 1, 1) : 0.010117872367289253
(1, 1, 1, 0) : 0.011763078504460393
(0, 1, 1, 0) : 0.012925573420118205
(1, 0, 1, 1) : 0.018368923909904102
(1, 0, 0, 1) : 0.018793161189081312
(1, 1, 1, 1) : 0.019687433635025172
(1, 1, 0, 1) : 0.02014212239743011

Empirical: [0.48 0.3  0.16 0.02 0.04]
Maxent: [0.4800003  0.29976659 0.14015367 0.060392   0.01968743]
True distribution:[0.48609615 0.26018852 0.13926888 0.07454526 0.0399012 ]
Computational time for calculating maxent = 0.1587824821472168 seconds
###################################################
PROCESSING DISEASES: 4 FILE NUMBER: 4
###################################################
The support is:  0.07344677784675427
No 4 way constraints specified

Partioning the feature graph and Finding the connected components:
The clusters are:
 [[0, 1, 2, 3]]

The constraints are:
two_wayc {(0, 1): (1, 1), (0, 2): (1, 1), (0, 3): (1, 1), (1, 2): (1, 1), (1, 3): (1, 1), (2, 3): (1, 1)}
three_wayc {(0, 1, 3): (1, 1, 1), (0, 2, 3): (1, 1, 1)}
four_wayc {}
The total number of MBA constraints are:  8

Partition num, Total prob:  0 1.0
[[0, 1, 2, 3]]
Total Probability:  0.9999999999999999
Top 7 elements
(0, 0, 0, 0) : 0.5144605985077794
(0, 1, 0, 0) : 0.08264592952788528
(0, 0, 1, 0) : 0.06886441371015571
(0, 0, 0, 1) : 0.061486265648764526
(1, 1, 1, 1) : 0.05837343344023707
(1, 0, 0, 0) : 0.039346806791015695
(1, 1, 0, 1) : 0.03829959129435484
Bottom 7 elements
(1, 1, 1, 0) : 0.0033847609273932964
(0, 1, 1, 1) : 0.0042153866575139
(1, 0, 0, 1) : 0.004707762937451417
(0, 1, 1, 0) : 0.014027108130716583
(1, 0, 1, 0) : 0.01732764686698174
(1, 0, 1, 1) : 0.018617403190048926
(0, 1, 0, 1) : 0.0191114573774439

Empirical: [0.52 0.24 0.12 0.06 0.06]
Maxent: [0.5144606  0.25234342 0.11030541 0.06451714 0.05837343]
True distribution:[0.42865553 0.25999272 0.15769356 0.09564598 0.05801222]
Computational time for calculating maxent = 0.29625940322875977 seconds
###################################################
PROCESSING DISEASES: 4 FILE NUMBER: 5
###################################################
The support is:  0.07898185250880939
No 4 way constraints specified

Partioning the feature graph and Finding the connected components:
The clusters are:
 [[0, 1, 2, 3]]

The constraints are:
two_wayc {(0, 1): (1, 1), (0, 2): (1, 1), (0, 3): (1, 1), (1, 2): (1, 1), (1, 3): (1, 1), (2, 3): (1, 1)}
three_wayc {(0, 1, 3): (1, 1, 1), (0, 2, 3): (1, 1, 1)}
four_wayc {}
The total number of MBA constraints are:  8

Partition num, Total prob:  0 0.9999999999999998
[[0, 1, 2, 3]]
Total Probability:  0.9999999999999998
Top 7 elements
(0, 0, 0, 0) : 0.39456800046885504
(0, 0, 1, 0) : 0.12523922145198355
(0, 0, 1, 1) : 0.060557400033465714
(0, 0, 0, 1) : 0.05963467240779902
(0, 1, 0, 0) : 0.053762651539704
(0, 1, 1, 0) : 0.046430130807565355
(1, 1, 1, 1) : 0.04616547611682754
Bottom 7 elements
(1, 1, 1, 0) : 0.004953955609097661
(1, 0, 0, 1) : 0.0121817024054761
(1, 0, 1, 0) : 0.01805374079472089
(1, 1, 0, 0) : 0.018054177892442767
(0, 1, 1, 1) : 0.022450538835374914
(1, 1, 0, 1) : 0.030826211093880857
(1, 0, 1, 1) : 0.030826649358427285

Empirical: [0.4  0.26 0.2  0.1  0.04]
Maxent: [0.394568   0.27757437 0.1926348  0.08905735 0.04616548]
True distribution:[0.3892233  0.25659182 0.16915575 0.11151434 0.07351479]
Computational time for calculating maxent = 0.2803514003753662 seconds
###################################################
PROCESSING DISEASES: 7 FILE NUMBER: 1
###################################################
The support is:  0.057067540943891645
No 3 way constraints specified
No 4 way constraints specified

Partioning the feature graph and Finding the connected components:
The clusters are:
 [[0], [1], [2], [3], [4], [5], [6]]

The constraints are:
two_wayc {}
three_wayc {}
four_wayc {}
The total number of MBA constraints are:  0

[[0], [1], [2], [3], [4], [5], [6]]
Total Probability:  1.0000000000000004
Top 7 elements
(0, 0, 0, 0, 0, 0, 0) : 0.6559032906533043
(1, 0, 0, 0, 0, 0, 0) : 0.06965344679504111
(0, 0, 0, 0, 1, 0, 0) : 0.050889048412756356
(0, 0, 0, 0, 0, 0, 1) : 0.038909517242145156
(0, 0, 1, 0, 0, 0, 0) : 0.038909517242145156
(0, 0, 0, 1, 0, 0, 0) : 0.03307075415058677
(0, 0, 0, 0, 0, 1, 0) : 0.02732930377722102
Bottom 7 elements
(1, 1, 1, 1, 1, 1, 1) : 1.6647192576000004e-09
(0, 1, 1, 1, 1, 1, 1) : 1.5676106342399985e-08
(1, 1, 1, 1, 0, 1, 1) : 2.145638154239997e-08
(1, 1, 0, 1, 1, 1, 1) : 2.8062410342399988e-08
(1, 1, 1, 1, 1, 1, 0) : 2.8062410342399988e-08
(1, 1, 1, 0, 1, 1, 1) : 3.301693194239994e-08
(1, 1, 1, 1, 1, 0, 1) : 3.9953262182399854e-08

Empirical: [0.712 0.192 0.072 0.024 0.    0.    0.    0.   ]
Maxent: [6.55903291e-01 2.86090891e-01 5.24401567e-02 5.24506375e-03
 3.09592991e-04 1.07966401e-05 2.06180765e-07 1.66471926e-09]
True distribution:[7.13527597e-01 2.04429079e-01 5.85699118e-02 1.67805607e-02
 4.80771113e-03 1.37743230e-03 3.94640962e-04 1.13066529e-04]
Computational time for calculating maxent = 0.08498764038085938 seconds
###################################################
PROCESSING DISEASES: 7 FILE NUMBER: 2
###################################################
The support is:  0.048757123124829604
No 3 way constraints specified
No 4 way constraints specified

Partioning the feature graph and Finding the connected components:
The clusters are:
 [[0, 4, 6], [1], [2], [3], [5]]

The constraints are:
two_wayc {(0, 4): (1, 1), (4, 6): (1, 1)}
three_wayc {}
four_wayc {}
The total number of MBA constraints are:  2

Partition num, Total prob:  0 0.9999999999999998
[[0, 4, 6], [1], [2], [3], [5]]
Total Probability:  1.0000000000000002
Top 7 elements
(0, 0, 0, 0, 0, 0, 0) : 0.4732984341633699
(0, 0, 1, 0, 0, 0, 0) : 0.06947499951021943
(0, 0, 0, 0, 0, 1, 0) : 0.054936425393962596
(0, 0, 0, 1, 0, 0, 0) : 0.05026178061911891
(0, 1, 0, 0, 0, 0, 0) : 0.04566914715611463
(0, 0, 0, 0, 1, 0, 0) : 0.04521468806457533
(1, 0, 0, 0, 0, 0, 0) : 0.031300340565148306
Bottom 7 elements
(1, 1, 1, 1, 0, 1, 1) : 9.10402383066462e-07
(1, 1, 1, 1, 1, 1, 1) : 2.3461222431540323e-06
(0, 1, 1, 1, 1, 1, 1) : 3.879104695964709e-06
(0, 1, 1, 1, 0, 1, 1) : 4.560122888109799e-06
(1, 1, 1, 1, 1, 1, 0) : 4.774282635554219e-06
(1, 1, 1, 1, 0, 1, 0) : 5.464601709863931e-06
(1, 1, 0, 1, 0, 1, 1) : 6.2021162346402685e-06

Empirical: [0.6   0.176 0.08  0.112 0.024 0.008 0.    0.   ]
Maxent: [4.73298434e-01 3.22977016e-01 1.40691335e-01 5.01185964e-02
 1.13828426e-02 1.43726379e-03 9.21665019e-05 2.34612224e-06]
True distribution:[0.56612226 0.24603572 0.10692668 0.04647014 0.02019584 0.00877708
 0.0038145  0.00165778]
Computational time for calculating maxent = 0.19298839569091797 seconds
###################################################
PROCESSING DISEASES: 7 FILE NUMBER: 3
###################################################
The support is:  0.0596008729917083
No 4 way constraints specified

Partioning the feature graph and Finding the connected components:
The clusters are:
 [[0, 1, 2, 3, 4, 6], [5]]

The constraints are:
two_wayc {(0, 1): (1, 1), (0, 2): (1, 1), (0, 3): (1, 1), (0, 4): (1, 1), (0, 6): (1, 1), (1, 3): (1, 1), (2, 3): (1, 1), (2, 4): (1, 1), (3, 4): (1, 1), (3, 6): (1, 1), (4, 6): (1, 1)}
three_wayc {(0, 3, 4): (1, 1, 1)}
four_wayc {}
The total number of MBA constraints are:  12

Partition num, Total prob:  0 1.0
[[0, 1, 2, 3, 4, 6], [5]]
Total Probability:  0.9999999999999991
Top 7 elements
(0, 0, 0, 0, 0, 0, 0) : 0.4917744698491018
(0, 1, 0, 0, 0, 0, 0) : 0.05242489315105832
(0, 0, 0, 0, 0, 1, 0) : 0.05222383750609929
(0, 0, 0, 0, 1, 0, 0) : 0.03874667158608502
(1, 0, 0, 0, 0, 0, 0) : 0.0377847578182881
(0, 0, 1, 0, 0, 0, 0) : 0.035732385746640234
(0, 0, 0, 0, 0, 0, 1) : 0.03039243702972409
Bottom 7 elements
(0, 1, 1, 0, 1, 1, 1) : 1.3498820117135299e-05
(0, 1, 1, 0, 0, 1, 1) : 2.4755000213751498e-05
(1, 1, 1, 0, 0, 1, 1) : 3.192301964751766e-05
(0, 1, 1, 1, 0, 1, 1) : 3.542067822240598e-05
(1, 1, 1, 0, 1, 1, 1) : 6.149565710947563e-05
(0, 1, 1, 0, 1, 1, 0) : 6.998164807100125e-05
(0, 1, 0, 0, 1, 1, 1) : 8.419453867748538e-05

Empirical: [0.52  0.224 0.112 0.024 0.08  0.032 0.008 0.   ]
Maxent: [0.49177447 0.26115447 0.10531316 0.05489879 0.03966445 0.03151265
 0.01446015 0.00122186]
True distribution:[0.4678912  0.25044411 0.13405307 0.07175344 0.03840685 0.0205577
 0.01100375 0.00588988]
Computational time for calculating maxent = 0.4883861541748047 seconds
###################################################
PROCESSING DISEASES: 7 FILE NUMBER: 4
###################################################
The support is:  0.06889599393552846
No 3 way constraints specified
No 4 way constraints specified

Partioning the feature graph and Finding the connected components:
The clusters are:
 [[0, 5, 2, 3, 1], [4], [6]]

The constraints are:
two_wayc {(0, 5): (1, 1), (1, 2): (1, 1), (2, 5): (1, 1), (3, 5): (1, 1)}
three_wayc {}
four_wayc {}
The total number of MBA constraints are:  4

Partition num, Total prob:  0 0.9999999999999998
[[0, 5, 2, 3, 1], [4], [6]]
Total Probability:  1.0000000000000002
Top 7 elements
(0, 0, 0, 0, 0, 0, 0) : 0.35463325743243557
(0, 0, 0, 0, 1, 0, 0) : 0.06754919189189253
(0, 0, 0, 0, 0, 0, 1) : 0.0675491918918925
(0, 1, 0, 0, 0, 0, 0) : 0.04468548447435743
(1, 0, 0, 0, 0, 0, 0) : 0.041288134429032695
(0, 0, 0, 1, 0, 0, 0) : 0.033431835906758516
(0, 0, 1, 0, 0, 0, 0) : 0.033325277016422586
Bottom 7 elements
(1, 1, 1, 1, 1, 0, 1) : 2.0795908145057496e-05
(1, 0, 1, 1, 1, 0, 1) : 3.289080836529744e-05
(1, 1, 0, 1, 1, 0, 1) : 4.410291040738472e-05
(1, 1, 0, 1, 1, 1, 1) : 7.321086188955762e-05
(0, 1, 0, 1, 1, 1, 1) : 0.00010417778852046217
(1, 1, 1, 1, 1, 0, 0) : 0.00010917851776155179
(1, 1, 1, 1, 0, 0, 1) : 0.00010917851776155198

Empirical: [0.384 0.328 0.144 0.056 0.032 0.048 0.008 0.   ]
Maxent: [3.54633257e-01 3.12346902e-01 1.82682004e-01 9.53263519e-02
 4.09119305e-02 1.20555175e-02 1.92365283e-03 1.20383989e-04]
True distribution:[0.40081044 0.24310382 0.14744992 0.0894329  0.05424379 0.03290052
 0.01995518 0.01210343]
Computational time for calculating maxent = 0.10999083518981934 seconds
###################################################
PROCESSING DISEASES: 7 FILE NUMBER: 5
###################################################
The support is:  0.09062256579203597
No 3 way constraints specified
No 4 way constraints specified

Partioning the feature graph and Finding the connected components:
The clusters are:
 [[0, 1, 2], [3], [4], [5], [6]]

The constraints are:
two_wayc {(0, 1): (1, 1), (1, 2): (1, 1)}
three_wayc {}
four_wayc {}
The total number of MBA constraints are:  2

Partition num, Total prob:  0 1.0
[[0, 1, 2], [3], [4], [5], [6]]
Total Probability:  0.9999999999999999
Top 7 elements
(0, 0, 0, 0, 0, 0, 0) : 0.2748637565522024
(0, 0, 0, 0, 0, 1, 0) : 0.06531415997280053
(0, 0, 0, 0, 1, 0, 0) : 0.06197908235981031
(0, 0, 0, 1, 0, 0, 0) : 0.05550133545765624
(1, 0, 0, 0, 0, 0, 0) : 0.04614807448281259
(0, 0, 0, 0, 0, 0, 1) : 0.040346973438855405
(0, 0, 1, 0, 0, 0, 0) : 0.0346947089750827
Bottom 7 elements
(1, 0, 1, 1, 1, 1, 1) : 1.2445077951817458e-05
(1, 1, 1, 1, 1, 1, 1) : 3.8881122166001276e-05
(1, 1, 0, 1, 1, 1, 1) : 3.947562039607603e-05
(0, 1, 1, 1, 1, 1, 1) : 5.159011781624583e-05
(1, 0, 1, 1, 1, 0, 1) : 5.237303638056521e-05
(0, 1, 0, 1, 1, 1, 1) : 5.237893850923315e-05
(0, 0, 1, 1, 1, 1, 1) : 5.5101093954686885e-05

Empirical: [0.408 0.248 0.144 0.088 0.04  0.056 0.016 0.   ]
Maxent: [2.74863757e-01 3.36965023e-01 2.24844393e-01 1.14156476e-01
 3.99502030e-02 8.28427036e-03 8.96996637e-04 3.88811222e-05]
True distribution:[0.35336532 0.23295278 0.15357194 0.10124086 0.06674209 0.0439991
 0.02900599 0.01912193]
Computational time for calculating maxent = 0.1389908790588379 seconds
###################################################
PROCESSING DISEASES: 10 FILE NUMBER: 1
###################################################
The support is:  0.0648767189782668
No 3 way constraints specified
No 4 way constraints specified

Partioning the feature graph and Finding the connected components:
The clusters are:
 [[0], [1], [2], [3], [4], [5], [6], [7], [8], [9]]

The constraints are:
two_wayc {}
three_wayc {}
four_wayc {}
The total number of MBA constraints are:  0

[[0], [1], [2], [3], [4], [5], [6], [7], [8], [9]]
Total Probability:  1.0000000000000027
Top 7 elements
(0, 0, 0, 0, 0, 0, 0, 0, 0, 0) : 0.6266893621617168
(0, 0, 0, 0, 0, 1, 0, 0, 0, 0) : 0.040001448648620194
(0, 0, 0, 0, 0, 0, 0, 1, 0, 0) : 0.03717648758586454
(0, 0, 0, 0, 0, 0, 0, 0, 0, 1) : 0.034375365856971804
(0, 0, 0, 0, 1, 0, 0, 0, 0, 0) : 0.03437536585697179
(0, 0, 0, 0, 0, 0, 1, 0, 0, 0) : 0.03159778296613698
(0, 0, 0, 0, 0, 0, 0, 0, 1, 0) : 0.028843443446773573
Bottom 7 elements
(1, 1, 1, 1, 1, 1, 1, 1, 1, 1) : 2.8530307435069494e-14
(1, 1, 1, 1, 1, 0, 1, 1, 1, 1) : 4.469748164827552e-13
(1, 1, 1, 1, 1, 1, 1, 0, 1, 1) : 4.809394681911711e-13
(1, 1, 1, 1, 0, 1, 1, 1, 1, 1) : 5.201294509316491e-13
(1, 1, 1, 1, 1, 1, 1, 1, 1, 0) : 5.201294509316511e-13
(1, 1, 1, 1, 1, 1, 0, 1, 1, 1) : 5.658510974622106e-13
(1, 0, 1, 1, 1, 1, 1, 1, 1, 1) : 6.198857706346897e-13

Empirical: [0.704 0.2   0.068 0.016 0.004 0.    0.004 0.    0.004 0.    0.   ]
Maxent: [6.26689362e-01 3.00184179e-01 6.43094334e-02 8.11144820e-03
 6.66791558e-04 3.73089921e-05 1.43819951e-06 3.76901813e-08
 6.42145574e-10 6.41695590e-12 2.85303074e-14]
True distribution:[7.13495965e-01 2.04420016e-01 5.85673153e-02 1.67798168e-02
 4.80749800e-03 1.37737124e-03 3.94623466e-04 1.13061516e-04
 3.23926667e-05 9.28065439e-06 2.65895200e-06]
Computational time for calculating maxent = 0.2820734977722168 seconds
###################################################
PROCESSING DISEASES: 10 FILE NUMBER: 2
###################################################
The support is:  0.044240358090530285
No 3 way constraints specified
No 4 way constraints specified

Partioning the feature graph and Finding the connected components:
The clusters are:
 [[0], [1], [2], [3], [4], [5], [6], [7], [8], [9]]

The constraints are:
two_wayc {}
three_wayc {}
four_wayc {}
The total number of MBA constraints are:  0

[[0], [1], [2], [3], [4], [5], [6], [7], [8], [9]]
Total Probability:  0.9999999999999999
Top 7 elements
(0, 0, 0, 0, 0, 0, 0, 0, 0, 0) : 0.44676328753151556
(0, 0, 0, 0, 0, 1, 0, 0, 0, 0) : 0.06092226648157029
(0, 0, 0, 1, 0, 0, 0, 0, 0, 0) : 0.04526676481596855
(0, 0, 1, 0, 0, 0, 0, 0, 0, 0) : 0.04526676481596851
(0, 0, 0, 0, 0, 0, 0, 0, 0, 1) : 0.04096955911861061
(0, 0, 0, 0, 0, 0, 1, 0, 0, 0) : 0.038848981524479624
(1, 0, 0, 0, 0, 0, 0, 0, 0, 0) : 0.03466266886020378
Bottom 7 elements
(1, 1, 1, 1, 1, 1, 1, 1, 1, 1) : 5.523352048159949e-12
(1, 1, 1, 1, 1, 0, 1, 1, 1, 1) : 4.0504581686506255e-11
(1, 1, 0, 1, 1, 1, 1, 1, 1, 1) : 5.451308325792652e-11
(1, 1, 1, 0, 1, 1, 1, 1, 1, 1) : 5.451308325792652e-11
(1, 1, 1, 1, 1, 1, 1, 1, 1, 0) : 6.023083900136336e-11
(1, 1, 1, 1, 1, 1, 0, 1, 1, 1) : 6.35185485538393e-11
(0, 1, 1, 1, 1, 1, 1, 1, 1, 1) : 7.118987084295034e-11

Empirical: [0.548 0.276 0.104 0.036 0.02  0.008 0.004 0.    0.    0.004 0.   ]
Maxent: [4.46763288e-01 3.75993643e-01 1.41161891e-01 3.11419091e-02
 4.47170832e-03 4.36778140e-04 2.93953605e-05 1.34618576e-06
 4.01546045e-08 7.04572834e-10 5.52335205e-12]
True distribution:[5.65460862e-01 2.45748278e-01 1.06801761e-01 4.64158541e-02
 2.01722470e-02 8.76682242e-03 3.81004532e-03 1.65583887e-03
 7.19624606e-04 3.12747565e-04 1.35919531e-04]
Computational time for calculating maxent = 0.18399763107299805 seconds
###################################################
PROCESSING DISEASES: 10 FILE NUMBER: 3
###################################################
The support is:  0.04459292195680003
No 3 way constraints specified
No 4 way constraints specified

Partioning the feature graph and Finding the connected components:
The clusters are:
 [[0], [1], [2, 5, 6, 7, 8, 9], [3], [4]]

The constraints are:
two_wayc {(2, 5): (1, 1), (2, 6): (1, 1), (2, 9): (1, 1), (5, 6): (1, 1), (5, 7): (1, 1), (5, 8): (1, 1), (6, 7): (1, 1), (6, 9): (1, 1)}
three_wayc {}
four_wayc {}
The total number of MBA constraints are:  8

Partition num, Total prob:  2 1.0
[[0], [1], [2, 5, 6, 7, 8, 9], [3], [4]]
Total Probability:  1.0
Top 7 elements
(0, 0, 0, 0, 0, 0, 0, 0, 0, 0) : 0.3675309932013768
(0, 1, 0, 0, 0, 0, 0, 0, 0, 0) : 0.05011786270927865
(0, 0, 0, 1, 0, 0, 0, 0, 0, 0) : 0.04449926823514426
(1, 0, 0, 0, 0, 0, 0, 0, 0, 0) : 0.04265984742515979
(0, 0, 0, 0, 1, 0, 0, 0, 0, 0) : 0.03723882309969897
(0, 0, 0, 0, 0, 0, 0, 0, 0, 1) : 0.03452783113675696
(0, 0, 0, 0, 0, 0, 0, 0, 1, 0) : 0.03405920860589527
Bottom 7 elements
(1, 1, 1, 1, 1, 0, 0, 1, 1, 1) : 5.85671534905511e-09
(1, 1, 1, 1, 1, 0, 1, 1, 1, 0) : 1.8962358579847974e-08
(1, 1, 1, 1, 1, 0, 0, 1, 1, 0) : 1.9592687463911533e-08
(1, 1, 0, 1, 1, 0, 0, 1, 1, 1) : 2.5640180651474938e-08
(1, 1, 1, 1, 1, 0, 1, 1, 1, 1) : 2.780027525214995e-08
(1, 1, 0, 1, 1, 0, 1, 1, 1, 1) : 3.9051445570891924e-08
(1, 1, 1, 1, 1, 1, 0, 1, 1, 1) : 4.057886023199304e-08

Empirical: [0.46  0.252 0.144 0.052 0.028 0.036 0.004 0.02  0.    0.    0.004]
Maxent: [3.67530993e-01 3.24247038e-01 1.65843343e-01 7.57918496e-02
 3.69390260e-02 1.94370585e-02 8.01156623e-03 1.92971410e-03
 2.52266535e-04 1.67048209e-05 4.40038779e-07]
True distribution:[0.46521928 0.24901394 0.13328756 0.07134369 0.03818752 0.02044031
 0.01094091 0.00585625 0.00313462 0.00167784 0.00089808]
Computational time for calculating maxent = 0.5093038082122803 seconds
###################################################
PROCESSING DISEASES: 10 FILE NUMBER: 4
###################################################
The support is:  0.04938307009091011
No 3 way constraints specified
No 4 way constraints specified

Partioning the feature graph and Finding the connected components:
The clusters are:
 [[0, 6, 7, 8, 1, 2, 4, 5], [3], [9]]

The constraints are:
two_wayc {(0, 6): (1, 1), (1, 4): (1, 1), (1, 5): (1, 1), (1, 6): (1, 1), (1, 7): (1, 1), (1, 8): (1, 1), (2, 5): (1, 1), (2, 6): (1, 1), (4, 5): (1, 1), (4, 6): (1, 1), (4, 7): (1, 1), (5, 6): (1, 1), (5, 7): (1, 1), (6, 7): (1, 1), (6, 8): (1, 1)}
three_wayc {}
four_wayc {}
The total number of MBA constraints are:  15

Partition num, Total prob:  0 1.0000000000000002
[[0, 6, 7, 8, 1, 2, 4, 5], [3], [9]]
Total Probability:  1.0000000000000018
Top 7 elements
(0, 0, 0, 0, 0, 0, 0, 0, 0, 0) : 0.34576440661854657
(0, 0, 0, 1, 0, 0, 0, 0, 0, 0) : 0.06197663892219228
(0, 0, 0, 0, 0, 0, 0, 0, 0, 1) : 0.04714969181161999
(0, 0, 0, 0, 0, 0, 0, 0, 1, 0) : 0.036728489433747284
(0, 0, 0, 0, 1, 0, 0, 0, 0, 0) : 0.027544128994327673
(0, 1, 0, 0, 0, 0, 0, 0, 0, 0) : 0.02732083483393906
(0, 0, 1, 0, 0, 0, 0, 0, 0, 0) : 0.026520456262731508
Bottom 7 elements
(1, 1, 1, 1, 1, 0, 0, 1, 1, 1) : 9.03479965456031e-08
(1, 0, 1, 1, 1, 0, 0, 1, 1, 1) : 1.3163285979376846e-07
(1, 1, 1, 1, 0, 0, 0, 1, 1, 1) : 1.48451663531067e-07
(1, 0, 1, 1, 1, 1, 0, 1, 1, 1) : 1.7366270385714313e-07
(1, 1, 1, 1, 1, 1, 0, 1, 1, 1) : 2.2281131945998507e-07
(1, 1, 1, 1, 0, 1, 0, 1, 1, 1) : 2.612614188961574e-07
(1, 1, 1, 1, 1, 1, 0, 0, 1, 1) : 2.685467055427306e-07

Empirical: [0.38  0.288 0.144 0.08  0.016 0.04  0.024 0.008 0.008 0.008 0.004]
Maxent: [3.45764407e-01 2.92324372e-01 1.59964998e-01 8.43057877e-02
 4.98013411e-02 3.29303941e-02 2.10478503e-02 1.03100208e-02
 3.07586985e-03 4.50559122e-04 2.44004005e-05]
True distribution:[0.39508396 0.23963053 0.14534327 0.08815515 0.0534688  0.03243047
 0.01967007 0.0119305  0.00723622 0.00438899 0.00266205]
Computational time for calculating maxent = 0.7410032749176025 seconds
###################################################
PROCESSING DISEASES: 10 FILE NUMBER: 5
###################################################
The support is:  0.06495779429940068
No 3 way constraints specified
No 4 way constraints specified

Partioning the feature graph and Finding the connected components:
The clusters are:
 [[0, 1, 3, 4, 5, 6, 7, 8, 9], [2]]

The constraints are:
two_wayc {(0, 1): (1, 1), (0, 3): (1, 1), (0, 4): (1, 1), (0, 5): (1, 1), (0, 6): (1, 1), (0, 8): (1, 1), (0, 9): (1, 1), (1, 3): (1, 1), (1, 5): (1, 1), (1, 7): (1, 1), (3, 9): (1, 1), (4, 6): (1, 1), (5, 8): (1, 1), (5, 9): (1, 1), (6, 8): (1, 1)}
three_wayc {}
four_wayc {}
The total number of MBA constraints are:  15

Partition num, Total prob:  0 1.0
[[0, 1, 3, 4, 5, 6, 7, 8, 9], [2]]
Total Probability:  1.0000000000000013
Top 7 elements
(0, 0, 0, 0, 0, 0, 0, 0, 0, 0) : 0.3208639203731062
(0, 0, 1, 0, 0, 0, 0, 0, 0, 0) : 0.06665289167170804
(0, 0, 0, 0, 1, 0, 0, 0, 0, 0) : 0.027557726975282883
(0, 0, 0, 1, 0, 0, 0, 0, 0, 0) : 0.025805363605031197
(0, 0, 0, 0, 0, 0, 0, 0, 1, 0) : 0.02474682033435109
(0, 0, 0, 0, 0, 1, 0, 0, 0, 0) : 0.02473878872580051
(0, 0, 0, 0, 0, 0, 0, 1, 0, 0) : 0.02255084753037729
Bottom 7 elements
(0, 0, 1, 1, 1, 1, 1, 1, 0, 1) : 2.304766068186869e-06
(0, 0, 1, 1, 1, 1, 0, 1, 1, 1) : 2.335717315495048e-06
(0, 0, 1, 1, 1, 1, 1, 1, 1, 1) : 2.48836206605814e-06
(0, 0, 1, 1, 1, 1, 1, 1, 0, 0) : 2.506319616107259e-06
(0, 0, 1, 1, 1, 1, 0, 1, 1, 0) : 2.539977573564305e-06
(0, 0, 1, 1, 1, 1, 1, 1, 1, 0) : 2.7059712238149117e-06
(0, 0, 1, 1, 1, 0, 0, 1, 1, 1) : 2.884406351490303e-06

Empirical: [0.372 0.236 0.16  0.068 0.052 0.032 0.028 0.028 0.008 0.012 0.004]
Maxent: [3.20863920e-01 2.52503522e-01 1.63357912e-01 1.04512764e-01
 6.63590071e-02 4.27605179e-02 2.65051837e-02 1.45126517e-02
 6.45736195e-03 1.94791096e-03 2.19248344e-04]
True distribution:[0.34427816 0.22696215 0.14962267 0.09863734 0.06502574 0.04286761
 0.02826007 0.01863019 0.01228178 0.00809665 0.00533764]
Computational time for calculating maxent = 2.04685378074646 seconds
###################################################
PROCESSING DISEASES: 15 FILE NUMBER: 1
###################################################
The support is:  0.0335714609026012
No 3 way constraints specified
No 4 way constraints specified

Partioning the feature graph and Finding the connected components:
The clusters are:
 [[0], [1], [2], [3], [4], [5], [6], [7], [8], [9], [10], [11], [12], [13], [14]]

The constraints are:
two_wayc {}
three_wayc {}
four_wayc {}
The total number of MBA constraints are:  0

[[0], [1], [2], [3], [4], [5], [6], [7], [8], [9], [10], [11], [12], [13], [14]]
Total Probability:  0.9999999999999616
Top 7 elements
(0, 0, 0, 0, 0, 0, 0, 0, 0, 0, 0, 0, 0, 0, 0) : 0.7234355716348186
(0, 0, 0, 0, 0, 1, 0, 0, 0, 0, 0, 0, 0, 0, 0) : 0.02790701018175861
(0, 0, 0, 0, 0, 0, 0, 0, 1, 0, 0, 0, 0, 0, 0) : 0.01909360746250256
(0, 0, 0, 0, 0, 0, 0, 1, 0, 0, 0, 0, 0, 0, 0) : 0.01909360746250256
(0, 0, 0, 1, 0, 0, 0, 0, 0, 0, 0, 0, 0, 0, 0) : 0.01909360746250256
(0, 0, 0, 0, 0, 0, 0, 0, 0, 1, 0, 0, 0, 0, 0) : 0.019093607462502552
(0, 0, 0, 0, 0, 0, 0, 0, 0, 0, 0, 0, 0, 0, 1) : 0.016922469511925584
Bottom 7 elements
(1, 1, 1, 1, 1, 1, 1, 1, 1, 1, 1, 1, 1, 1, 1) : 4.884933081059333e-26
(1, 1, 1, 1, 1, 0, 1, 1, 1, 1, 1, 1, 1, 1, 1) : 1.266324960243836e-24
(1, 1, 1, 1, 1, 1, 1, 0, 1, 1, 1, 1, 1, 1, 1) : 1.850846867379138e-24
(1, 1, 1, 1, 1, 1, 1, 1, 0, 1, 1, 1, 1, 1, 1) : 1.850846867379138e-24
(1, 1, 1, 0, 1, 1, 1, 1, 1, 1, 1, 1, 1, 1, 1) : 1.8508468673791512e-24
(1, 1, 1, 1, 1, 1, 1, 1, 1, 0, 1, 1, 1, 1, 1) : 1.8508468673791512e-24
(1, 1, 1, 1, 1, 1, 1, 1, 1, 1, 1, 1, 1, 1, 0) : 2.0883088921528504e-24

Empirical: [0.77142857 0.15714286 0.05714286 0.00857143 0.00571429 0.
 0.         0.         0.         0.         0.         0.
 0.         0.         0.         0.        ]
Maxent: [7.23435572e-01 2.36962052e-01 3.60074624e-02 3.36756146e-03
 2.16804077e-04 1.01785012e-05 3.60008396e-07 9.76871835e-09
 2.05033117e-10 3.32865755e-12 4.14574080e-14 3.88986266e-16
 2.66141845e-18 1.25342951e-20 3.63306460e-23 4.88493308e-26]
True distribution:[7.13495205e-01 2.04419799e-01 5.85672529e-02 1.67797989e-02
 4.80749287e-03 1.37736977e-03 3.94623046e-04 1.13061396e-04
 3.23926322e-05 9.28064450e-06 2.65894917e-06 7.61801691e-07
 2.18259839e-07 6.25324908e-08 1.79158586e-08 5.13297942e-09]
Computational time for calculating maxent = 10.742780923843384 seconds
###################################################
PROCESSING DISEASES: 15 FILE NUMBER: 2
###################################################
The support is:  0.02746689977038198
No 3 way constraints specified
No 4 way constraints specified

Partioning the feature graph and Finding the connected components:
The clusters are:
 [[0], [1], [2], [3], [4], [5], [6], [7], [8], [9], [10], [11], [12], [13], [14]]

The constraints are:
two_wayc {}
three_wayc {}
four_wayc {}
The total number of MBA constraints are:  0

[[0], [1], [2], [3], [4], [5], [6], [7], [8], [9], [10], [11], [12], [13], [14]]
Total Probability:  0.9999999999999982
Top 7 elements
(0, 0, 0, 0, 0, 0, 0, 0, 0, 0, 0, 0, 0, 0, 0) : 0.44586611212170824
(0, 0, 0, 0, 0, 0, 0, 0, 0, 1, 0, 0, 0, 0, 0) : 0.0342973932401314
(0, 0, 0, 0, 0, 0, 0, 0, 0, 0, 0, 0, 0, 1, 0) : 0.029905653861821903
(0, 0, 0, 0, 1, 0, 0, 0, 0, 0, 0, 0, 0, 0, 0) : 0.02845953907159841
(0, 1, 0, 0, 0, 0, 0, 0, 0, 0, 0, 0, 0, 0, 0) : 0.027022188613436877
(0, 0, 0, 0, 0, 0, 0, 0, 1, 0, 0, 0, 0, 0, 0) : 0.027022188613436866
(0, 0, 0, 0, 0, 0, 1, 0, 0, 0, 0, 0, 0, 0, 0) : 0.025593523052303502
Bottom 7 elements
(1, 1, 1, 1, 1, 1, 1, 1, 1, 1, 1, 1, 1, 1, 1) : 4.780623849686964e-20
(1, 1, 1, 1, 1, 1, 1, 1, 1, 0, 1, 1, 1, 1, 1) : 6.214811004593051e-19
(1, 1, 1, 1, 1, 1, 1, 1, 1, 1, 1, 1, 1, 0, 1) : 7.12747555771508e-19
(1, 1, 1, 1, 0, 1, 1, 1, 1, 1, 1, 1, 1, 1, 1) : 7.48964403117624e-19
(1, 1, 1, 1, 1, 1, 1, 1, 0, 1, 1, 1, 1, 1, 1) : 7.888029351983472e-19
(1, 0, 1, 1, 1, 1, 1, 1, 1, 1, 1, 1, 1, 1, 1) : 7.888029351983529e-19
(1, 1, 1, 1, 1, 1, 0, 1, 1, 1, 1, 1, 1, 1, 1) : 8.328349969717803e-19

Empirical: [0.56       0.24857143 0.09428571 0.05714286 0.02857143 0.00857143
 0.         0.00285714 0.         0.         0.         0.
 0.         0.         0.         0.        ]
Maxent: [4.45866112e-01 3.70342511e-01 1.43207329e-01 3.41974821e-02
 5.63962555e-03 6.80327958e-04 6.20158307e-05 4.34960022e-06
 2.36642047e-07 9.98619849e-09 3.24175635e-10 7.94921843e-12
 1.42516284e-13 1.76339464e-15 1.34632335e-17 4.78062385e-20]
True distribution:[5.65402707e-01 2.45723004e-01 1.06790777e-01 4.64110804e-02
 2.01701724e-02 8.76592080e-03 3.80965347e-03 1.65566857e-03
 7.19550597e-04 3.12715400e-04 1.35905553e-04 5.90643097e-05
 2.56692432e-05 1.11558071e-05 4.84829378e-06 2.10705979e-06]
Computational time for calculating maxent = 9.369619846343994 seconds
###################################################
PROCESSING DISEASES: 15 FILE NUMBER: 3
###################################################
The support is:  0.026318748923719784
No 3 way constraints specified
No 4 way constraints specified

Partioning the feature graph and Finding the connected components:
The clusters are:
 [[0], [1, 8], [2], [3], [4], [5], [6], [7], [9], [10], [11], [12], [13], [14]]

The constraints are:
two_wayc {(1, 8): (1, 1)}
three_wayc {}
four_wayc {}
The total number of MBA constraints are:  1

Partition num, Total prob:  1 1.0
[[0], [1, 8], [2], [3], [4], [5], [6], [7], [9], [10], [11], [12], [13], [14]]
Total Probability:  1.0000000000000195
Top 7 elements
(0, 0, 0, 0, 0, 0, 0, 0, 0, 0, 0, 0, 0, 0, 0) : 0.3281611825208362
(1, 0, 0, 0, 0, 0, 0, 0, 0, 0, 0, 0, 0, 0, 0) : 0.030765110861328434
(0, 0, 0, 0, 0, 0, 0, 0, 0, 0, 1, 0, 0, 0, 0) : 0.030765110861328406
(0, 0, 0, 0, 0, 0, 0, 0, 0, 0, 0, 0, 0, 0, 1) : 0.02964696041465499
(0, 0, 0, 0, 0, 0, 0, 0, 0, 1, 0, 0, 0, 0, 0) : 0.02964696041465499
(0, 0, 0, 0, 0, 0, 0, 0, 0, 0, 0, 1, 0, 0, 0) : 0.02853575500181186
(0, 0, 0, 0, 1, 0, 0, 0, 0, 0, 0, 0, 0, 0, 0) : 0.02853575500181186
Bottom 7 elements
(1, 1, 1, 1, 1, 1, 1, 1, 1, 1, 1, 1, 1, 1, 1) : 3.7484951202413596e-17
(1, 1, 1, 1, 1, 1, 1, 1, 0, 1, 1, 1, 1, 1, 1) : 5.521655603667432e-17
(1, 0, 1, 1, 1, 1, 1, 1, 1, 1, 1, 1, 1, 1, 1) : 7.184141220009292e-17
(0, 1, 1, 1, 1, 1, 1, 1, 1, 1, 1, 1, 1, 1, 1) : 3.998394794924107e-16
(1, 1, 1, 1, 1, 1, 1, 1, 1, 1, 0, 1, 1, 1, 1) : 3.998394794924107e-16
(1, 1, 1, 1, 1, 1, 1, 1, 1, 0, 1, 1, 1, 1, 1) : 4.149196322749894e-16
(1, 1, 1, 1, 1, 1, 1, 1, 1, 1, 1, 1, 1, 1, 0) : 4.149196322749924e-16

Empirical: [0.46571429 0.28       0.11714286 0.05428571 0.04       0.02285714
 0.01142857 0.00285714 0.         0.         0.00571429 0.
 0.         0.         0.         0.        ]
Maxent: [3.28161183e-01 3.70741911e-01 2.04721059e-01 7.32428565e-02
 1.88547072e-02 3.66061171e-03 5.47734224e-04 6.37337674e-05
 5.77551988e-06 4.05765566e-07 2.18596434e-08 8.85364196e-10
 2.60748812e-11 5.26974242e-13 6.53466846e-15 3.74849512e-17]
True distribution:[4.64759672e-01 2.48767926e-01 1.33155875e-01 7.12732040e-02
 3.81497970e-02 2.04201148e-02 1.09300998e-02 5.85046085e-03
 3.13152603e-03 1.67618510e-03 8.97197230e-04 4.80235071e-04
 2.57051310e-04 1.37589652e-04 7.36464334e-05 3.94200952e-05]
Computational time for calculating maxent = 12.059125661849976 seconds
###################################################
PROCESSING DISEASES: 15 FILE NUMBER: 4
###################################################
The support is:  0.024404633112419048
No 3 way constraints specified
No 4 way constraints specified

Partioning the feature graph and Finding the connected components:
The clusters are:
 [[0, 1, 2, 3, 4, 5, 6, 7, 8, 9, 11, 12, 14], [10], [13]]

The constraints are:
two_wayc {(0, 1): (1, 1), (0, 2): (1, 1), (0, 3): (1, 1), (0, 4): (1, 1), (0, 6): (1, 1), (0, 7): (1, 1), (0, 8): (1, 1), (0, 11): (1, 1), (2, 3): (1, 1), (2, 5): (1, 1), (2, 8): (1, 1), (3, 9): (1, 1), (3, 12): (1, 1), (4, 5): (1, 1), (4, 6): (1, 1), (4, 7): (1, 1), (4, 8): (1, 1), (4, 11): (1, 1), (5, 9): (1, 1), (5, 14): (1, 1), (7, 8): (1, 1), (7, 11): (1, 1), (7, 14): (1, 1), (8, 14): (1, 1), (11, 14): (1, 1)}
three_wayc {}
four_wayc {}
The total number of MBA constraints are:  25

Partition num, Total prob:  0 0.9999999999999999
[[0, 1, 2, 3, 4, 5, 6, 7, 8, 9, 11, 12, 14], [10], [13]]
Total Probability:  0.9999999999999946
Top 7 elements
(0, 0, 0, 0, 0, 0, 0, 0, 0, 0, 0, 0, 0, 0, 0) : 0.3951069039475847
(0, 0, 0, 0, 0, 0, 0, 0, 0, 0, 0, 0, 0, 1, 0) : 0.03704127224508607
(0, 0, 0, 0, 0, 0, 0, 0, 0, 0, 1, 0, 0, 0, 0) : 0.03302751209468972
(0, 0, 0, 0, 1, 0, 0, 0, 0, 0, 0, 0, 0, 0, 0) : 0.01719394498436554
(0, 0, 0, 0, 0, 0, 0, 1, 0, 0, 0, 0, 0, 0, 0) : 0.016063624735186115
(0, 0, 0, 0, 0, 0, 1, 0, 0, 0, 0, 0, 0, 0, 0) : 0.015414298198484363
(0, 0, 1, 0, 0, 0, 0, 0, 0, 0, 0, 0, 0, 0, 0) : 0.014626396514338417
Bottom 7 elements
(0, 1, 1, 0, 0, 1, 1, 1, 1, 1, 1, 1, 1, 1, 0) : 1.697555050345276e-11
(0, 1, 1, 0, 1, 1, 1, 1, 1, 1, 1, 1, 1, 1, 0) : 1.960902464932521e-11
(0, 1, 1, 0, 1, 0, 1, 1, 1, 1, 1, 1, 1, 1, 0) : 2.325663622424615e-11
(0, 1, 0, 0, 0, 1, 1, 1, 1, 1, 1, 1, 1, 1, 0) : 3.223148261043011e-11
(0, 1, 1, 0, 1, 0, 1, 0, 1, 1, 1, 1, 1, 1, 1) : 3.2732234947957354e-11
(0, 1, 1, 0, 0, 0, 1, 1, 1, 1, 1, 1, 1, 1, 0) : 3.5458973588597614e-11
(0, 1, 1, 0, 1, 0, 1, 1, 1, 1, 1, 0, 1, 1, 1) : 3.626519288897224e-11

Empirical: [0.43142857 0.20857143 0.16285714 0.07714286 0.03428571 0.04571429
 0.00857143 0.01428571 0.01142857 0.00285714 0.         0.
 0.00285714 0.         0.         0.        ]
Maxent: [3.95106904e-01 2.32486158e-01 1.53189574e-01 9.87388808e-02
 5.78292325e-02 3.17426286e-02 1.65866068e-02 8.21913224e-03
 3.78291636e-03 1.56304408e-03 5.55591828e-04 1.60372047e-04
 3.40241543e-05 4.59670143e-06 3.28895080e-07 9.24186671e-09]
True distribution:[3.93601379e-01 2.38731304e-01 1.44797855e-01 8.78243387e-02
 5.32681541e-02 3.23087686e-02 1.95962588e-02 1.18857318e-02
 7.20906072e-03 4.37251635e-03 2.65206523e-03 1.60855887e-03
 9.75640275e-04 5.91755739e-04 3.58917999e-04 2.17694771e-04]
Computational time for calculating maxent = 23.678142070770264 seconds
###################################################
PROCESSING DISEASES: 15 FILE NUMBER: 5
###################################################
The support is:  0.02418770468700314
No 4 way constraints specified

Partioning the feature graph and Finding the connected components:
Approximating the following clusters through forced partitioning:
 [[0, 1, 2, 3, 4, 5, 6, 7, 8, 9, 10, 11, 12, 13, 14]]
The clusters are:
 [[0, 3, 4, 6, 11, 13, 14], [1, 2, 7, 8, 9, 10, 12], [5]]

The constraints are:
two_wayc {(0, 3): (1, 1), (0, 4): (1, 1), (0, 6): (1, 1), (0, 11): (1, 1), (0, 13): (1, 1), (0, 14): (1, 1), (1, 2): (1, 1), (1, 7): (1, 1), (1, 8): (1, 1), (1, 9): (1, 1), (1, 12): (1, 1), (2, 7): (1, 1), (2, 8): (1, 1), (2, 9): (1, 1), (2, 10): (1, 1), (2, 12): (1, 1), (3, 4): (1, 1), (3, 6): (1, 1), (3, 11): (1, 1), (3, 13): (1, 1), (3, 14): (1, 1), (4, 6): (1, 1), (4, 11): (1, 1), (4, 13): (1, 1), (4, 14): (1, 1), (6, 11): (1, 1), (6, 13): (1, 1), (6, 14): (1, 1), (7, 8): (1, 1), (7, 9): (1, 1), (7, 10): (1, 1), (7, 12): (1, 1), (8, 9): (1, 1), (8, 10): (1, 1), (8, 12): (1, 1), (9, 10): (1, 1), (9, 12): (1, 1), (10, 12): (1, 1), (11, 13): (1, 1), (11, 14): (1, 1), (13, 14): (1, 1)}
three_wayc {(0, 4, 6): (1, 1, 1), (1, 2, 9): (1, 1, 1), (2, 7, 12): (1, 1, 1), (2, 8, 9): (1, 1, 1), (2, 8, 10): (1, 1, 1), (2, 8, 12): (1, 1, 1), (3, 4, 6): (1, 1, 1), (8, 9, 12): (1, 1, 1), (11, 13, 14): (1, 1, 1)}
four_wayc {}
The total number of MBA constraints are:  50

Partition num, Total prob:  0 1.0000000000000004
Partition num, Total prob:  1 1.0
[[0, 3, 4, 6, 11, 13, 14], [1, 2, 7, 8, 9, 10, 12], [5]]
Total Probability:  1.0000000000000007
Top 7 elements
(0, 0, 0, 0, 0, 0, 0, 0, 0, 0, 0, 0, 0, 0, 0) : 0.2161757011069532
(0, 0, 0, 0, 0, 1, 0, 0, 0, 0, 0, 0, 0, 0, 0) : 0.0263290918014879
(0, 0, 1, 0, 0, 0, 0, 0, 0, 0, 0, 0, 0, 0, 0) : 0.020622791051126285
(0, 0, 0, 0, 0, 0, 0, 0, 0, 0, 0, 0, 0, 1, 0) : 0.020063804121620947
(0, 0, 0, 0, 0, 0, 0, 0, 0, 0, 0, 1, 0, 0, 0) : 0.019327869154595854
(0, 0, 0, 0, 1, 0, 0, 0, 0, 0, 0, 0, 0, 0, 0) : 0.019005435930454954
(0, 0, 0, 0, 0, 0, 0, 0, 0, 0, 0, 0, 0, 0, 1) : 0.01738175764366419
Bottom 7 elements
(1, 1, 0, 1, 1, 1, 0, 1, 1, 1, 1, 1, 1, 1, 0) : 1.7894503724243318e-10
(1, 1, 0, 1, 1, 1, 0, 1, 1, 1, 1, 1, 0, 1, 0) : 1.8710811493474077e-10
(1, 1, 0, 1, 1, 1, 0, 1, 0, 1, 1, 1, 1, 1, 0) : 1.9552763705559832e-10
(1, 1, 0, 0, 1, 1, 0, 1, 1, 1, 1, 1, 1, 1, 0) : 2.4948396133423717e-10
(1, 1, 0, 1, 1, 1, 0, 1, 1, 0, 1, 1, 1, 1, 0) : 2.5443894046785505e-10
(1, 1, 0, 0, 1, 1, 0, 1, 1, 1, 1, 1, 0, 1, 0) : 2.608648690740642e-10
(1, 1, 0, 0, 1, 1, 0, 1, 0, 1, 1, 1, 1, 1, 0) : 2.7260330990272483e-10

Empirical: [0.32       0.22571429 0.16857143 0.1        0.04285714 0.02857143
 0.04285714 0.02571429 0.02       0.01142857 0.00571429 0.
 0.         0.00285714 0.00571429 0.        ]
Maxent: [2.16175701e-01 2.52467920e-01 2.02894348e-01 1.37075316e-01
 8.42473416e-02 4.94624739e-02 2.87100395e-02 1.62442624e-02
 7.47114305e-03 3.17906932e-03 1.29432954e-03 5.06625090e-04
 1.88721697e-04 6.44481002e-05 1.69022153e-05 1.35869878e-06]
True distribution:[0.34119358 0.22492867 0.14828212 0.0977536  0.06444314 0.04248354
 0.02800687 0.01846327 0.01217174 0.0080241  0.00528982 0.00348726
 0.00229894 0.00151556 0.00099912 0.00065866]
Computational time for calculating maxent = 21.787525415420532 seconds
