Robust optimizer, learned support with random forest regressor
###################################################
PROCESSING DISEASES: 4 FILE NUMBER: 1
###################################################
The support is:  0.03337029592111696
No 4 way constraints specified

Partioning the feature graph and Finding the connected components:
The clusters are:
 [[0, 1, 2, 3]]

The constraints are:
two_wayc {(0, 1): (1, 1), (0, 2): (1, 1), (0, 3): (1, 1), (1, 2): (1, 1), (1, 3): (1, 1), (2, 3): (1, 1)}
three_wayc {(0, 1, 3): (1, 1, 1), (0, 2, 3): (1, 1, 1), (1, 2, 3): (1, 1, 1)}
four_wayc {}
The total number of MBA constraints are:  9

Partition num, Total prob:  0 1.0
[[0, 1, 2, 3]]
Total Probability:  1.0000000000000002
Top 7 elements
(0, 0, 0, 0) : 0.6748300115984185
(0, 1, 0, 0) : 0.08207558084368016
(0, 0, 0, 1) : 0.04796188008667827
(1, 0, 0, 0) : 0.04459889783079461
(1, 1, 1, 1) : 0.028154189502440318
(1, 1, 0, 0) : 0.015861696106459235
(1, 0, 1, 0) : 0.013229895447982783
Bottom 7 elements
(1, 1, 1, 0) : 0.006310505193370305
(1, 1, 0, 1) : 0.009672145664097888
(0, 1, 1, 1) : 0.009672662831592812
(1, 0, 1, 1) : 0.00967291211867932
(0, 0, 1, 0) : 0.009864029730347567
(0, 0, 1, 1) : 0.009866828175338717
(0, 1, 0, 1) : 0.012499404735739657

Empirical: [0.68 0.18 0.06 0.06 0.02]
Maxent: [0.67483001 0.18450039 0.07718718 0.03532823 0.02815419]
True distribution:[0.71487524 0.20481518 0.05868053 0.01681225 0.00481679]
Computational time for calculating maxent = 0.31299567222595215 seconds
###################################################
PROCESSING DISEASES: 4 FILE NUMBER: 2
###################################################
The support is:  0.06021037844697996
No 3 way constraints specified
No 4 way constraints specified

Partioning the feature graph and Finding the connected components:
The clusters are:
 [[0, 1, 2], [3]]

The constraints are:
two_wayc {(0, 1): (1, 1), (0, 2): (1, 1), (1, 2): (1, 1)}
three_wayc {}
four_wayc {}
The total number of MBA constraints are:  3

Partition num, Total prob:  0 1.0
[[0, 1, 2], [3]]
Total Probability:  1.0000000000000002
Top 7 elements
(0, 0, 0, 0) : 0.5366725084077943
(0, 0, 0, 1) : 0.10222333493481801
(0, 1, 0, 0) : 0.06560084317504765
(1, 0, 0, 0) : 0.06533277072772045
(0, 0, 1, 0) : 0.048800818524663905
(1, 1, 1, 0) : 0.04347990778213524
(0, 1, 1, 0) : 0.03772626286878908
Bottom 7 elements
(1, 1, 0, 1) : 0.004036795946455725
(1, 0, 1, 1) : 0.004036897103801294
(0, 1, 1, 1) : 0.007185954832150302
(1, 1, 1, 1) : 0.00828188719659719
(0, 0, 1, 1) : 0.009295394004697888
(1, 0, 0, 1) : 0.012444337281470565
(0, 1, 0, 1) : 0.012495398700009071

Empirical: [0.56 0.28 0.08 0.04 0.04]
Maxent: [0.53667251 0.28195777 0.11434828 0.05873956 0.00828189]
True distribution:[0.57430574 0.24959225 0.10847234 0.04714189 0.02048778]
Computational time for calculating maxent = 0.17861676216125488 seconds
###################################################
PROCESSING DISEASES: 4 FILE NUMBER: 3
###################################################
The support is:  0.05050373330299238
No 4 way constraints specified

Partioning the feature graph and Finding the connected components:
The clusters are:
 [[0, 1, 2, 3]]

The constraints are:
two_wayc {(0, 1): (1, 1), (0, 2): (1, 1), (0, 3): (1, 1), (1, 2): (1, 1), (1, 3): (1, 1), (2, 3): (1, 1)}
three_wayc {(0, 1, 3): (1, 1, 1)}
four_wayc {}
The total number of MBA constraints are:  7

Partition num, Total prob:  0 1.0
[[0, 1, 2, 3]]
Total Probability:  1.0
Top 7 elements
(0, 0, 0, 0) : 0.4744608010013111
(0, 0, 1, 0) : 0.08597704695993931
(0, 0, 0, 1) : 0.08435169450044808
(0, 1, 0, 0) : 0.08191222263840185
(1, 0, 0, 0) : 0.06688718064405687
(0, 0, 1, 1) : 0.033013345262203266
(1, 0, 1, 0) : 0.03267320318678136
Bottom 7 elements
(0, 1, 1, 1) : 0.006366596880844189
(1, 1, 1, 0) : 0.006707482683121083
(1, 0, 1, 1) : 0.010641728057068107
(1, 0, 0, 1) : 0.011994144355993205
(1, 1, 0, 0) : 0.013731270954000376
(0, 1, 0, 1) : 0.016267155928463884
(0, 1, 1, 0) : 0.017650230077931053

Empirical: [0.48 0.3  0.16 0.02 0.04]
Maxent: [0.4744608  0.31912814 0.12532935 0.05411246 0.02696924]
True distribution:[0.48609615 0.26018852 0.13926888 0.07454526 0.0399012 ]
Computational time for calculating maxent = 0.2023329734802246 seconds
###################################################
PROCESSING DISEASES: 4 FILE NUMBER: 4
###################################################
The support is:  0.030067768595041334

Partioning the feature graph and Finding the connected components:
The clusters are:
 [[0, 1, 2, 3]]

The constraints are:
two_wayc {(0, 1): (1, 1), (0, 2): (1, 1), (0, 3): (1, 1), (1, 2): (1, 1), (1, 3): (1, 1), (2, 3): (1, 1)}
three_wayc {(0, 1, 2): (1, 1, 1), (0, 1, 3): (1, 1, 1), (0, 2, 3): (1, 1, 1), (1, 2, 3): (1, 1, 1)}
four_wayc {(0, 1, 2, 3): (1, 1, 1, 1)}
The total number of MBA constraints are:  11

Partition num, Total prob:  0 0.9999999999999999
[[0, 1, 2, 3]]
Total Probability:  0.9999999999999999
Top 7 elements
(0, 0, 0, 0) : 0.5144570668680287
(0, 1, 0, 0) : 0.08161710441977225
(0, 0, 1, 0) : 0.0665543139315793
(0, 0, 0, 1) : 0.05990202795906386
(1, 1, 1, 1) : 0.057366274297032824
(1, 0, 0, 0) : 0.04193858917388297
(1, 1, 0, 1) : 0.039308899734079555
Bottom 7 elements
(1, 1, 1, 0) : 0.0026318623804283134
(0, 1, 1, 1) : 0.0026323732408231717
(1, 0, 0, 1) : 0.0037011666476834027
(1, 0, 1, 0) : 0.017049163287088512
(0, 1, 1, 0) : 0.017368261846833183
(1, 1, 0, 0) : 0.018381971026510558
(1, 0, 1, 1) : 0.019624862963070835

Empirical: [0.52 0.24 0.12 0.06 0.06]
Maxent: [0.51445707 0.25001204 0.11396663 0.064198   0.05736627]
True distribution:[0.42865553 0.25999272 0.15769356 0.09564598 0.05801222]
Computational time for calculating maxent = 0.5395355224609375 seconds
###################################################
PROCESSING DISEASES: 4 FILE NUMBER: 5
###################################################
The support is:  0.02779657534246575

Partioning the feature graph and Finding the connected components:
The clusters are:
 [[0, 1, 2, 3]]

The constraints are:
two_wayc {(0, 1): (1, 1), (0, 2): (1, 1), (0, 3): (1, 1), (1, 2): (1, 1), (1, 3): (1, 1), (2, 3): (1, 1)}
three_wayc {(0, 1, 2): (1, 1, 1), (0, 1, 3): (1, 1, 1), (0, 2, 3): (1, 1, 1), (1, 2, 3): (1, 1, 1)}
four_wayc {(0, 1, 2, 3): (1, 1, 1, 1)}
The total number of MBA constraints are:  11

Partition num, Total prob:  0 1.0
[[0, 1, 2, 3]]
Total Probability:  0.9999999999999999
Top 7 elements
(0, 0, 0, 0) : 0.39456843999527275
(0, 0, 1, 0) : 0.12126736904681878
(0, 0, 0, 1) : 0.060419305880979206
(0, 0, 1, 1) : 0.060419305880979206
(0, 1, 1, 0) : 0.05451899076765532
(0, 1, 0, 0) : 0.049646176390964705
(1, 0, 0, 0) : 0.03918617149114048
Bottom 7 elements
(1, 1, 1, 0) : 0.0018769847840932896
(1, 0, 0, 1) : 0.00413921728326061
(1, 1, 0, 0) : 0.017805519599662527
(1, 0, 1, 0) : 0.021130689249278935
(0, 1, 1, 1) : 0.02187611984022375
(0, 1, 0, 1) : 0.03728433217112875
(1, 1, 1, 1) : 0.03812356970871711

Empirical: [0.4  0.26 0.2  0.1  0.04]
Maxent: [0.39456844 0.27051902 0.19529805 0.10149091 0.03812357]
True distribution:[0.3892233  0.25659182 0.16915575 0.11151434 0.07351479]
Computational time for calculating maxent = 0.4043741226196289 seconds
###################################################
PROCESSING DISEASES: 7 FILE NUMBER: 1
###################################################
The support is:  0.06352915317969379
No 3 way constraints specified
No 4 way constraints specified

Partioning the feature graph and Finding the connected components:
The clusters are:
 [[0], [1], [2], [3], [4], [5], [6]]

The constraints are:
two_wayc {}
three_wayc {}
four_wayc {}
The total number of MBA constraints are:  0

[[0], [1], [2], [3], [4], [5], [6]]
Total Probability:  1.0000000000000004
Top 7 elements
(0, 0, 0, 0, 0, 0, 0) : 0.6559032906533043
(1, 0, 0, 0, 0, 0, 0) : 0.06965344679504111
(0, 0, 0, 0, 1, 0, 0) : 0.050889048412756356
(0, 0, 0, 0, 0, 0, 1) : 0.038909517242145156
(0, 0, 1, 0, 0, 0, 0) : 0.038909517242145156
(0, 0, 0, 1, 0, 0, 0) : 0.03307075415058677
(0, 0, 0, 0, 0, 1, 0) : 0.02732930377722102
Bottom 7 elements
(1, 1, 1, 1, 1, 1, 1) : 1.6647192576000004e-09
(0, 1, 1, 1, 1, 1, 1) : 1.5676106342399985e-08
(1, 1, 1, 1, 0, 1, 1) : 2.145638154239997e-08
(1, 1, 0, 1, 1, 1, 1) : 2.8062410342399988e-08
(1, 1, 1, 1, 1, 1, 0) : 2.8062410342399988e-08
(1, 1, 1, 0, 1, 1, 1) : 3.301693194239994e-08
(1, 1, 1, 1, 1, 0, 1) : 3.9953262182399854e-08

Empirical: [0.712 0.192 0.072 0.024 0.    0.    0.    0.   ]
Maxent: [6.55903291e-01 2.86090891e-01 5.24401567e-02 5.24506375e-03
 3.09592991e-04 1.07966401e-05 2.06180765e-07 1.66471926e-09]
True distribution:[7.13527597e-01 2.04429079e-01 5.85699118e-02 1.67805607e-02
 4.80771113e-03 1.37743230e-03 3.94640962e-04 1.13066529e-04]
Computational time for calculating maxent = 0.06698894500732422 seconds
###################################################
PROCESSING DISEASES: 7 FILE NUMBER: 2
###################################################
The support is:  0.06304762358865519
No 3 way constraints specified
No 4 way constraints specified

Partioning the feature graph and Finding the connected components:
The clusters are:
 [[0, 4], [1], [2], [3], [5], [6]]

The constraints are:
two_wayc {(0, 4): (1, 1)}
three_wayc {}
four_wayc {}
The total number of MBA constraints are:  1

Partition num, Total prob:  0 1.0
[[0, 4], [1], [2], [3], [5], [6]]
Total Probability:  0.9999999999999994
Top 7 elements
(0, 0, 0, 0, 0, 0, 0) : 0.4474795594336332
(0, 0, 1, 0, 0, 0, 0) : 0.06568507294438654
(0, 0, 0, 0, 1, 0, 0) : 0.06042131903912968
(0, 0, 0, 0, 0, 0, 1) : 0.05193959171997528
(0, 0, 0, 0, 0, 1, 0) : 0.05193959171997528
(0, 0, 0, 1, 0, 0, 0) : 0.04751995321419113
(0, 1, 0, 0, 0, 0, 0) : 0.043177852226052305
Bottom 7 elements
(1, 1, 1, 1, 0, 1, 1) : 6.629908743377261e-07
(1, 1, 1, 1, 1, 1, 1) : 7.404948355860499e-07
(0, 1, 1, 1, 1, 1, 1) : 1.2244046840780383e-06
(1, 1, 0, 1, 0, 1, 1) : 4.516625331425764e-06
(1, 1, 0, 1, 1, 1, 1) : 5.044621067429971e-06
(1, 1, 1, 1, 0, 0, 1) : 5.711921378909635e-06
(1, 1, 1, 1, 0, 1, 0) : 5.711921378909635e-06

Empirical: [0.6   0.176 0.08  0.112 0.024 0.008 0.    0.   ]
Maxent: [4.47479559e-01 3.53400328e-01 1.50943013e-01 4.07246026e-02
 6.75931916e-03 6.58098595e-04 3.43385245e-05 7.40494836e-07]
True distribution:[0.56612226 0.24603572 0.10692668 0.04647014 0.02019584 0.00877708
 0.0038145  0.00165778]
Computational time for calculating maxent = 0.20600652694702148 seconds
###################################################
PROCESSING DISEASES: 7 FILE NUMBER: 3
###################################################
The support is:  0.056057378608854756
No 4 way constraints specified

Partioning the feature graph and Finding the connected components:
The clusters are:
 [[0, 1, 2, 3, 4, 6], [5]]

The constraints are:
two_wayc {(0, 1): (1, 1), (0, 2): (1, 1), (0, 3): (1, 1), (0, 4): (1, 1), (0, 6): (1, 1), (1, 3): (1, 1), (2, 3): (1, 1), (2, 4): (1, 1), (3, 4): (1, 1), (3, 6): (1, 1), (4, 6): (1, 1)}
three_wayc {(0, 3, 4): (1, 1, 1)}
four_wayc {}
The total number of MBA constraints are:  12

Partition num, Total prob:  0 1.0
[[0, 1, 2, 3, 4, 6], [5]]
Total Probability:  0.9999999999999991
Top 7 elements
(0, 0, 0, 0, 0, 0, 0) : 0.4917744698491018
(0, 1, 0, 0, 0, 0, 0) : 0.05242489315105832
(0, 0, 0, 0, 0, 1, 0) : 0.05222383750609929
(0, 0, 0, 0, 1, 0, 0) : 0.03874667158608502
(1, 0, 0, 0, 0, 0, 0) : 0.0377847578182881
(0, 0, 1, 0, 0, 0, 0) : 0.035732385746640234
(0, 0, 0, 0, 0, 0, 1) : 0.03039243702972409
Bottom 7 elements
(0, 1, 1, 0, 1, 1, 1) : 1.3498820117135299e-05
(0, 1, 1, 0, 0, 1, 1) : 2.4755000213751498e-05
(1, 1, 1, 0, 0, 1, 1) : 3.192301964751766e-05
(0, 1, 1, 1, 0, 1, 1) : 3.542067822240598e-05
(1, 1, 1, 0, 1, 1, 1) : 6.149565710947563e-05
(0, 1, 1, 0, 1, 1, 0) : 6.998164807100125e-05
(0, 1, 0, 0, 1, 1, 1) : 8.419453867748538e-05

Empirical: [0.52  0.224 0.112 0.024 0.08  0.032 0.008 0.   ]
Maxent: [0.49177447 0.26115447 0.10531316 0.05489879 0.03966445 0.03151265
 0.01446015 0.00122186]
True distribution:[0.4678912  0.25044411 0.13405307 0.07175344 0.03840685 0.0205577
 0.01100375 0.00588988]
Computational time for calculating maxent = 0.25928401947021484 seconds
###################################################
PROCESSING DISEASES: 7 FILE NUMBER: 4
###################################################
The support is:  0.08514755510750008
No 3 way constraints specified
No 4 way constraints specified

Partioning the feature graph and Finding the connected components:
The clusters are:
 [[0], [1], [2], [3], [4], [5], [6]]

The constraints are:
two_wayc {}
three_wayc {}
four_wayc {}
The total number of MBA constraints are:  0

[[0], [1], [2], [3], [4], [5], [6]]
Total Probability:  1.0000000000000004
Top 7 elements
(0, 0, 0, 0, 0, 0, 0) : 0.26786154365992304
(0, 0, 0, 0, 0, 1, 0) : 0.06365026780037777
(0, 0, 1, 0, 0, 0, 0) : 0.06040015200174735
(0, 1, 0, 0, 0, 0, 0) : 0.05721314524775056
(1, 0, 0, 0, 0, 0, 0) : 0.05721314524775056
(0, 0, 0, 0, 0, 0, 1) : 0.05102124641141392
(0, 0, 0, 0, 1, 0, 0) : 0.05102124641141392
Bottom 7 elements
(1, 1, 1, 1, 1, 1, 1) : 4.258218482073602e-06
(1, 1, 1, 1, 1, 0, 1) : 1.79200027787264e-05
(1, 1, 0, 1, 1, 1, 1) : 1.8884273268326384e-05
(0, 1, 1, 1, 1, 1, 1) : 1.9936204711526407e-05
(1, 0, 1, 1, 1, 1, 1) : 1.9936204711526407e-05
(1, 1, 1, 1, 0, 1, 1) : 2.2355647030886398e-05
(1, 1, 1, 1, 1, 1, 0) : 2.2355647030886398e-05

Empirical: [0.384 0.328 0.144 0.056 0.032 0.048 0.008 0.   ]
Maxent: [2.67861544e-01 3.88532121e-01 2.41168271e-01 8.30411024e-02
 1.71304383e-02 2.11712035e-03 1.45144356e-04 4.25821848e-06]
True distribution:[0.40081044 0.24310382 0.14744992 0.0894329  0.05424379 0.03290052
 0.01995518 0.01210343]
Computational time for calculating maxent = 0.0500645637512207 seconds
###################################################
PROCESSING DISEASES: 7 FILE NUMBER: 5
###################################################
The support is:  0.08794693934303419
No 3 way constraints specified
No 4 way constraints specified

Partioning the feature graph and Finding the connected components:
The clusters are:
 [[0, 1, 2, 5], [3], [4], [6]]

The constraints are:
two_wayc {(0, 1): (1, 1), (1, 2): (1, 1), (1, 5): (1, 1), (2, 5): (1, 1)}
three_wayc {}
four_wayc {}
The total number of MBA constraints are:  4

Partition num, Total prob:  0 1.0
[[0, 1, 2, 5], [3], [4], [6]]
Total Probability:  1.0
Top 7 elements
(0, 0, 0, 0, 0, 0, 0) : 0.3117530989689347
(0, 0, 0, 0, 1, 0, 0) : 0.07029726741456371
(0, 0, 0, 1, 0, 0, 0) : 0.06295014498411183
(0, 0, 0, 0, 0, 0, 1) : 0.045761922784430774
(1, 0, 0, 0, 0, 0, 0) : 0.042785922490777215
(0, 0, 0, 0, 0, 1, 0) : 0.03198434862141941
(0, 1, 0, 0, 0, 0, 0) : 0.029820000793422063
Bottom 7 elements
(1, 0, 1, 1, 1, 1, 1) : 3.246800537864979e-05
(1, 1, 0, 1, 1, 1, 1) : 5.539779870186131e-05
(1, 0, 1, 1, 1, 0, 1) : 5.614239021047067e-05
(1, 0, 0, 1, 1, 1, 1) : 7.197074323030734e-05
(0, 1, 0, 1, 1, 1, 1) : 7.350485850848508e-05
(1, 1, 1, 1, 1, 1, 1) : 9.289250764577737e-05
(0, 0, 1, 1, 1, 1, 1) : 9.643712098311964e-05

Empirical: [0.408 0.248 0.144 0.088 0.04  0.056 0.016 0.   ]
Maxent: [3.11753099e-01 3.08549715e-01 1.96966818e-01 1.15104374e-01
 5.19374028e-02 1.37701380e-02 1.82556124e-03 9.28925076e-05]
True distribution:[0.35336532 0.23295278 0.15357194 0.10124086 0.06674209 0.0439991
 0.02900599 0.01912193]
Computational time for calculating maxent = 0.11600136756896973 seconds
###################################################
PROCESSING DISEASES: 10 FILE NUMBER: 1
###################################################
The support is:  0.054734852302807765
No 3 way constraints specified
No 4 way constraints specified

Partioning the feature graph and Finding the connected components:
The clusters are:
 [[0], [1], [2], [3], [4], [5], [6], [7], [8], [9]]

The constraints are:
two_wayc {}
three_wayc {}
four_wayc {}
The total number of MBA constraints are:  0

[[0], [1], [2], [3], [4], [5], [6], [7], [8], [9]]
Total Probability:  1.0000000000000027
Top 7 elements
(0, 0, 0, 0, 0, 0, 0, 0, 0, 0) : 0.6266893621617168
(0, 0, 0, 0, 0, 1, 0, 0, 0, 0) : 0.040001448648620194
(0, 0, 0, 0, 0, 0, 0, 1, 0, 0) : 0.03717648758586454
(0, 0, 0, 0, 0, 0, 0, 0, 0, 1) : 0.034375365856971804
(0, 0, 0, 0, 1, 0, 0, 0, 0, 0) : 0.03437536585697179
(0, 0, 0, 0, 0, 0, 1, 0, 0, 0) : 0.03159778296613698
(0, 0, 0, 0, 0, 0, 0, 0, 1, 0) : 0.028843443446773573
Bottom 7 elements
(1, 1, 1, 1, 1, 1, 1, 1, 1, 1) : 2.8530307435069494e-14
(1, 1, 1, 1, 1, 0, 1, 1, 1, 1) : 4.469748164827552e-13
(1, 1, 1, 1, 1, 1, 1, 0, 1, 1) : 4.809394681911711e-13
(1, 1, 1, 1, 0, 1, 1, 1, 1, 1) : 5.201294509316491e-13
(1, 1, 1, 1, 1, 1, 1, 1, 1, 0) : 5.201294509316511e-13
(1, 1, 1, 1, 1, 1, 0, 1, 1, 1) : 5.658510974622106e-13
(1, 0, 1, 1, 1, 1, 1, 1, 1, 1) : 6.198857706346897e-13

Empirical: [0.704 0.2   0.068 0.016 0.004 0.    0.004 0.    0.004 0.    0.   ]
Maxent: [6.26689362e-01 3.00184179e-01 6.43094334e-02 8.11144820e-03
 6.66791558e-04 3.73089921e-05 1.43819951e-06 3.76901813e-08
 6.42145574e-10 6.41695590e-12 2.85303074e-14]
True distribution:[7.13495965e-01 2.04420016e-01 5.85673153e-02 1.67798168e-02
 4.80749800e-03 1.37737124e-03 3.94623466e-04 1.13061516e-04
 3.23926667e-05 9.28065439e-06 2.65895200e-06]
Computational time for calculating maxent = 0.3494529724121094 seconds
###################################################
PROCESSING DISEASES: 10 FILE NUMBER: 2
###################################################
The support is:  0.04917528489335292
No 3 way constraints specified
No 4 way constraints specified

Partioning the feature graph and Finding the connected components:
The clusters are:
 [[0], [1], [2], [3], [4], [5], [6], [7], [8], [9]]

The constraints are:
two_wayc {}
three_wayc {}
four_wayc {}
The total number of MBA constraints are:  0

[[0], [1], [2], [3], [4], [5], [6], [7], [8], [9]]
Total Probability:  0.9999999999999999
Top 7 elements
(0, 0, 0, 0, 0, 0, 0, 0, 0, 0) : 0.44676328753151556
(0, 0, 0, 0, 0, 1, 0, 0, 0, 0) : 0.06092226648157029
(0, 0, 0, 1, 0, 0, 0, 0, 0, 0) : 0.04526676481596855
(0, 0, 1, 0, 0, 0, 0, 0, 0, 0) : 0.04526676481596851
(0, 0, 0, 0, 0, 0, 0, 0, 0, 1) : 0.04096955911861061
(0, 0, 0, 0, 0, 0, 1, 0, 0, 0) : 0.038848981524479624
(1, 0, 0, 0, 0, 0, 0, 0, 0, 0) : 0.03466266886020378
Bottom 7 elements
(1, 1, 1, 1, 1, 1, 1, 1, 1, 1) : 5.523352048159949e-12
(1, 1, 1, 1, 1, 0, 1, 1, 1, 1) : 4.0504581686506255e-11
(1, 1, 0, 1, 1, 1, 1, 1, 1, 1) : 5.451308325792652e-11
(1, 1, 1, 0, 1, 1, 1, 1, 1, 1) : 5.451308325792652e-11
(1, 1, 1, 1, 1, 1, 1, 1, 1, 0) : 6.023083900136336e-11
(1, 1, 1, 1, 1, 1, 0, 1, 1, 1) : 6.35185485538393e-11
(0, 1, 1, 1, 1, 1, 1, 1, 1, 1) : 7.118987084295034e-11

Empirical: [0.548 0.276 0.104 0.036 0.02  0.008 0.004 0.    0.    0.004 0.   ]
Maxent: [4.46763288e-01 3.75993643e-01 1.41161891e-01 3.11419091e-02
 4.47170832e-03 4.36778140e-04 2.93953605e-05 1.34618576e-06
 4.01546045e-08 7.04572834e-10 5.52335205e-12]
True distribution:[5.65460862e-01 2.45748278e-01 1.06801761e-01 4.64158541e-02
 2.01722470e-02 8.76682242e-03 3.81004532e-03 1.65583887e-03
 7.19624606e-04 3.12747565e-04 1.35919531e-04]
Computational time for calculating maxent = 0.29031801223754883 seconds
###################################################
PROCESSING DISEASES: 10 FILE NUMBER: 3
###################################################
The support is:  0.046778225103557766
No 3 way constraints specified
No 4 way constraints specified

Partioning the feature graph and Finding the connected components:
The clusters are:
 [[0], [1], [2, 5, 6, 7, 8, 9], [3], [4]]

The constraints are:
two_wayc {(2, 5): (1, 1), (2, 6): (1, 1), (2, 9): (1, 1), (5, 6): (1, 1), (5, 7): (1, 1), (5, 8): (1, 1), (6, 7): (1, 1), (6, 9): (1, 1)}
three_wayc {}
four_wayc {}
The total number of MBA constraints are:  8

Partition num, Total prob:  2 1.0
[[0], [1], [2, 5, 6, 7, 8, 9], [3], [4]]
Total Probability:  1.0
Top 7 elements
(0, 0, 0, 0, 0, 0, 0, 0, 0, 0) : 0.3675309932013768
(0, 1, 0, 0, 0, 0, 0, 0, 0, 0) : 0.05011786270927865
(0, 0, 0, 1, 0, 0, 0, 0, 0, 0) : 0.04449926823514426
(1, 0, 0, 0, 0, 0, 0, 0, 0, 0) : 0.04265984742515979
(0, 0, 0, 0, 1, 0, 0, 0, 0, 0) : 0.03723882309969897
(0, 0, 0, 0, 0, 0, 0, 0, 0, 1) : 0.03452783113675696
(0, 0, 0, 0, 0, 0, 0, 0, 1, 0) : 0.03405920860589527
Bottom 7 elements
(1, 1, 1, 1, 1, 0, 0, 1, 1, 1) : 5.85671534905511e-09
(1, 1, 1, 1, 1, 0, 1, 1, 1, 0) : 1.8962358579847974e-08
(1, 1, 1, 1, 1, 0, 0, 1, 1, 0) : 1.9592687463911533e-08
(1, 1, 0, 1, 1, 0, 0, 1, 1, 1) : 2.5640180651474938e-08
(1, 1, 1, 1, 1, 0, 1, 1, 1, 1) : 2.780027525214995e-08
(1, 1, 0, 1, 1, 0, 1, 1, 1, 1) : 3.9051445570891924e-08
(1, 1, 1, 1, 1, 1, 0, 1, 1, 1) : 4.057886023199304e-08

Empirical: [0.46  0.252 0.144 0.052 0.028 0.036 0.004 0.02  0.    0.    0.004]
Maxent: [3.67530993e-01 3.24247038e-01 1.65843343e-01 7.57918496e-02
 3.69390260e-02 1.94370585e-02 8.01156623e-03 1.92971410e-03
 2.52266535e-04 1.67048209e-05 4.40038779e-07]
True distribution:[0.46521928 0.24901394 0.13328756 0.07134369 0.03818752 0.02044031
 0.01094091 0.00585625 0.00313462 0.00167784 0.00089808]
Computational time for calculating maxent = 0.743323564529419 seconds
###################################################
PROCESSING DISEASES: 10 FILE NUMBER: 4
###################################################
The support is:  0.04071806121233231
No 4 way constraints specified

Partioning the feature graph and Finding the connected components:
The clusters are:
 [[0, 1, 2, 3, 4, 5, 6, 7, 8, 9]]

The constraints are:
two_wayc {(0, 1): (1, 1), (0, 6): (1, 1), (0, 8): (1, 1), (1, 2): (1, 1), (1, 3): (1, 1), (1, 4): (1, 1), (1, 5): (1, 1), (1, 6): (1, 1), (1, 7): (1, 1), (1, 8): (1, 1), (1, 9): (1, 1), (2, 4): (1, 1), (2, 5): (1, 1), (2, 6): (1, 1), (2, 8): (1, 1), (3, 4): (1, 1), (3, 8): (1, 1), (4, 5): (1, 1), (4, 6): (1, 1), (4, 7): (1, 1), (4, 8): (1, 1), (5, 6): (1, 1), (5, 7): (1, 1), (5, 8): (1, 1), (5, 9): (1, 1), (6, 7): (1, 1), (6, 8): (1, 1), (6, 9): (1, 1), (7, 8): (1, 1), (7, 9): (1, 1)}
three_wayc {(1, 4, 6): (1, 1, 1), (1, 5, 6): (1, 1, 1), (1, 5, 7): (1, 1, 1), (1, 6, 7): (1, 1, 1), (4, 6, 7): (1, 1, 1), (5, 6, 7): (1, 1, 1)}
four_wayc {}
The total number of MBA constraints are:  36

Partition num, Total prob:  0 1.0000000000000002
[[0, 1, 2, 3, 4, 5, 6, 7, 8, 9]]
Total Probability:  1.0000000000000016
Top 7 elements
(0, 0, 0, 0, 0, 0, 0, 0, 0, 0) : 0.37951946061420877
(0, 0, 0, 1, 0, 0, 0, 0, 0, 0) : 0.045010168251236854
(0, 0, 0, 0, 0, 0, 0, 0, 1, 0) : 0.03224509750328754
(0, 1, 0, 0, 0, 0, 0, 0, 0, 0) : 0.03223208682207916
(0, 0, 0, 0, 1, 0, 0, 0, 0, 0) : 0.031716824381608465
(0, 0, 0, 0, 0, 1, 0, 0, 0, 0) : 0.028748464584952158
(0, 0, 0, 0, 0, 0, 0, 0, 0, 1) : 0.027052483024563537
Bottom 7 elements
(1, 0, 1, 1, 1, 1, 0, 1, 0, 1) : 7.716112798268567e-07
(1, 0, 1, 1, 0, 1, 0, 1, 0, 1) : 1.074692382494867e-06
(1, 1, 1, 1, 0, 0, 0, 1, 0, 1) : 1.101198365238006e-06
(1, 0, 1, 1, 1, 0, 0, 1, 0, 1) : 1.2063630878873655e-06
(1, 1, 1, 1, 1, 0, 0, 1, 0, 1) : 1.4421325774920476e-06
(1, 0, 0, 1, 1, 1, 0, 1, 1, 1) : 1.5030413420610735e-06
(1, 0, 1, 1, 1, 1, 0, 1, 1, 1) : 1.591467311160776e-06

Empirical: [0.38  0.288 0.144 0.08  0.016 0.04  0.024 0.008 0.008 0.008 0.004]
Maxent: [0.37951946 0.2814932  0.14914245 0.07371139 0.03936219 0.02463027
 0.01847617 0.01494689 0.01105921 0.00605953 0.00159925]
True distribution:[0.39508396 0.23963053 0.14534327 0.08815515 0.0534688  0.03243047
 0.01967007 0.0119305  0.00723622 0.00438899 0.00266205]
Computational time for calculating maxent = 6.042606353759766 seconds
###################################################
PROCESSING DISEASES: 10 FILE NUMBER: 5
###################################################
The support is:  0.050039293268852744
No 4 way constraints specified

Partioning the feature graph and Finding the connected components:
The clusters are:
 [[0, 1, 2, 3, 4, 5, 6, 7, 8, 9]]

The constraints are:
two_wayc {(0, 1): (1, 1), (0, 2): (1, 1), (0, 3): (1, 1), (0, 4): (1, 1), (0, 5): (1, 1), (0, 6): (1, 1), (0, 7): (1, 1), (0, 8): (1, 1), (0, 9): (1, 1), (1, 2): (1, 1), (1, 3): (1, 1), (1, 4): (1, 1), (1, 5): (1, 1), (1, 6): (1, 1), (1, 7): (1, 1), (1, 8): (1, 1), (1, 9): (1, 1), (2, 3): (1, 1), (2, 4): (1, 1), (2, 5): (1, 1), (2, 9): (1, 1), (3, 4): (1, 1), (3, 5): (1, 1), (3, 6): (1, 1), (3, 7): (1, 1), (3, 9): (1, 1), (4, 5): (1, 1), (4, 6): (1, 1), (4, 7): (1, 1), (4, 8): (1, 1), (4, 9): (1, 1), (5, 6): (1, 1), (5, 7): (1, 1), (5, 8): (1, 1), (5, 9): (1, 1), (6, 7): (1, 1), (6, 8): (1, 1), (6, 9): (1, 1), (7, 8): (1, 1), (7, 9): (1, 1), (8, 9): (1, 1)}
three_wayc {(0, 1, 5): (1, 1, 1), (0, 1, 7): (1, 1, 1)}
four_wayc {}
The total number of MBA constraints are:  43

Partition num, Total prob:  0 0.9999999999999997
[[0, 1, 2, 3, 4, 5, 6, 7, 8, 9]]
Total Probability:  1.0000000000000007
Top 7 elements
(0, 0, 0, 0, 0, 0, 0, 0, 0, 0) : 0.37167605160716083
(0, 0, 0, 0, 0, 1, 0, 0, 0, 0) : 0.03344440908110908
(0, 0, 1, 0, 0, 0, 0, 0, 0, 0) : 0.029980188312367748
(0, 0, 0, 1, 0, 0, 0, 0, 0, 0) : 0.027391019324456967
(0, 0, 0, 0, 0, 0, 0, 0, 1, 0) : 0.02626240380898548
(1, 0, 0, 0, 0, 0, 0, 0, 0, 0) : 0.024909882946023757
(0, 1, 0, 0, 0, 0, 0, 0, 0, 0) : 0.023334349566689658
Bottom 7 elements
(0, 1, 1, 0, 0, 0, 1, 1, 0, 1) : 5.15875910796623e-06
(1, 0, 0, 1, 1, 1, 0, 1, 1, 0) : 6.067840604589504e-06
(1, 0, 1, 1, 1, 1, 0, 1, 1, 0) : 6.536255068947538e-06
(1, 1, 1, 0, 0, 0, 1, 1, 0, 1) : 7.306078317290937e-06
(1, 1, 1, 0, 0, 0, 1, 0, 0, 1) : 7.614164204933679e-06
(0, 1, 1, 0, 0, 0, 1, 1, 1, 1) : 7.795828763749963e-06
(1, 1, 1, 0, 0, 0, 1, 0, 1, 1) : 7.924914684921267e-06

Empirical: [0.372 0.236 0.16  0.068 0.052 0.032 0.028 0.028 0.008 0.012 0.004]
Maxent: [0.37167605 0.23391341 0.15129905 0.08809125 0.05126531 0.03188575
 0.02220253 0.01734299 0.01454412 0.01146533 0.00631421]
True distribution:[0.34427816 0.22696215 0.14962267 0.09863734 0.06502574 0.04286761
 0.02826007 0.01863019 0.01228178 0.00809665 0.00533764]
Computational time for calculating maxent = 5.814482688903809 seconds
###################################################
PROCESSING DISEASES: 15 FILE NUMBER: 1
###################################################
The support is:  0.022689568776935946
No 3 way constraints specified
No 4 way constraints specified

Partioning the feature graph and Finding the connected components:
The clusters are:
 [[0], [1], [2], [3], [4], [5], [6], [7], [8], [9], [10], [11], [12], [13], [14]]

The constraints are:
two_wayc {}
three_wayc {}
four_wayc {}
The total number of MBA constraints are:  0

[[0], [1], [2], [3], [4], [5], [6], [7], [8], [9], [10], [11], [12], [13], [14]]
Total Probability:  0.9999999999999616
Top 7 elements
(0, 0, 0, 0, 0, 0, 0, 0, 0, 0, 0, 0, 0, 0, 0) : 0.7234355716348186
(0, 0, 0, 0, 0, 1, 0, 0, 0, 0, 0, 0, 0, 0, 0) : 0.02790701018175861
(0, 0, 0, 0, 0, 0, 0, 0, 1, 0, 0, 0, 0, 0, 0) : 0.01909360746250256
(0, 0, 0, 0, 0, 0, 0, 1, 0, 0, 0, 0, 0, 0, 0) : 0.01909360746250256
(0, 0, 0, 1, 0, 0, 0, 0, 0, 0, 0, 0, 0, 0, 0) : 0.01909360746250256
(0, 0, 0, 0, 0, 0, 0, 0, 0, 1, 0, 0, 0, 0, 0) : 0.019093607462502552
(0, 0, 0, 0, 0, 0, 0, 0, 0, 0, 0, 0, 0, 0, 1) : 0.016922469511925584
Bottom 7 elements
(1, 1, 1, 1, 1, 1, 1, 1, 1, 1, 1, 1, 1, 1, 1) : 4.884933081059333e-26
(1, 1, 1, 1, 1, 0, 1, 1, 1, 1, 1, 1, 1, 1, 1) : 1.266324960243836e-24
(1, 1, 1, 1, 1, 1, 1, 0, 1, 1, 1, 1, 1, 1, 1) : 1.850846867379138e-24
(1, 1, 1, 1, 1, 1, 1, 1, 0, 1, 1, 1, 1, 1, 1) : 1.850846867379138e-24
(1, 1, 1, 0, 1, 1, 1, 1, 1, 1, 1, 1, 1, 1, 1) : 1.8508468673791512e-24
(1, 1, 1, 1, 1, 1, 1, 1, 1, 0, 1, 1, 1, 1, 1) : 1.8508468673791512e-24
(1, 1, 1, 1, 1, 1, 1, 1, 1, 1, 1, 1, 1, 1, 0) : 2.0883088921528504e-24

Empirical: [0.77142857 0.15714286 0.05714286 0.00857143 0.00571429 0.
 0.         0.         0.         0.         0.         0.
 0.         0.         0.         0.        ]
Maxent: [7.23435572e-01 2.36962052e-01 3.60074624e-02 3.36756146e-03
 2.16804077e-04 1.01785012e-05 3.60008396e-07 9.76871835e-09
 2.05033117e-10 3.32865755e-12 4.14574080e-14 3.88986266e-16
 2.66141845e-18 1.25342951e-20 3.63306460e-23 4.88493308e-26]
True distribution:[7.13495205e-01 2.04419799e-01 5.85672529e-02 1.67797989e-02
 4.80749287e-03 1.37736977e-03 3.94623046e-04 1.13061396e-04
 3.23926322e-05 9.28064450e-06 2.65894917e-06 7.61801691e-07
 2.18259839e-07 6.25324908e-08 1.79158586e-08 5.13297942e-09]
Computational time for calculating maxent = 11.76068925857544 seconds
###################################################
PROCESSING DISEASES: 15 FILE NUMBER: 2
###################################################
The support is:  0.022845137110709544
No 3 way constraints specified
No 4 way constraints specified

Partioning the feature graph and Finding the connected components:
The clusters are:
 [[0], [1], [2], [3], [4], [5], [6], [7], [8], [9], [10], [11], [12], [13], [14]]

The constraints are:
two_wayc {}
three_wayc {}
four_wayc {}
The total number of MBA constraints are:  0

[[0], [1], [2], [3], [4], [5], [6], [7], [8], [9], [10], [11], [12], [13], [14]]
Total Probability:  0.9999999999999982
Top 7 elements
(0, 0, 0, 0, 0, 0, 0, 0, 0, 0, 0, 0, 0, 0, 0) : 0.44586611212170824
(0, 0, 0, 0, 0, 0, 0, 0, 0, 1, 0, 0, 0, 0, 0) : 0.0342973932401314
(0, 0, 0, 0, 0, 0, 0, 0, 0, 0, 0, 0, 0, 1, 0) : 0.029905653861821903
(0, 0, 0, 0, 1, 0, 0, 0, 0, 0, 0, 0, 0, 0, 0) : 0.02845953907159841
(0, 1, 0, 0, 0, 0, 0, 0, 0, 0, 0, 0, 0, 0, 0) : 0.027022188613436877
(0, 0, 0, 0, 0, 0, 0, 0, 1, 0, 0, 0, 0, 0, 0) : 0.027022188613436866
(0, 0, 0, 0, 0, 0, 1, 0, 0, 0, 0, 0, 0, 0, 0) : 0.025593523052303502
Bottom 7 elements
(1, 1, 1, 1, 1, 1, 1, 1, 1, 1, 1, 1, 1, 1, 1) : 4.780623849686964e-20
(1, 1, 1, 1, 1, 1, 1, 1, 1, 0, 1, 1, 1, 1, 1) : 6.214811004593051e-19
(1, 1, 1, 1, 1, 1, 1, 1, 1, 1, 1, 1, 1, 0, 1) : 7.12747555771508e-19
(1, 1, 1, 1, 0, 1, 1, 1, 1, 1, 1, 1, 1, 1, 1) : 7.48964403117624e-19
(1, 1, 1, 1, 1, 1, 1, 1, 0, 1, 1, 1, 1, 1, 1) : 7.888029351983472e-19
(1, 0, 1, 1, 1, 1, 1, 1, 1, 1, 1, 1, 1, 1, 1) : 7.888029351983529e-19
(1, 1, 1, 1, 1, 1, 0, 1, 1, 1, 1, 1, 1, 1, 1) : 8.328349969717803e-19

Empirical: [0.56       0.24857143 0.09428571 0.05714286 0.02857143 0.00857143
 0.         0.00285714 0.         0.         0.         0.
 0.         0.         0.         0.        ]
Maxent: [4.45866112e-01 3.70342511e-01 1.43207329e-01 3.41974821e-02
 5.63962555e-03 6.80327958e-04 6.20158307e-05 4.34960022e-06
 2.36642047e-07 9.98619849e-09 3.24175635e-10 7.94921843e-12
 1.42516284e-13 1.76339464e-15 1.34632335e-17 4.78062385e-20]
True distribution:[5.65402707e-01 2.45723004e-01 1.06790777e-01 4.64110804e-02
 2.01701724e-02 8.76592080e-03 3.80965347e-03 1.65566857e-03
 7.19550597e-04 3.12715400e-04 1.35905553e-04 5.90643097e-05
 2.56692432e-05 1.11558071e-05 4.84829378e-06 2.10705979e-06]
Computational time for calculating maxent = 13.677837371826172 seconds
###################################################
PROCESSING DISEASES: 15 FILE NUMBER: 3
###################################################
The support is:  0.022303446481920355
No 3 way constraints specified
No 4 way constraints specified

Partioning the feature graph and Finding the connected components:
The clusters are:
 [[0, 14, 7, 10], [1, 8], [2], [3], [4], [5], [6], [9], [11], [12], [13]]

The constraints are:
two_wayc {(0, 7): (1, 1), (0, 14): (1, 1), (1, 8): (1, 1), (7, 10): (1, 1)}
three_wayc {}
four_wayc {}
The total number of MBA constraints are:  4

Partition num, Total prob:  0 0.9999999999999999
Partition num, Total prob:  1 1.0
[[0, 14, 7, 10], [1, 8], [2], [3], [4], [5], [6], [9], [11], [12], [13]]
Total Probability:  1.0000000000000036
Top 7 elements
(0, 0, 0, 0, 0, 0, 0, 0, 0, 0, 0, 0, 0, 0, 0) : 0.35833805148138687
(0, 0, 0, 0, 0, 0, 0, 0, 0, 1, 0, 0, 0, 0, 0) : 0.032373219604237446
(0, 0, 0, 0, 1, 0, 0, 0, 0, 0, 0, 0, 0, 0, 0) : 0.031159830563598872
(0, 0, 0, 0, 0, 0, 0, 0, 0, 0, 0, 1, 0, 0, 0) : 0.031159830563598858
(0, 0, 1, 0, 0, 0, 0, 0, 0, 0, 0, 0, 0, 0, 0) : 0.027564465498568242
(0, 0, 0, 0, 0, 1, 0, 0, 0, 0, 0, 0, 0, 0, 0) : 0.026380715446482468
(0, 0, 0, 1, 0, 0, 0, 0, 0, 0, 0, 0, 0, 0, 0) : 0.02520420545587737
Bottom 7 elements
(1, 1, 1, 1, 1, 1, 1, 1, 1, 1, 1, 1, 1, 1, 1) : 2.2831489819630845e-15
(1, 1, 1, 1, 1, 1, 1, 0, 1, 1, 1, 1, 1, 1, 1) : 2.60746058081569e-15
(0, 1, 1, 1, 1, 1, 1, 1, 1, 1, 1, 1, 1, 1, 1) : 2.764535101831245e-15
(1, 1, 1, 1, 1, 1, 1, 1, 0, 1, 1, 1, 1, 1, 1) : 3.363152936278153e-15
(1, 1, 1, 1, 1, 1, 1, 1, 1, 1, 0, 1, 1, 1, 1) : 3.8278067863293726e-15
(1, 1, 1, 1, 1, 1, 1, 0, 0, 1, 1, 1, 1, 1, 1) : 3.840874501785655e-15
(0, 1, 1, 1, 1, 1, 1, 1, 0, 1, 1, 1, 1, 1, 1) : 4.072250395667859e-15

Empirical: [0.46571429 0.28       0.11714286 0.05428571 0.04       0.02285714
 0.01142857 0.00285714 0.         0.         0.00571429 0.
 0.         0.         0.         0.        ]
Maxent: [3.58338051e-01 3.43228999e-01 1.86823025e-01 7.69528858e-02
 2.57928306e-02 7.02325729e-03 1.53475971e-03 2.66063233e-04
 3.60619729e-05 3.75440030e-06 2.94231728e-07 1.69333441e-08
 6.90900201e-10 1.88635945e-11 3.08536375e-13 2.28314898e-15]
True distribution:[4.64759672e-01 2.48767926e-01 1.33155875e-01 7.12732040e-02
 3.81497970e-02 2.04201148e-02 1.09300998e-02 5.85046085e-03
 3.13152603e-03 1.67618510e-03 8.97197230e-04 4.80235071e-04
 2.57051310e-04 1.37589652e-04 7.36464334e-05 3.94200952e-05]
Computational time for calculating maxent = 13.510848760604858 seconds
###################################################
PROCESSING DISEASES: 15 FILE NUMBER: 4
###################################################
The support is:  0.024785830039394295
No 3 way constraints specified
No 4 way constraints specified

Partioning the feature graph and Finding the connected components:
The clusters are:
 [[0, 1, 2, 3, 4, 5, 6, 7, 8, 9, 11, 12, 14], [10], [13]]

The constraints are:
two_wayc {(0, 1): (1, 1), (0, 2): (1, 1), (0, 3): (1, 1), (0, 4): (1, 1), (0, 6): (1, 1), (0, 7): (1, 1), (0, 8): (1, 1), (0, 11): (1, 1), (2, 3): (1, 1), (2, 5): (1, 1), (2, 8): (1, 1), (3, 9): (1, 1), (3, 12): (1, 1), (4, 5): (1, 1), (4, 6): (1, 1), (4, 7): (1, 1), (4, 8): (1, 1), (4, 11): (1, 1), (5, 9): (1, 1), (5, 14): (1, 1), (7, 8): (1, 1), (7, 11): (1, 1), (7, 14): (1, 1), (8, 14): (1, 1), (11, 14): (1, 1)}
three_wayc {}
four_wayc {}
The total number of MBA constraints are:  25

Partition num, Total prob:  0 0.9999999999999999
[[0, 1, 2, 3, 4, 5, 6, 7, 8, 9, 11, 12, 14], [10], [13]]
Total Probability:  0.9999999999999946
Top 7 elements
(0, 0, 0, 0, 0, 0, 0, 0, 0, 0, 0, 0, 0, 0, 0) : 0.3951069039475847
(0, 0, 0, 0, 0, 0, 0, 0, 0, 0, 0, 0, 0, 1, 0) : 0.03704127224508607
(0, 0, 0, 0, 0, 0, 0, 0, 0, 0, 1, 0, 0, 0, 0) : 0.03302751209468972
(0, 0, 0, 0, 1, 0, 0, 0, 0, 0, 0, 0, 0, 0, 0) : 0.01719394498436554
(0, 0, 0, 0, 0, 0, 0, 1, 0, 0, 0, 0, 0, 0, 0) : 0.016063624735186115
(0, 0, 0, 0, 0, 0, 1, 0, 0, 0, 0, 0, 0, 0, 0) : 0.015414298198484363
(0, 0, 1, 0, 0, 0, 0, 0, 0, 0, 0, 0, 0, 0, 0) : 0.014626396514338417
Bottom 7 elements
(0, 1, 1, 0, 0, 1, 1, 1, 1, 1, 1, 1, 1, 1, 0) : 1.697555050345276e-11
(0, 1, 1, 0, 1, 1, 1, 1, 1, 1, 1, 1, 1, 1, 0) : 1.960902464932521e-11
(0, 1, 1, 0, 1, 0, 1, 1, 1, 1, 1, 1, 1, 1, 0) : 2.325663622424615e-11
(0, 1, 0, 0, 0, 1, 1, 1, 1, 1, 1, 1, 1, 1, 0) : 3.223148261043011e-11
(0, 1, 1, 0, 1, 0, 1, 0, 1, 1, 1, 1, 1, 1, 1) : 3.2732234947957354e-11
(0, 1, 1, 0, 0, 0, 1, 1, 1, 1, 1, 1, 1, 1, 0) : 3.5458973588597614e-11
(0, 1, 1, 0, 1, 0, 1, 1, 1, 1, 1, 0, 1, 1, 1) : 3.626519288897224e-11

Empirical: [0.43142857 0.20857143 0.16285714 0.07714286 0.03428571 0.04571429
 0.00857143 0.01428571 0.01142857 0.00285714 0.         0.
 0.00285714 0.         0.         0.        ]
Maxent: [3.95106904e-01 2.32486158e-01 1.53189574e-01 9.87388808e-02
 5.78292325e-02 3.17426286e-02 1.65866068e-02 8.21913224e-03
 3.78291636e-03 1.56304408e-03 5.55591828e-04 1.60372047e-04
 3.40241543e-05 4.59670143e-06 3.28895080e-07 9.24186671e-09]
True distribution:[3.93601379e-01 2.38731304e-01 1.44797855e-01 8.78243387e-02
 5.32681541e-02 3.23087686e-02 1.95962588e-02 1.18857318e-02
 7.20906072e-03 4.37251635e-03 2.65206523e-03 1.60855887e-03
 9.75640275e-04 5.91755739e-04 3.58917999e-04 2.17694771e-04]
Computational time for calculating maxent = 26.191416263580322 seconds
###################################################
PROCESSING DISEASES: 15 FILE NUMBER: 5
###################################################
The support is:  0.02635871168912618
No 4 way constraints specified

Partioning the feature graph and Finding the connected components:
Approximating the following clusters through forced partitioning:
 [[0, 1, 2, 3, 4, 5, 6, 7, 8, 9, 10, 11, 12, 13, 14]]
The clusters are:
 [[0, 1, 2, 3, 8, 9, 13], [4, 6, 7, 10, 11, 12, 14], [5]]

The constraints are:
two_wayc {(0, 1): (1, 1), (0, 2): (1, 1), (0, 3): (1, 1), (0, 8): (1, 1), (0, 9): (1, 1), (0, 13): (1, 1), (1, 2): (1, 1), (1, 3): (1, 1), (1, 8): (1, 1), (1, 9): (1, 1), (1, 13): (1, 1), (2, 3): (1, 1), (2, 8): (1, 1), (2, 9): (1, 1), (2, 13): (1, 1), (3, 8): (1, 1), (3, 9): (1, 1), (3, 13): (1, 1), (4, 6): (1, 1), (4, 7): (1, 1), (4, 10): (1, 1), (4, 11): (1, 1), (4, 12): (1, 1), (4, 14): (1, 1), (6, 7): (1, 1), (6, 10): (1, 1), (6, 11): (1, 1), (6, 12): (1, 1), (6, 14): (1, 1), (7, 10): (1, 1), (7, 11): (1, 1), (7, 12): (1, 1), (7, 14): (1, 1), (8, 9): (1, 1), (8, 13): (1, 1), (9, 13): (1, 1), (10, 11): (1, 1), (10, 12): (1, 1), (10, 14): (1, 1), (11, 12): (1, 1), (11, 14): (1, 1), (12, 14): (1, 1)}
three_wayc {(0, 8, 9): (1, 1, 1), (1, 2, 9): (1, 1, 1)}
four_wayc {}
The total number of MBA constraints are:  44

Partition num, Total prob:  0 1.0
Partition num, Total prob:  1 1.0
[[0, 1, 2, 3, 8, 9, 13], [4, 6, 7, 10, 11, 12, 14], [5]]
Total Probability:  1.0000000000000022
Top 7 elements
(0, 0, 0, 0, 0, 0, 0, 0, 0, 0, 0, 0, 0, 0, 0) : 0.22130085110135905
(0, 0, 0, 0, 0, 1, 0, 0, 0, 0, 0, 0, 0, 0, 0) : 0.026953308787986043
(0, 0, 0, 0, 0, 0, 1, 0, 0, 0, 0, 0, 0, 0, 0) : 0.022651524473155056
(0, 0, 1, 0, 0, 0, 0, 0, 0, 0, 0, 0, 0, 0, 0) : 0.022028079313553824
(0, 0, 0, 0, 0, 0, 0, 1, 0, 0, 0, 0, 0, 0, 0) : 0.01713539425881277
(0, 0, 0, 0, 0, 0, 0, 0, 0, 0, 0, 0, 0, 1, 0) : 0.017106539007140632
(0, 0, 0, 0, 1, 0, 0, 0, 0, 0, 0, 0, 0, 0, 0) : 0.016965793439718935
Bottom 7 elements
(1, 1, 0, 0, 1, 1, 1, 0, 0, 1, 1, 1, 0, 1, 1) : 1.1390049141186111e-09
(1, 1, 0, 1, 1, 1, 1, 0, 0, 1, 1, 1, 0, 1, 1) : 1.1527138080036834e-09
(1, 1, 0, 0, 0, 1, 1, 1, 0, 1, 1, 0, 0, 1, 1) : 1.3362257083254278e-09
(1, 1, 0, 1, 0, 1, 1, 1, 0, 1, 1, 0, 0, 1, 1) : 1.3523083223816848e-09
(0, 1, 0, 0, 1, 1, 1, 0, 1, 1, 1, 1, 0, 1, 1) : 1.3736862346363482e-09
(1, 0, 1, 1, 1, 1, 1, 0, 0, 1, 1, 1, 0, 1, 1) : 1.5083051668124528e-09
(0, 1, 0, 0, 0, 1, 1, 1, 1, 1, 1, 0, 0, 1, 1) : 1.6115425308013175e-09

Empirical: [0.32       0.22571429 0.16857143 0.1        0.04285714 0.02857143
 0.04285714 0.02571429 0.02       0.01142857 0.00571429 0.
 0.         0.00285714 0.00571429 0.        ]
Maxent: [2.21300851e-01 2.49524784e-01 2.00259366e-01 1.35343111e-01
 8.38259321e-02 5.00001064e-02 2.99922332e-02 1.67055042e-02
 7.63566205e-03 3.25174881e-03 1.33492507e-03 5.35405455e-04
 2.05250497e-04 6.86402305e-05 1.53477992e-05 1.13162343e-06]
True distribution:[0.34119358 0.22492867 0.14828212 0.0977536  0.06444314 0.04248354
 0.02800687 0.01846327 0.01217174 0.0080241  0.00528982 0.00348726
 0.00229894 0.00151556 0.00099912 0.00065866]
Computational time for calculating maxent = 29.608317136764526 seconds
