Robust optimizer, learned support with polynomial model of degree 2
###################################################
PROCESSING DISEASES: 4 FILE NUMBER: 1
###################################################
The support is:  0.050056937533935676
No 3 way constraints specified
No 4 way constraints specified

Partioning the feature graph and Finding the connected components:
The clusters are:
 [[0, 1, 2, 3]]

The constraints are:
two_wayc {(0, 1): (1, 1), (0, 2): (1, 1), (0, 3): (1, 1), (1, 2): (1, 1), (1, 3): (1, 1), (2, 3): (1, 1)}
three_wayc {}
four_wayc {}
The total number of MBA constraints are:  6

Partition num, Total prob:  0 1.0000000000000002
[[0, 1, 2, 3]]
Total Probability:  1.0000000000000004
Top 7 elements
(0, 0, 0, 0) : 0.6748294913198369
(0, 1, 0, 0) : 0.08118591262754056
(1, 0, 0, 0) : 0.04383844377285328
(0, 0, 0, 1) : 0.04383640614418905
(1, 1, 1, 1) : 0.021285847294642207
(1, 1, 0, 0) : 0.01751424497585565
(0, 1, 0, 1) : 0.017512395733821743
Bottom 7 elements
(1, 1, 0, 1) : 0.0064180125067388755
(1, 0, 1, 0) : 0.00913054097922866
(0, 0, 1, 1) : 0.009131362354312281
(0, 0, 1, 0) : 0.009569467798877747
(0, 1, 1, 0) : 0.011782147392890194
(1, 1, 1, 0) : 0.012150072570456619
(0, 1, 1, 1) : 0.012150447356406439

Empirical: [0.68 0.18 0.06 0.06 0.02]
Maxent: [0.67482949 0.17843023 0.07993498 0.04551945 0.02128585]
True distribution:[0.71487524 0.20481518 0.05868053 0.01681225 0.00481679]
Computational time for calculating maxent = 0.1999952793121338 seconds
###################################################
PROCESSING DISEASES: 4 FILE NUMBER: 2
###################################################
The support is:  0.05986864722835085
No 4 way constraints specified

Partioning the feature graph and Finding the connected components:
The clusters are:
 [[0, 1, 2, 3]]

The constraints are:
two_wayc {(0, 1): (1, 1), (0, 2): (1, 1), (0, 3): (1, 1), (1, 2): (1, 1), (1, 3): (1, 1), (2, 3): (1, 1)}
three_wayc {(0, 1, 2): (1, 1, 1), (1, 2, 3): (1, 1, 1)}
four_wayc {}
The total number of MBA constraints are:  8

Partition num, Total prob:  0 1.0
[[0, 1, 2, 3]]
Total Probability:  1.0
Top 7 elements
(0, 0, 0, 0) : 0.5544971930470107
(0, 1, 0, 0) : 0.08181875237972401
(0, 0, 0, 1) : 0.07879468182992495
(1, 0, 0, 0) : 0.06481002967374244
(0, 0, 1, 0) : 0.06197167572643631
(1, 1, 1, 1) : 0.03713784914757763
(1, 1, 1, 0) : 0.020228579784484203
Bottom 7 elements
(1, 1, 0, 1) : 0.0007516886747704317
(1, 0, 1, 1) : 0.0009044328095072219
(0, 0, 1, 1) : 0.001728982223819603
(0, 1, 0, 1) : 0.0018817688333894582
(1, 0, 0, 1) : 0.018573170832754355
(1, 0, 1, 0) : 0.018720196347585948
(1, 1, 0, 0) : 0.01887365308376337

Empirical: [0.56 0.28 0.08 0.04 0.04]
Maxent: [0.55449719 0.28739514 0.07885727 0.04211255 0.03713785]
True distribution:[0.57430574 0.24959225 0.10847234 0.04714189 0.02048778]
Computational time for calculating maxent = 0.31173014640808105 seconds
###################################################
PROCESSING DISEASES: 4 FILE NUMBER: 3
###################################################
The support is:  0.07330535692276603
No 3 way constraints specified
No 4 way constraints specified

Partioning the feature graph and Finding the connected components:
The clusters are:
 [[0, 1, 2, 3]]

The constraints are:
two_wayc {(0, 1): (1, 1), (0, 2): (1, 1), (0, 3): (1, 1), (1, 3): (1, 1), (2, 3): (1, 1)}
three_wayc {}
four_wayc {}
The total number of MBA constraints are:  5

Partition num, Total prob:  0 1.0
[[0, 1, 2, 3]]
Total Probability:  1.0
Top 7 elements
(0, 0, 0, 0) : 0.4800003027351595
(0, 0, 1, 0) : 0.09114589558416085
(0, 0, 0, 1) : 0.07702961623160738
(0, 1, 0, 0) : 0.07291826026304489
(1, 0, 0, 0) : 0.05867282059449455
(0, 0, 1, 1) : 0.028817733725054685
(1, 0, 1, 0) : 0.0271726674422689
Bottom 7 elements
(0, 1, 1, 1) : 0.010117872367289253
(1, 1, 1, 0) : 0.011763078504460393
(0, 1, 1, 0) : 0.012925573420118205
(1, 0, 1, 1) : 0.018368923909904102
(1, 0, 0, 1) : 0.018793161189081312
(1, 1, 1, 1) : 0.019687433635025172
(1, 1, 0, 1) : 0.02014212239743011

Empirical: [0.48 0.3  0.16 0.02 0.04]
Maxent: [0.4800003  0.29976659 0.14015367 0.060392   0.01968743]
True distribution:[0.48609615 0.26018852 0.13926888 0.07454526 0.0399012 ]
Computational time for calculating maxent = 0.13767361640930176 seconds
###################################################
PROCESSING DISEASES: 4 FILE NUMBER: 4
###################################################
The support is:  0.09036706661718119
No 4 way constraints specified

Partioning the feature graph and Finding the connected components:
The clusters are:
 [[0, 1, 2, 3]]

The constraints are:
two_wayc {(0, 1): (1, 1), (0, 2): (1, 1), (0, 3): (1, 1), (1, 3): (1, 1), (2, 3): (1, 1)}
three_wayc {(0, 1, 3): (1, 1, 1)}
four_wayc {}
The total number of MBA constraints are:  6

Partition num, Total prob:  0 0.9999999999999998
[[0, 1, 2, 3]]
Total Probability:  0.9999999999999997
Top 7 elements
(0, 0, 0, 0) : 0.5144597767626423
(0, 1, 0, 0) : 0.08493140857715889
(0, 0, 0, 1) : 0.06265954576730662
(0, 0, 1, 0) : 0.06196624203960984
(1, 1, 1, 1) : 0.05830388083906447
(1, 0, 0, 0) : 0.04351002563078656
(1, 1, 0, 1) : 0.03836958464414784
Bottom 7 elements
(1, 1, 1, 0) : 0.0062245040489434305
(1, 0, 0, 1) : 0.007950005442490525
(0, 1, 1, 1) : 0.008705512533292454
(1, 0, 1, 1) : 0.012080301996690431
(1, 1, 0, 0) : 0.01349866120442625
(0, 1, 0, 1) : 0.01462015686956538
(0, 1, 1, 0) : 0.015346676216352774

Empirical: [0.52 0.24 0.12 0.06 0.06]
Maxent: [0.51445978 0.25306722 0.10878922 0.0653799  0.05830388]
True distribution:[0.42865553 0.25999272 0.15769356 0.09564598 0.05801222]
Computational time for calculating maxent = 0.2500617504119873 seconds
###################################################
PROCESSING DISEASES: 4 FILE NUMBER: 5
###################################################
The support is:  0.11105377631159637
No 3 way constraints specified
No 4 way constraints specified

Partioning the feature graph and Finding the connected components:
The clusters are:
 [[0, 3, 1, 2]]

The constraints are:
two_wayc {(0, 3): (1, 1), (1, 2): (1, 1), (1, 3): (1, 1), (2, 3): (1, 1)}
three_wayc {}
four_wayc {}
The total number of MBA constraints are:  4

Partition num, Total prob:  0 1.0000000000000002
[[0, 3, 1, 2]]
Total Probability:  1.0000000000000002
Top 7 elements
(0, 0, 0, 0) : 0.3945674876544446
(0, 0, 1, 0) : 0.12178775911601908
(0, 1, 0, 0) : 0.05699072793841687
(0, 0, 1, 1) : 0.054610151406885625
(0, 0, 0, 1) : 0.04566648933214937
(0, 1, 1, 0) : 0.04305147222435543
(0, 1, 0, 1) : 0.04250212841388836
Bottom 7 elements
(1, 1, 1, 0) : 0.010244698998960895
(1, 1, 0, 0) : 0.013561739547909114
(1, 1, 1, 1) : 0.025880923600422188
(1, 1, 0, 1) : 0.02694471997145311
(1, 0, 0, 1) : 0.02895080347863323
(1, 0, 1, 0) : 0.0289810979610524
(1, 0, 0, 0) : 0.03081494331531727

Empirical: [0.4  0.26 0.2  0.1  0.04]
Maxent: [0.39456749 0.25525992 0.21165739 0.11263428 0.02588092]
True distribution:[0.3892233  0.25659182 0.16915575 0.11151434 0.07351479]
Computational time for calculating maxent = 0.16228652000427246 seconds
###################################################
PROCESSING DISEASES: 7 FILE NUMBER: 1
###################################################
The support is:  0.03981663745845136
No 3 way constraints specified
No 4 way constraints specified

Partioning the feature graph and Finding the connected components:
The clusters are:
 [[0], [1], [2], [3], [4], [5], [6]]

The constraints are:
two_wayc {}
three_wayc {}
four_wayc {}
The total number of MBA constraints are:  0

[[0], [1], [2], [3], [4], [5], [6]]
Total Probability:  1.0000000000000004
Top 7 elements
(0, 0, 0, 0, 0, 0, 0) : 0.6559032906533043
(1, 0, 0, 0, 0, 0, 0) : 0.06965344679504111
(0, 0, 0, 0, 1, 0, 0) : 0.050889048412756356
(0, 0, 0, 0, 0, 0, 1) : 0.038909517242145156
(0, 0, 1, 0, 0, 0, 0) : 0.038909517242145156
(0, 0, 0, 1, 0, 0, 0) : 0.03307075415058677
(0, 0, 0, 0, 0, 1, 0) : 0.02732930377722102
Bottom 7 elements
(1, 1, 1, 1, 1, 1, 1) : 1.6647192576000004e-09
(0, 1, 1, 1, 1, 1, 1) : 1.5676106342399985e-08
(1, 1, 1, 1, 0, 1, 1) : 2.145638154239997e-08
(1, 1, 0, 1, 1, 1, 1) : 2.8062410342399988e-08
(1, 1, 1, 1, 1, 1, 0) : 2.8062410342399988e-08
(1, 1, 1, 0, 1, 1, 1) : 3.301693194239994e-08
(1, 1, 1, 1, 1, 0, 1) : 3.9953262182399854e-08

Empirical: [0.712 0.192 0.072 0.024 0.    0.    0.    0.   ]
Maxent: [6.55903291e-01 2.86090891e-01 5.24401567e-02 5.24506375e-03
 3.09592991e-04 1.07966401e-05 2.06180765e-07 1.66471926e-09]
True distribution:[7.13527597e-01 2.04429079e-01 5.85699118e-02 1.67805607e-02
 4.80771113e-03 1.37743230e-03 3.94640962e-04 1.13066529e-04]
Computational time for calculating maxent = 0.08334994316101074 seconds
###################################################
PROCESSING DISEASES: 7 FILE NUMBER: 2
###################################################
The support is:  0.04579699507172849
No 3 way constraints specified
No 4 way constraints specified

Partioning the feature graph and Finding the connected components:
The clusters are:
 [[0, 2, 4, 6], [1], [3], [5]]

The constraints are:
two_wayc {(0, 2): (1, 1), (0, 4): (1, 1), (4, 6): (1, 1)}
three_wayc {}
four_wayc {}
The total number of MBA constraints are:  3

Partition num, Total prob:  0 0.9999999999999999
[[0, 2, 4, 6], [1], [3], [5]]
Total Probability:  0.9999999999999996
Top 7 elements
(0, 0, 0, 0, 0, 0, 0) : 0.5013527082729561
(0, 0, 0, 0, 0, 1, 0) : 0.0581927250673967
(0, 0, 0, 1, 0, 0, 0) : 0.05324099556880948
(0, 1, 0, 0, 0, 0, 0) : 0.04837613851756593
(0, 0, 0, 0, 1, 0, 0) : 0.04269928241132172
(0, 0, 1, 0, 0, 0, 0) : 0.040426240411875904
(0, 0, 0, 0, 0, 0, 1) : 0.025486288616933354
Bottom 7 elements
(1, 1, 1, 1, 0, 1, 1) : 2.3420208007140935e-06
(1, 1, 0, 1, 0, 1, 1) : 3.5870658829252285e-06
(0, 1, 1, 1, 1, 1, 1) : 5.349498312509062e-06
(0, 1, 1, 1, 0, 1, 1) : 6.49757925431258e-06
(1, 1, 1, 1, 1, 1, 1) : 7.239954425119539e-06
(0, 1, 1, 1, 1, 1, 0) : 1.0885930695515337e-05
(1, 1, 0, 1, 1, 1, 1) : 1.1088797120999693e-05

Empirical: [0.6   0.176 0.08  0.112 0.024 0.008 0.    0.   ]
Maxent: [5.01352708e-01 2.90739457e-01 1.30825423e-01 5.61965747e-02
 1.76616961e-02 2.97780387e-03 2.39096704e-04 7.23995443e-06]
True distribution:[0.56612226 0.24603572 0.10692668 0.04647014 0.02019584 0.00877708
 0.0038145  0.00165778]
Computational time for calculating maxent = 0.16435718536376953 seconds
###################################################
PROCESSING DISEASES: 7 FILE NUMBER: 3
###################################################
The support is:  0.05540235268500563
No 4 way constraints specified

Partioning the feature graph and Finding the connected components:
The clusters are:
 [[0, 1, 2, 3, 4, 6], [5]]

The constraints are:
two_wayc {(0, 1): (1, 1), (0, 2): (1, 1), (0, 3): (1, 1), (0, 4): (1, 1), (0, 6): (1, 1), (1, 3): (1, 1), (2, 3): (1, 1), (2, 4): (1, 1), (3, 4): (1, 1), (3, 6): (1, 1), (4, 6): (1, 1)}
three_wayc {(0, 3, 4): (1, 1, 1), (3, 4, 6): (1, 1, 1)}
four_wayc {}
The total number of MBA constraints are:  13

Partition num, Total prob:  0 0.9999999999999998
[[0, 1, 2, 3, 4, 6], [5]]
Total Probability:  0.9999999999999996
Top 7 elements
(0, 0, 0, 0, 0, 0, 0) : 0.49050605724958624
(0, 0, 0, 0, 0, 1, 0) : 0.05208913882296488
(0, 1, 0, 0, 0, 0, 0) : 0.05100064219676986
(0, 0, 0, 0, 1, 0, 0) : 0.040483198802754077
(1, 0, 0, 0, 0, 0, 0) : 0.03635949826037512
(0, 0, 1, 0, 0, 0, 0) : 0.03465948683038144
(0, 0, 0, 0, 0, 0, 1) : 0.03306574642356669
Bottom 7 elements
(0, 1, 1, 0, 1, 1, 1) : 1.0426706351074578e-05
(0, 1, 1, 1, 0, 1, 1) : 2.0073395889978632e-05
(0, 1, 1, 0, 0, 1, 1) : 3.076312485965379e-05
(1, 1, 1, 0, 0, 1, 1) : 3.885627085474698e-05
(1, 1, 1, 0, 1, 1, 1) : 4.7439951646017086e-05
(0, 0, 1, 1, 0, 1, 1) : 4.782153838076869e-05
(0, 1, 0, 0, 1, 1, 1) : 6.282602210684371e-05

Empirical: [0.52  0.224 0.112 0.024 0.08  0.032 0.008 0.   ]
Maxent: [0.49050606 0.2624736  0.1073273  0.05410434 0.03745256 0.03137903
 0.01543297 0.00132415]
True distribution:[0.4678912  0.25044411 0.13405307 0.07175344 0.03840685 0.0205577
 0.01100375 0.00588988]
Computational time for calculating maxent = 0.6902093887329102 seconds
###################################################
PROCESSING DISEASES: 7 FILE NUMBER: 4
###################################################
The support is:  0.06863271029828276
No 3 way constraints specified
No 4 way constraints specified

Partioning the feature graph and Finding the connected components:
The clusters are:
 [[0, 5, 2, 3, 1], [4], [6]]

The constraints are:
two_wayc {(0, 5): (1, 1), (1, 2): (1, 1), (2, 5): (1, 1), (3, 5): (1, 1)}
three_wayc {}
four_wayc {}
The total number of MBA constraints are:  4

Partition num, Total prob:  0 0.9999999999999998
[[0, 5, 2, 3, 1], [4], [6]]
Total Probability:  1.0000000000000002
Top 7 elements
(0, 0, 0, 0, 0, 0, 0) : 0.35463325743243557
(0, 0, 0, 0, 1, 0, 0) : 0.06754919189189253
(0, 0, 0, 0, 0, 0, 1) : 0.0675491918918925
(0, 1, 0, 0, 0, 0, 0) : 0.04468548447435743
(1, 0, 0, 0, 0, 0, 0) : 0.041288134429032695
(0, 0, 0, 1, 0, 0, 0) : 0.033431835906758516
(0, 0, 1, 0, 0, 0, 0) : 0.033325277016422586
Bottom 7 elements
(1, 1, 1, 1, 1, 0, 1) : 2.0795908145057496e-05
(1, 0, 1, 1, 1, 0, 1) : 3.289080836529744e-05
(1, 1, 0, 1, 1, 0, 1) : 4.410291040738472e-05
(1, 1, 0, 1, 1, 1, 1) : 7.321086188955762e-05
(0, 1, 0, 1, 1, 1, 1) : 0.00010417778852046217
(1, 1, 1, 1, 1, 0, 0) : 0.00010917851776155179
(1, 1, 1, 1, 0, 0, 1) : 0.00010917851776155198

Empirical: [0.384 0.328 0.144 0.056 0.032 0.048 0.008 0.   ]
Maxent: [3.54633257e-01 3.12346902e-01 1.82682004e-01 9.53263519e-02
 4.09119305e-02 1.20555175e-02 1.92365283e-03 1.20383989e-04]
True distribution:[0.40081044 0.24310382 0.14744992 0.0894329  0.05424379 0.03290052
 0.01995518 0.01210343]
Computational time for calculating maxent = 0.6132407188415527 seconds
###################################################
PROCESSING DISEASES: 7 FILE NUMBER: 5
###################################################
The support is:  0.08548806791155991
No 3 way constraints specified
No 4 way constraints specified

Partioning the feature graph and Finding the connected components:
The clusters are:
 [[0, 1, 2, 5], [3], [4], [6]]

The constraints are:
two_wayc {(0, 1): (1, 1), (1, 2): (1, 1), (1, 5): (1, 1), (2, 5): (1, 1)}
three_wayc {}
four_wayc {}
The total number of MBA constraints are:  4

Partition num, Total prob:  0 1.0
[[0, 1, 2, 5], [3], [4], [6]]
Total Probability:  1.0
Top 7 elements
(0, 0, 0, 0, 0, 0, 0) : 0.3117530989689347
(0, 0, 0, 0, 1, 0, 0) : 0.07029726741456371
(0, 0, 0, 1, 0, 0, 0) : 0.06295014498411183
(0, 0, 0, 0, 0, 0, 1) : 0.045761922784430774
(1, 0, 0, 0, 0, 0, 0) : 0.042785922490777215
(0, 0, 0, 0, 0, 1, 0) : 0.03198434862141941
(0, 1, 0, 0, 0, 0, 0) : 0.029820000793422063
Bottom 7 elements
(1, 0, 1, 1, 1, 1, 1) : 3.246800537864979e-05
(1, 1, 0, 1, 1, 1, 1) : 5.539779870186131e-05
(1, 0, 1, 1, 1, 0, 1) : 5.614239021047067e-05
(1, 0, 0, 1, 1, 1, 1) : 7.197074323030734e-05
(0, 1, 0, 1, 1, 1, 1) : 7.350485850848508e-05
(1, 1, 1, 1, 1, 1, 1) : 9.289250764577737e-05
(0, 0, 1, 1, 1, 1, 1) : 9.643712098311964e-05

Empirical: [0.408 0.248 0.144 0.088 0.04  0.056 0.016 0.   ]
Maxent: [3.11753099e-01 3.08549715e-01 1.96966818e-01 1.15104374e-01
 5.19374028e-02 1.37701380e-02 1.82556124e-03 9.28925076e-05]
True distribution:[0.35336532 0.23295278 0.15357194 0.10124086 0.06674209 0.0439991
 0.02900599 0.01912193]
Computational time for calculating maxent = 0.11931681632995605 seconds
###################################################
PROCESSING DISEASES: 10 FILE NUMBER: 1
###################################################
The support is:  0.0305559203486061
No 3 way constraints specified
No 4 way constraints specified

Partioning the feature graph and Finding the connected components:
The clusters are:
 [[0], [1], [2], [3], [4], [5], [6], [7], [8], [9]]

The constraints are:
two_wayc {}
three_wayc {}
four_wayc {}
The total number of MBA constraints are:  0

[[0], [1], [2], [3], [4], [5], [6], [7], [8], [9]]
Total Probability:  1.0000000000000027
Top 7 elements
(0, 0, 0, 0, 0, 0, 0, 0, 0, 0) : 0.6266893621617168
(0, 0, 0, 0, 0, 1, 0, 0, 0, 0) : 0.040001448648620194
(0, 0, 0, 0, 0, 0, 0, 1, 0, 0) : 0.03717648758586454
(0, 0, 0, 0, 0, 0, 0, 0, 0, 1) : 0.034375365856971804
(0, 0, 0, 0, 1, 0, 0, 0, 0, 0) : 0.03437536585697179
(0, 0, 0, 0, 0, 0, 1, 0, 0, 0) : 0.03159778296613698
(0, 0, 0, 0, 0, 0, 0, 0, 1, 0) : 0.028843443446773573
Bottom 7 elements
(1, 1, 1, 1, 1, 1, 1, 1, 1, 1) : 2.8530307435069494e-14
(1, 1, 1, 1, 1, 0, 1, 1, 1, 1) : 4.469748164827552e-13
(1, 1, 1, 1, 1, 1, 1, 0, 1, 1) : 4.809394681911711e-13
(1, 1, 1, 1, 0, 1, 1, 1, 1, 1) : 5.201294509316491e-13
(1, 1, 1, 1, 1, 1, 1, 1, 1, 0) : 5.201294509316511e-13
(1, 1, 1, 1, 1, 1, 0, 1, 1, 1) : 5.658510974622106e-13
(1, 0, 1, 1, 1, 1, 1, 1, 1, 1) : 6.198857706346897e-13

Empirical: [0.704 0.2   0.068 0.016 0.004 0.    0.004 0.    0.004 0.    0.   ]
Maxent: [6.26689362e-01 3.00184179e-01 6.43094334e-02 8.11144820e-03
 6.66791558e-04 3.73089921e-05 1.43819951e-06 3.76901813e-08
 6.42145574e-10 6.41695590e-12 2.85303074e-14]
True distribution:[7.13495965e-01 2.04420016e-01 5.85673153e-02 1.67798168e-02
 4.80749800e-03 1.37737124e-03 3.94623466e-04 1.13061516e-04
 3.23926667e-05 9.28065439e-06 2.65895200e-06]
Computational time for calculating maxent = 0.5490658283233643 seconds
###################################################
PROCESSING DISEASES: 10 FILE NUMBER: 2
###################################################
The support is:  0.0327444411599865
No 3 way constraints specified
No 4 way constraints specified

Partioning the feature graph and Finding the connected components:
The clusters are:
 [[0], [1], [2], [3], [4], [5], [6], [7], [8], [9]]

The constraints are:
two_wayc {}
three_wayc {}
four_wayc {}
The total number of MBA constraints are:  0

[[0], [1], [2], [3], [4], [5], [6], [7], [8], [9]]
Total Probability:  0.9999999999999999
Top 7 elements
(0, 0, 0, 0, 0, 0, 0, 0, 0, 0) : 0.44676328753151556
(0, 0, 0, 0, 0, 1, 0, 0, 0, 0) : 0.06092226648157029
(0, 0, 0, 1, 0, 0, 0, 0, 0, 0) : 0.04526676481596855
(0, 0, 1, 0, 0, 0, 0, 0, 0, 0) : 0.04526676481596851
(0, 0, 0, 0, 0, 0, 0, 0, 0, 1) : 0.04096955911861061
(0, 0, 0, 0, 0, 0, 1, 0, 0, 0) : 0.038848981524479624
(1, 0, 0, 0, 0, 0, 0, 0, 0, 0) : 0.03466266886020378
Bottom 7 elements
(1, 1, 1, 1, 1, 1, 1, 1, 1, 1) : 5.523352048159949e-12
(1, 1, 1, 1, 1, 0, 1, 1, 1, 1) : 4.0504581686506255e-11
(1, 1, 0, 1, 1, 1, 1, 1, 1, 1) : 5.451308325792652e-11
(1, 1, 1, 0, 1, 1, 1, 1, 1, 1) : 5.451308325792652e-11
(1, 1, 1, 1, 1, 1, 1, 1, 1, 0) : 6.023083900136336e-11
(1, 1, 1, 1, 1, 1, 0, 1, 1, 1) : 6.35185485538393e-11
(0, 1, 1, 1, 1, 1, 1, 1, 1, 1) : 7.118987084295034e-11

Empirical: [0.548 0.276 0.104 0.036 0.02  0.008 0.004 0.    0.    0.004 0.   ]
Maxent: [4.46763288e-01 3.75993643e-01 1.41161891e-01 3.11419091e-02
 4.47170832e-03 4.36778140e-04 2.93953605e-05 1.34618576e-06
 4.01546045e-08 7.04572834e-10 5.52335205e-12]
True distribution:[5.65460862e-01 2.45748278e-01 1.06801761e-01 4.64158541e-02
 2.01722470e-02 8.76682242e-03 3.81004532e-03 1.65583887e-03
 7.19624606e-04 3.12747565e-04 1.35919531e-04]
Computational time for calculating maxent = 1.7394955158233643 seconds
###################################################
PROCESSING DISEASES: 10 FILE NUMBER: 3
###################################################
The support is:  0.038557961971366905
No 3 way constraints specified
No 4 way constraints specified

Partioning the feature graph and Finding the connected components:
The clusters are:
 [[0, 5, 6, 7, 8, 9, 1, 2], [3], [4]]

The constraints are:
two_wayc {(0, 5): (1, 1), (1, 6): (1, 1), (1, 7): (1, 1), (1, 8): (1, 1), (2, 5): (1, 1), (2, 6): (1, 1), (2, 9): (1, 1), (5, 6): (1, 1), (5, 7): (1, 1), (5, 8): (1, 1), (5, 9): (1, 1), (6, 7): (1, 1), (6, 9): (1, 1), (7, 9): (1, 1)}
three_wayc {}
four_wayc {}
The total number of MBA constraints are:  14

Partition num, Total prob:  0 0.9999999999999996
[[0, 5, 6, 7, 8, 9, 1, 2], [3], [4]]
Total Probability:  0.999999999999998
Top 7 elements
(0, 0, 0, 0, 0, 0, 0, 0, 0, 0) : 0.4142859489573122
(0, 0, 0, 1, 0, 0, 0, 0, 0, 0) : 0.050160182160750785
(0, 0, 0, 0, 1, 0, 0, 0, 0, 0) : 0.04197610936571887
(0, 0, 0, 0, 0, 0, 0, 0, 0, 1) : 0.03381346436030199
(1, 0, 0, 0, 0, 0, 0, 0, 0, 0) : 0.03203227351407326
(0, 0, 0, 0, 0, 0, 0, 0, 1, 0) : 0.030117670719837605
(0, 0, 1, 0, 0, 0, 0, 0, 0, 0) : 0.029084420453457993
Bottom 7 elements
(1, 0, 1, 1, 1, 0, 1, 1, 1, 0) : 4.561166043051074e-08
(1, 0, 1, 1, 1, 0, 0, 1, 1, 1) : 5.42960556729213e-08
(1, 1, 1, 1, 1, 0, 0, 1, 1, 1) : 6.324225733373893e-08
(1, 0, 1, 1, 1, 0, 0, 1, 1, 0) : 8.16370897486599e-08
(1, 1, 1, 1, 1, 0, 0, 1, 1, 0) : 9.508819331119765e-08
(1, 0, 1, 1, 1, 0, 1, 1, 1, 1) : 1.0115176368618032e-07
(1, 0, 0, 1, 1, 0, 1, 1, 1, 1) : 1.4404010918285875e-07

Empirical: [0.46  0.252 0.144 0.052 0.028 0.036 0.004 0.02  0.    0.    0.004]
Maxent: [4.14285949e-01 2.92113459e-01 1.43211403e-01 6.88762204e-02
 3.62739363e-02 2.19815276e-02 1.36523913e-02 7.21039247e-03
 2.11871135e-03 2.64680222e-04 1.13299261e-05]
True distribution:[0.46521928 0.24901394 0.13328756 0.07134369 0.03818752 0.02044031
 0.01094091 0.00585625 0.00313462 0.00167784 0.00089808]
Computational time for calculating maxent = 1.4650206565856934 seconds
###################################################
PROCESSING DISEASES: 10 FILE NUMBER: 4
###################################################
The support is:  0.047996482782747305
No 4 way constraints specified

Partioning the feature graph and Finding the connected components:
The clusters are:
 [[0, 6, 7, 8, 9, 1, 2, 4, 5], [3]]

The constraints are:
two_wayc {(0, 6): (1, 1), (1, 2): (1, 1), (1, 4): (1, 1), (1, 5): (1, 1), (1, 6): (1, 1), (1, 7): (1, 1), (1, 8): (1, 1), (2, 4): (1, 1), (2, 5): (1, 1), (2, 6): (1, 1), (2, 8): (1, 1), (4, 5): (1, 1), (4, 6): (1, 1), (4, 7): (1, 1), (5, 6): (1, 1), (5, 7): (1, 1), (5, 8): (1, 1), (6, 7): (1, 1), (6, 8): (1, 1), (6, 9): (1, 1), (7, 8): (1, 1)}
three_wayc {(5, 6, 7): (1, 1, 1)}
four_wayc {}
The total number of MBA constraints are:  22

Partition num, Total prob:  0 1.0
[[0, 6, 7, 8, 9, 1, 2, 4, 5], [3]]
Total Probability:  0.9999999999999997
Top 7 elements
(0, 0, 0, 0, 0, 0, 0, 0, 0, 0) : 0.3625285718037049
(0, 0, 0, 1, 0, 0, 0, 0, 0, 0) : 0.06498153645538107
(0, 0, 0, 0, 0, 0, 0, 0, 1, 0) : 0.03371700947976499
(0, 0, 0, 0, 0, 0, 0, 0, 0, 1) : 0.030783449254087377
(0, 1, 0, 0, 0, 0, 0, 0, 0, 0) : 0.030180865346510516
(0, 0, 0, 0, 1, 0, 0, 0, 0, 0) : 0.028646637998240413
(0, 0, 0, 0, 0, 1, 0, 0, 0, 0) : 0.0247623777716718
Bottom 7 elements
(1, 1, 0, 1, 1, 1, 0, 1, 1, 1) : 2.6597625887222994e-07
(1, 0, 0, 1, 1, 1, 0, 1, 1, 1) : 2.9807390525391607e-07
(1, 0, 1, 1, 1, 1, 0, 1, 1, 1) : 3.033618578664049e-07
(1, 1, 1, 1, 0, 0, 0, 1, 1, 1) : 3.114711461932448e-07
(1, 1, 1, 1, 0, 1, 0, 1, 1, 1) : 3.13824424984581e-07
(1, 1, 1, 1, 1, 0, 0, 1, 1, 1) : 3.19122059214972e-07
(1, 1, 0, 1, 1, 1, 0, 0, 1, 1) : 3.2155116596256836e-07

Empirical: [0.38  0.288 0.144 0.08  0.016 0.04  0.024 0.008 0.008 0.008 0.004]
Maxent: [3.62528572e-01 2.86211316e-01 1.54061610e-01 7.89755944e-02
 4.43211461e-02 2.93172443e-02 2.15084418e-02 1.46299779e-02
 6.72880424e-03 1.58332607e-03 1.33967911e-04]
True distribution:[0.39508396 0.23963053 0.14534327 0.08815515 0.0534688  0.03243047
 0.01967007 0.0119305  0.00723622 0.00438899 0.00266205]
Computational time for calculating maxent = 4.166157007217407 seconds
###################################################
PROCESSING DISEASES: 10 FILE NUMBER: 5
###################################################
The support is:  0.06106000359412771
No 3 way constraints specified
No 4 way constraints specified

Partioning the feature graph and Finding the connected components:
The clusters are:
 [[0, 1, 2, 3, 4, 5, 6, 7, 8, 9]]

The constraints are:
two_wayc {(0, 1): (1, 1), (0, 2): (1, 1), (0, 3): (1, 1), (0, 4): (1, 1), (0, 5): (1, 1), (0, 6): (1, 1), (0, 7): (1, 1), (0, 8): (1, 1), (0, 9): (1, 1), (1, 3): (1, 1), (1, 5): (1, 1), (1, 7): (1, 1), (1, 8): (1, 1), (2, 4): (1, 1), (2, 5): (1, 1), (3, 4): (1, 1), (3, 6): (1, 1), (3, 9): (1, 1), (4, 6): (1, 1), (4, 7): (1, 1), (4, 9): (1, 1), (5, 6): (1, 1), (5, 7): (1, 1), (5, 8): (1, 1), (5, 9): (1, 1), (6, 8): (1, 1)}
three_wayc {}
four_wayc {}
The total number of MBA constraints are:  26

Partition num, Total prob:  0 0.9999999999999998
[[0, 1, 2, 3, 4, 5, 6, 7, 8, 9]]
Total Probability:  1.0000000000000002
Top 7 elements
(0, 0, 0, 0, 0, 0, 0, 0, 0, 0) : 0.3715207379273771
(0, 0, 1, 0, 0, 0, 0, 0, 0, 0) : 0.036301899257990156
(0, 0, 0, 1, 0, 0, 0, 0, 0, 0) : 0.02852165725603366
(0, 0, 0, 0, 0, 0, 0, 0, 1, 0) : 0.02826597217458235
(0, 0, 0, 0, 0, 1, 0, 0, 0, 0) : 0.026786407598950547
(0, 0, 0, 0, 0, 0, 0, 0, 0, 1) : 0.022799963113935038
(1, 0, 0, 0, 0, 0, 0, 0, 0, 0) : 0.020024406647483402
Bottom 7 elements
(0, 0, 1, 1, 0, 0, 1, 1, 1, 1) : 2.001131286191435e-06
(0, 1, 1, 0, 0, 0, 1, 1, 1, 1) : 2.8415558538540145e-06
(0, 1, 1, 0, 0, 0, 1, 1, 0, 1) : 3.1874710837913026e-06
(0, 0, 1, 0, 0, 0, 1, 1, 1, 1) : 3.238884567282886e-06
(0, 1, 1, 1, 0, 0, 1, 1, 1, 1) : 4.218160173612152e-06
(0, 1, 1, 1, 0, 0, 1, 1, 0, 1) : 4.731655568885956e-06
(0, 0, 1, 1, 0, 0, 1, 1, 0, 1) : 5.599406454643506e-06

Empirical: [0.372 0.236 0.16  0.068 0.052 0.032 0.028 0.028 0.008 0.012 0.004]
Maxent: [0.37152074 0.23108769 0.14654521 0.08832707 0.05502963 0.03660611
 0.02594906 0.0190419  0.01374059 0.0087484  0.0034036 ]
True distribution:[0.34427816 0.22696215 0.14962267 0.09863734 0.06502574 0.04286761
 0.02826007 0.01863019 0.01228178 0.00809665 0.00533764]
Computational time for calculating maxent = 4.276156425476074 seconds
###################################################
PROCESSING DISEASES: 15 FILE NUMBER: 1
###################################################
The support is:  0.026722118215190466
No 3 way constraints specified
No 4 way constraints specified

Partioning the feature graph and Finding the connected components:
The clusters are:
 [[0], [1], [2], [3], [4], [5], [6], [7], [8], [9], [10], [11], [12], [13], [14]]

The constraints are:
two_wayc {}
three_wayc {}
four_wayc {}
The total number of MBA constraints are:  0

[[0], [1], [2], [3], [4], [5], [6], [7], [8], [9], [10], [11], [12], [13], [14]]
Total Probability:  0.9999999999999616
Top 7 elements
(0, 0, 0, 0, 0, 0, 0, 0, 0, 0, 0, 0, 0, 0, 0) : 0.7234355716348186
(0, 0, 0, 0, 0, 1, 0, 0, 0, 0, 0, 0, 0, 0, 0) : 0.02790701018175861
(0, 0, 0, 0, 0, 0, 0, 0, 1, 0, 0, 0, 0, 0, 0) : 0.01909360746250256
(0, 0, 0, 0, 0, 0, 0, 1, 0, 0, 0, 0, 0, 0, 0) : 0.01909360746250256
(0, 0, 0, 1, 0, 0, 0, 0, 0, 0, 0, 0, 0, 0, 0) : 0.01909360746250256
(0, 0, 0, 0, 0, 0, 0, 0, 0, 1, 0, 0, 0, 0, 0) : 0.019093607462502552
(0, 0, 0, 0, 0, 0, 0, 0, 0, 0, 0, 0, 0, 0, 1) : 0.016922469511925584
Bottom 7 elements
(1, 1, 1, 1, 1, 1, 1, 1, 1, 1, 1, 1, 1, 1, 1) : 4.884933081059333e-26
(1, 1, 1, 1, 1, 0, 1, 1, 1, 1, 1, 1, 1, 1, 1) : 1.266324960243836e-24
(1, 1, 1, 1, 1, 1, 1, 0, 1, 1, 1, 1, 1, 1, 1) : 1.850846867379138e-24
(1, 1, 1, 1, 1, 1, 1, 1, 0, 1, 1, 1, 1, 1, 1) : 1.850846867379138e-24
(1, 1, 1, 0, 1, 1, 1, 1, 1, 1, 1, 1, 1, 1, 1) : 1.8508468673791512e-24
(1, 1, 1, 1, 1, 1, 1, 1, 1, 0, 1, 1, 1, 1, 1) : 1.8508468673791512e-24
(1, 1, 1, 1, 1, 1, 1, 1, 1, 1, 1, 1, 1, 1, 0) : 2.0883088921528504e-24

Empirical: [0.77142857 0.15714286 0.05714286 0.00857143 0.00571429 0.
 0.         0.         0.         0.         0.         0.
 0.         0.         0.         0.        ]
Maxent: [7.23435572e-01 2.36962052e-01 3.60074624e-02 3.36756146e-03
 2.16804077e-04 1.01785012e-05 3.60008396e-07 9.76871835e-09
 2.05033117e-10 3.32865755e-12 4.14574080e-14 3.88986266e-16
 2.66141845e-18 1.25342951e-20 3.63306460e-23 4.88493308e-26]
True distribution:[7.13495205e-01 2.04419799e-01 5.85672529e-02 1.67797989e-02
 4.80749287e-03 1.37736977e-03 3.94623046e-04 1.13061396e-04
 3.23926322e-05 9.28064450e-06 2.65894917e-06 7.61801691e-07
 2.18259839e-07 6.25324908e-08 1.79158586e-08 5.13297942e-09]
Computational time for calculating maxent = 15.332054138183594 seconds
###################################################
PROCESSING DISEASES: 15 FILE NUMBER: 2
###################################################
The support is:  0.02250529458505348
No 3 way constraints specified
No 4 way constraints specified

Partioning the feature graph and Finding the connected components:
The clusters are:
 [[0], [1], [2], [3], [4], [5], [6], [7], [8], [9], [10], [11], [12], [13], [14]]

The constraints are:
two_wayc {}
three_wayc {}
four_wayc {}
The total number of MBA constraints are:  0

[[0], [1], [2], [3], [4], [5], [6], [7], [8], [9], [10], [11], [12], [13], [14]]
Total Probability:  0.9999999999999982
Top 7 elements
(0, 0, 0, 0, 0, 0, 0, 0, 0, 0, 0, 0, 0, 0, 0) : 0.44586611212170824
(0, 0, 0, 0, 0, 0, 0, 0, 0, 1, 0, 0, 0, 0, 0) : 0.0342973932401314
(0, 0, 0, 0, 0, 0, 0, 0, 0, 0, 0, 0, 0, 1, 0) : 0.029905653861821903
(0, 0, 0, 0, 1, 0, 0, 0, 0, 0, 0, 0, 0, 0, 0) : 0.02845953907159841
(0, 1, 0, 0, 0, 0, 0, 0, 0, 0, 0, 0, 0, 0, 0) : 0.027022188613436877
(0, 0, 0, 0, 0, 0, 0, 0, 1, 0, 0, 0, 0, 0, 0) : 0.027022188613436866
(0, 0, 0, 0, 0, 0, 1, 0, 0, 0, 0, 0, 0, 0, 0) : 0.025593523052303502
Bottom 7 elements
(1, 1, 1, 1, 1, 1, 1, 1, 1, 1, 1, 1, 1, 1, 1) : 4.780623849686964e-20
(1, 1, 1, 1, 1, 1, 1, 1, 1, 0, 1, 1, 1, 1, 1) : 6.214811004593051e-19
(1, 1, 1, 1, 1, 1, 1, 1, 1, 1, 1, 1, 1, 0, 1) : 7.12747555771508e-19
(1, 1, 1, 1, 0, 1, 1, 1, 1, 1, 1, 1, 1, 1, 1) : 7.48964403117624e-19
(1, 1, 1, 1, 1, 1, 1, 1, 0, 1, 1, 1, 1, 1, 1) : 7.888029351983472e-19
(1, 0, 1, 1, 1, 1, 1, 1, 1, 1, 1, 1, 1, 1, 1) : 7.888029351983529e-19
(1, 1, 1, 1, 1, 1, 0, 1, 1, 1, 1, 1, 1, 1, 1) : 8.328349969717803e-19

Empirical: [0.56       0.24857143 0.09428571 0.05714286 0.02857143 0.00857143
 0.         0.00285714 0.         0.         0.         0.
 0.         0.         0.         0.        ]
Maxent: [4.45866112e-01 3.70342511e-01 1.43207329e-01 3.41974821e-02
 5.63962555e-03 6.80327958e-04 6.20158307e-05 4.34960022e-06
 2.36642047e-07 9.98619849e-09 3.24175635e-10 7.94921843e-12
 1.42516284e-13 1.76339464e-15 1.34632335e-17 4.78062385e-20]
True distribution:[5.65402707e-01 2.45723004e-01 1.06790777e-01 4.64110804e-02
 2.01701724e-02 8.76592080e-03 3.80965347e-03 1.65566857e-03
 7.19550597e-04 3.12715400e-04 1.35905553e-04 5.90643097e-05
 2.56692432e-05 1.11558071e-05 4.84829378e-06 2.10705979e-06]
Computational time for calculating maxent = 7.406070232391357 seconds
###################################################
PROCESSING DISEASES: 15 FILE NUMBER: 3
###################################################
The support is:  0.021913470954916504
No 3 way constraints specified
No 4 way constraints specified

Partioning the feature graph and Finding the connected components:
The clusters are:
 [[0, 14, 7, 10], [1, 8], [2], [3], [4], [5], [6], [9], [11], [12], [13]]

The constraints are:
two_wayc {(0, 7): (1, 1), (0, 14): (1, 1), (1, 8): (1, 1), (7, 10): (1, 1)}
three_wayc {}
four_wayc {}
The total number of MBA constraints are:  4

Partition num, Total prob:  0 0.9999999999999999
Partition num, Total prob:  1 1.0
[[0, 14, 7, 10], [1, 8], [2], [3], [4], [5], [6], [9], [11], [12], [13]]
Total Probability:  1.0000000000000036
Top 7 elements
(0, 0, 0, 0, 0, 0, 0, 0, 0, 0, 0, 0, 0, 0, 0) : 0.35833805148138687
(0, 0, 0, 0, 0, 0, 0, 0, 0, 1, 0, 0, 0, 0, 0) : 0.032373219604237446
(0, 0, 0, 0, 1, 0, 0, 0, 0, 0, 0, 0, 0, 0, 0) : 0.031159830563598872
(0, 0, 0, 0, 0, 0, 0, 0, 0, 0, 0, 1, 0, 0, 0) : 0.031159830563598858
(0, 0, 1, 0, 0, 0, 0, 0, 0, 0, 0, 0, 0, 0, 0) : 0.027564465498568242
(0, 0, 0, 0, 0, 1, 0, 0, 0, 0, 0, 0, 0, 0, 0) : 0.026380715446482468
(0, 0, 0, 1, 0, 0, 0, 0, 0, 0, 0, 0, 0, 0, 0) : 0.02520420545587737
Bottom 7 elements
(1, 1, 1, 1, 1, 1, 1, 1, 1, 1, 1, 1, 1, 1, 1) : 2.2831489819630845e-15
(1, 1, 1, 1, 1, 1, 1, 0, 1, 1, 1, 1, 1, 1, 1) : 2.60746058081569e-15
(0, 1, 1, 1, 1, 1, 1, 1, 1, 1, 1, 1, 1, 1, 1) : 2.764535101831245e-15
(1, 1, 1, 1, 1, 1, 1, 1, 0, 1, 1, 1, 1, 1, 1) : 3.363152936278153e-15
(1, 1, 1, 1, 1, 1, 1, 1, 1, 1, 0, 1, 1, 1, 1) : 3.8278067863293726e-15
(1, 1, 1, 1, 1, 1, 1, 0, 0, 1, 1, 1, 1, 1, 1) : 3.840874501785655e-15
(0, 1, 1, 1, 1, 1, 1, 1, 0, 1, 1, 1, 1, 1, 1) : 4.072250395667859e-15

Empirical: [0.46571429 0.28       0.11714286 0.05428571 0.04       0.02285714
 0.01142857 0.00285714 0.         0.         0.00571429 0.
 0.         0.         0.         0.        ]
Maxent: [3.58338051e-01 3.43228999e-01 1.86823025e-01 7.69528858e-02
 2.57928306e-02 7.02325729e-03 1.53475971e-03 2.66063233e-04
 3.60619729e-05 3.75440030e-06 2.94231728e-07 1.69333441e-08
 6.90900201e-10 1.88635945e-11 3.08536375e-13 2.28314898e-15]
True distribution:[4.64759672e-01 2.48767926e-01 1.33155875e-01 7.12732040e-02
 3.81497970e-02 2.04201148e-02 1.09300998e-02 5.85046085e-03
 3.13152603e-03 1.67618510e-03 8.97197230e-04 4.80235071e-04
 2.57051310e-04 1.37589652e-04 7.36464334e-05 3.94200952e-05]
Computational time for calculating maxent = 8.17616891860962 seconds
###################################################
PROCESSING DISEASES: 15 FILE NUMBER: 4
###################################################
The support is:  0.02494664732477951
No 3 way constraints specified
No 4 way constraints specified

Partioning the feature graph and Finding the connected components:
The clusters are:
 [[0, 1, 2, 3, 4, 5, 6, 7, 8, 9, 11, 12, 14], [10], [13]]

The constraints are:
two_wayc {(0, 1): (1, 1), (0, 2): (1, 1), (0, 3): (1, 1), (0, 4): (1, 1), (0, 6): (1, 1), (0, 7): (1, 1), (0, 8): (1, 1), (0, 11): (1, 1), (2, 3): (1, 1), (2, 5): (1, 1), (2, 8): (1, 1), (3, 9): (1, 1), (3, 12): (1, 1), (4, 5): (1, 1), (4, 6): (1, 1), (4, 7): (1, 1), (4, 8): (1, 1), (4, 11): (1, 1), (5, 9): (1, 1), (5, 14): (1, 1), (7, 8): (1, 1), (7, 11): (1, 1), (7, 14): (1, 1), (8, 14): (1, 1), (11, 14): (1, 1)}
three_wayc {}
four_wayc {}
The total number of MBA constraints are:  25

Partition num, Total prob:  0 0.9999999999999999
[[0, 1, 2, 3, 4, 5, 6, 7, 8, 9, 11, 12, 14], [10], [13]]
Total Probability:  0.9999999999999946
Top 7 elements
(0, 0, 0, 0, 0, 0, 0, 0, 0, 0, 0, 0, 0, 0, 0) : 0.3951069039475847
(0, 0, 0, 0, 0, 0, 0, 0, 0, 0, 0, 0, 0, 1, 0) : 0.03704127224508607
(0, 0, 0, 0, 0, 0, 0, 0, 0, 0, 1, 0, 0, 0, 0) : 0.03302751209468972
(0, 0, 0, 0, 1, 0, 0, 0, 0, 0, 0, 0, 0, 0, 0) : 0.01719394498436554
(0, 0, 0, 0, 0, 0, 0, 1, 0, 0, 0, 0, 0, 0, 0) : 0.016063624735186115
(0, 0, 0, 0, 0, 0, 1, 0, 0, 0, 0, 0, 0, 0, 0) : 0.015414298198484363
(0, 0, 1, 0, 0, 0, 0, 0, 0, 0, 0, 0, 0, 0, 0) : 0.014626396514338417
Bottom 7 elements
(0, 1, 1, 0, 0, 1, 1, 1, 1, 1, 1, 1, 1, 1, 0) : 1.697555050345276e-11
(0, 1, 1, 0, 1, 1, 1, 1, 1, 1, 1, 1, 1, 1, 0) : 1.960902464932521e-11
(0, 1, 1, 0, 1, 0, 1, 1, 1, 1, 1, 1, 1, 1, 0) : 2.325663622424615e-11
(0, 1, 0, 0, 0, 1, 1, 1, 1, 1, 1, 1, 1, 1, 0) : 3.223148261043011e-11
(0, 1, 1, 0, 1, 0, 1, 0, 1, 1, 1, 1, 1, 1, 1) : 3.2732234947957354e-11
(0, 1, 1, 0, 0, 0, 1, 1, 1, 1, 1, 1, 1, 1, 0) : 3.5458973588597614e-11
(0, 1, 1, 0, 1, 0, 1, 1, 1, 1, 1, 0, 1, 1, 1) : 3.626519288897224e-11

Empirical: [0.43142857 0.20857143 0.16285714 0.07714286 0.03428571 0.04571429
 0.00857143 0.01428571 0.01142857 0.00285714 0.         0.
 0.00285714 0.         0.         0.        ]
Maxent: [3.95106904e-01 2.32486158e-01 1.53189574e-01 9.87388808e-02
 5.78292325e-02 3.17426286e-02 1.65866068e-02 8.21913224e-03
 3.78291636e-03 1.56304408e-03 5.55591828e-04 1.60372047e-04
 3.40241543e-05 4.59670143e-06 3.28895080e-07 9.24186671e-09]
True distribution:[3.93601379e-01 2.38731304e-01 1.44797855e-01 8.78243387e-02
 5.32681541e-02 3.23087686e-02 1.95962588e-02 1.18857318e-02
 7.20906072e-03 4.37251635e-03 2.65206523e-03 1.60855887e-03
 9.75640275e-04 5.91755739e-04 3.58917999e-04 2.17694771e-04]
Computational time for calculating maxent = 14.822127342224121 seconds
###################################################
PROCESSING DISEASES: 15 FILE NUMBER: 5
###################################################
The support is:  0.03160482369464253
No 4 way constraints specified

Partioning the feature graph and Finding the connected components:
The clusters are:
 [[0, 2, 3, 4, 5, 6, 7, 8, 9, 10, 11, 12, 13, 14, 1]]

The constraints are:
two_wayc {(0, 2): (1, 1), (0, 3): (1, 1), (0, 4): (1, 1), (0, 5): (1, 1), (0, 6): (1, 1), (0, 8): (1, 1), (0, 9): (1, 1), (0, 11): (1, 1), (0, 12): (1, 1), (0, 14): (1, 1), (1, 2): (1, 1), (1, 3): (1, 1), (1, 4): (1, 1), (1, 9): (1, 1), (2, 3): (1, 1), (2, 4): (1, 1), (2, 5): (1, 1), (2, 6): (1, 1), (2, 7): (1, 1), (2, 8): (1, 1), (2, 9): (1, 1), (2, 10): (1, 1), (2, 11): (1, 1), (2, 12): (1, 1), (2, 13): (1, 1), (2, 14): (1, 1), (3, 4): (1, 1), (3, 5): (1, 1), (3, 6): (1, 1), (3, 7): (1, 1), (3, 8): (1, 1), (3, 9): (1, 1), (3, 10): (1, 1), (3, 12): (1, 1), (3, 14): (1, 1), (4, 5): (1, 1), (4, 6): (1, 1), (4, 7): (1, 1), (4, 8): (1, 1), (4, 9): (1, 1), (4, 10): (1, 1), (4, 12): (1, 1), (4, 14): (1, 1), (5, 8): (1, 1), (5, 9): (1, 1), (5, 12): (1, 1), (6, 8): (1, 1), (6, 9): (1, 1), (6, 12): (1, 1), (6, 13): (1, 1), (7, 8): (1, 1), (7, 9): (1, 1), (7, 11): (1, 1), (7, 12): (1, 1), (7, 13): (1, 1), (7, 14): (1, 1), (8, 9): (1, 1), (8, 10): (1, 1), (8, 12): (1, 1), (8, 13): (1, 1), (8, 14): (1, 1), (9, 10): (1, 1), (9, 12): (1, 1), (9, 13): (1, 1), (9, 14): (1, 1), (10, 12): (1, 1), (10, 14): (1, 1), (11, 12): (1, 1), (11, 13): (1, 1), (11, 14): (1, 1), (12, 13): (1, 1), (12, 14): (1, 1), (13, 14): (1, 1)}
three_wayc {(0, 4, 12): (1, 1, 1), (2, 12, 14): (1, 1, 1), (3, 4, 12): (1, 1, 1)}
four_wayc {}
The total number of MBA constraints are:  76

Partition num, Total prob:  0 0.9999999999999998
[[0, 2, 3, 4, 5, 6, 7, 8, 9, 10, 11, 12, 13, 14, 1]]
Total Probability:  0.9999999999999951
Top 7 elements
(0, 0, 0, 0, 0, 0, 0, 0, 0, 0, 0, 0, 0, 0, 0) : 0.31973251467286906
(0, 0, 1, 0, 0, 0, 0, 0, 0, 0, 0, 0, 0, 0, 0) : 0.01857815694216424
(0, 0, 0, 0, 0, 0, 0, 0, 0, 0, 0, 0, 0, 1, 0) : 0.017561983740391758
(1, 0, 0, 0, 0, 0, 0, 0, 0, 0, 0, 0, 0, 0, 0) : 0.017237582113904044
(0, 0, 0, 0, 0, 0, 0, 0, 0, 0, 0, 1, 0, 0, 0) : 0.016368722732133217
(0, 0, 0, 0, 0, 0, 0, 0, 0, 0, 1, 0, 0, 0, 0) : 0.01585534756865081
(0, 0, 0, 0, 0, 0, 1, 0, 0, 0, 0, 0, 0, 0, 0) : 0.01583910293909711
Bottom 7 elements
(1, 1, 0, 0, 0, 1, 1, 1, 0, 1, 1, 1, 1, 0, 0) : 2.6173979429104685e-09
(1, 1, 0, 0, 0, 1, 1, 1, 0, 0, 1, 1, 1, 1, 0) : 2.7148450453704993e-09
(1, 1, 0, 0, 0, 1, 0, 1, 1, 0, 1, 1, 1, 1, 0) : 2.965533305261427e-09
(1, 1, 0, 0, 0, 1, 1, 1, 0, 1, 1, 1, 1, 1, 0) : 3.0634339762918614e-09
(1, 1, 0, 0, 0, 1, 1, 1, 1, 0, 1, 1, 1, 1, 0) : 3.2909776426669374e-09
(1, 1, 0, 0, 0, 1, 1, 1, 0, 0, 1, 1, 1, 0, 1) : 3.3056244359104177e-09
(1, 1, 0, 0, 0, 1, 1, 1, 0, 0, 1, 0, 1, 1, 1) : 3.32661851517046e-09

Empirical: [0.32       0.22571429 0.16857143 0.1        0.04285714 0.02857143
 0.04285714 0.02571429 0.02       0.01142857 0.00571429 0.
 0.         0.00285714 0.00571429 0.        ]
Maxent: [0.31973251 0.2178273  0.1637678  0.10604342 0.06507142 0.03983034
 0.02516438 0.01682737 0.01207919 0.0092966  0.00754539 0.00623249
 0.00492276 0.0033931  0.00176532 0.00050062]
True distribution:[0.34119358 0.22492867 0.14828212 0.0977536  0.06444314 0.04248354
 0.02800687 0.01846327 0.01217174 0.0080241  0.00528982 0.00348726
 0.00229894 0.00151556 0.00099912 0.00065866]
Computational time for calculating maxent = 137.24069619178772 seconds
