
Gurobi 8.1.1 (win64, Python) logging started 12/12/19 15:02:42

Academic license - for non-commercial use only

Gurobi 8.1.1 (win64, Python) logging started 12/12/19 15:02:54

Academic license - for non-commercial use only
Optimize a model with 17 rows, 16 columns and 82 nonzeros
Coefficient statistics:
  Matrix range     [1e+00, 1e+00]
  Objective range  [1e+00, 1e+00]
  Bounds range     [1e+00, 1e+00]
  RHS range        [4e-02, 1e+00]
Presolve removed 17 rows and 16 columns
Presolve time: 0.09s
Presolve: All rows and columns removed
Iteration    Objective       Primal Inf.    Dual Inf.      Time
       0    1.0000000e+00   0.000000e+00   0.000000e+00      0s

Solved in 0 iterations and 0.12 seconds
Optimal objective  1.000000000e+00
Optimize a model with 17 rows, 16 columns and 82 nonzeros
Coefficient statistics:
  Matrix range     [1e+00, 1e+00]
  Objective range  [1e+00, 1e+00]
  Bounds range     [1e+00, 1e+00]
  RHS range        [4e-02, 1e+00]
Presolve removed 17 rows and 16 columns
Presolve time: 0.07s
Presolve: All rows and columns removed
Iteration    Objective       Primal Inf.    Dual Inf.      Time
       0   -0.0000000e+00   0.000000e+00   0.000000e+00      0s

Solved in 0 iterations and 0.12 seconds
Optimal objective -0.000000000e+00

Gurobi 8.1.1 (win64, Python) logging started 12/12/19 15:03:35

Academic license - for non-commercial use only
Optimize a model with 17 rows, 16 columns and 82 nonzeros
Coefficient statistics:
  Matrix range     [1e+00, 1e+00]
  Objective range  [1e+00, 1e+00]
  Bounds range     [1e+00, 1e+00]
  RHS range        [4e-02, 1e+00]
Presolve removed 17 rows and 16 columns
Presolve time: 0.06s
Presolve: All rows and columns removed
Iteration    Objective       Primal Inf.    Dual Inf.      Time
       0    1.0000000e+00   0.000000e+00   0.000000e+00      0s

Solved in 0 iterations and 0.10 seconds
Optimal objective  1.000000000e+00
Optimize a model with 17 rows, 16 columns and 82 nonzeros
Coefficient statistics:
  Matrix range     [1e+00, 1e+00]
  Objective range  [1e+00, 1e+00]
  Bounds range     [1e+00, 1e+00]
  RHS range        [4e-02, 1e+00]
Presolve removed 17 rows and 16 columns
Presolve time: 0.07s
Presolve: All rows and columns removed
Iteration    Objective       Primal Inf.    Dual Inf.      Time
       0   -0.0000000e+00   0.000000e+00   0.000000e+00      0s

Solved in 0 iterations and 0.12 seconds
Optimal objective -0.000000000e+00

Gurobi 8.1.1 (win64, Python) logging started 12/12/19 15:04:11

Academic license - for non-commercial use only
Optimize a model with 17 rows, 16 columns and 82 nonzeros
Coefficient statistics:
  Matrix range     [1e+00, 1e+00]
  Objective range  [1e+00, 1e+00]
  Bounds range     [1e+00, 1e+00]
  RHS range        [4e-02, 1e+00]
Presolve removed 17 rows and 16 columns
Presolve time: 0.09s
Presolve: All rows and columns removed
Iteration    Objective       Primal Inf.    Dual Inf.      Time
       0    1.0000000e+00   0.000000e+00   0.000000e+00      0s

Solved in 0 iterations and 0.15 seconds
Optimal objective  1.000000000e+00
Optimize a model with 17 rows, 16 columns and 82 nonzeros
Coefficient statistics:
  Matrix range     [1e+00, 1e+00]
  Objective range  [1e+00, 1e+00]
  Bounds range     [1e+00, 1e+00]
  RHS range        [4e-02, 1e+00]
Presolve removed 17 rows and 16 columns
Presolve time: 0.12s
Presolve: All rows and columns removed
Iteration    Objective       Primal Inf.    Dual Inf.      Time
       0   -0.0000000e+00   0.000000e+00   0.000000e+00      0s

Solved in 0 iterations and 0.18 seconds
Optimal objective -0.000000000e+00

Gurobi 8.1.1 (win64, Python) logging started 12/12/19 15:05:02

Academic license - for non-commercial use only
Optimize a model with 1025 rows, 1024 columns and 59050 nonzeros
Coefficient statistics:
  Matrix range     [1e+00, 1e+00]
  Objective range  [1e+00, 1e+00]
  Bounds range     [1e+00, 1e+00]
  RHS range        [4e-03, 1e+00]

Concurrent LP optimizer: dual simplex and barrier
Showing barrier log only...

Presolve removed 1025 rows and 1024 columns
Presolve time: 0.19s
Presolve: All rows and columns removed
Iteration    Objective       Primal Inf.    Dual Inf.      Time
       0    1.0000000e+00   0.000000e+00   0.000000e+00      0s

Solved with dual simplex
Solved in 0 iterations and 0.27 seconds
Optimal objective  1.000000000e+00
Optimize a model with 1025 rows, 1024 columns and 59050 nonzeros
Coefficient statistics:
  Matrix range     [1e+00, 1e+00]
  Objective range  [1e+00, 1e+00]
  Bounds range     [1e+00, 1e+00]
  RHS range        [4e-03, 1e+00]

Concurrent LP optimizer: dual simplex and barrier
Showing barrier log only...

Presolve removed 1025 rows and 1024 columns
Presolve time: 0.16s
Presolve: All rows and columns removed
Iteration    Objective       Primal Inf.    Dual Inf.      Time
       0   -0.0000000e+00   0.000000e+00   0.000000e+00      0s

Solved with dual simplex
Solved in 0 iterations and 0.23 seconds
Optimal objective -0.000000000e+00

Gurobi 8.1.1 (win64, Python) logging started 12/12/19 15:05:19

Academic license - for non-commercial use only
Optimize a model with 1025 rows, 1024 columns and 59050 nonzeros
Coefficient statistics:
  Matrix range     [1e+00, 1e+00]
  Objective range  [1e+00, 1e+00]
  Bounds range     [1e+00, 1e+00]
  RHS range        [4e-03, 1e+00]

Concurrent LP optimizer: dual simplex and barrier
Showing barrier log only...

Presolve removed 1025 rows and 1024 columns
Presolve time: 0.16s
Presolve: All rows and columns removed
Iteration    Objective       Primal Inf.    Dual Inf.      Time
       0    1.0000000e+00   0.000000e+00   0.000000e+00      0s

Solved with dual simplex
Solved in 0 iterations and 0.21 seconds
Optimal objective  1.000000000e+00
Optimize a model with 1025 rows, 1024 columns and 59050 nonzeros
Coefficient statistics:
  Matrix range     [1e+00, 1e+00]
  Objective range  [1e+00, 1e+00]
  Bounds range     [1e+00, 1e+00]
  RHS range        [4e-03, 1e+00]

Concurrent LP optimizer: dual simplex and barrier
Showing barrier log only...

Presolve removed 1025 rows and 1024 columns
Presolve time: 0.15s
Presolve: All rows and columns removed
Iteration    Objective       Primal Inf.    Dual Inf.      Time
       0   -0.0000000e+00   0.000000e+00   0.000000e+00      0s

Solved with dual simplex
Solved in 0 iterations and 0.20 seconds
Optimal objective -0.000000000e+00

Gurobi 8.1.1 (win64, Python) logging started 12/19/19 12:40:44

Academic license - for non-commercial use only

Gurobi 8.1.1 (win64, Python) logging started 12/19/19 12:41:02

Academic license - for non-commercial use only
Optimize a model with 9 rows, 8 columns and 28 nonzeros
Coefficient statistics:
  Matrix range     [1e+00, 1e+00]
  Objective range  [1e+00, 1e+00]
  Bounds range     [1e+00, 1e+00]
  RHS range        [6e-02, 1e+00]
Presolve removed 9 rows and 8 columns
Presolve time: 0.06s
Presolve: All rows and columns removed
Iteration    Objective       Primal Inf.    Dual Inf.      Time
       0    1.0000000e+00   0.000000e+00   0.000000e+00      0s

Solved in 0 iterations and 0.10 seconds
Optimal objective  1.000000000e+00

Gurobi 8.1.1 (win64, Python) logging started 12/19/19 12:41:20

Academic license - for non-commercial use only
Optimize a model with 17 rows, 16 columns and 82 nonzeros
Coefficient statistics:
  Matrix range     [1e+00, 1e+00]
  Objective range  [1e+00, 1e+00]
  Bounds range     [1e+00, 1e+00]
  RHS range        [4e-02, 1e+00]
Presolve removed 17 rows and 16 columns
Presolve time: 0.08s
Presolve: All rows and columns removed
Iteration    Objective       Primal Inf.    Dual Inf.      Time
       0    1.0000000e+00   0.000000e+00   0.000000e+00      0s

Solved in 0 iterations and 0.13 seconds
Optimal objective  1.000000000e+00
Optimize a model with 17 rows, 16 columns and 82 nonzeros
Coefficient statistics:
  Matrix range     [1e+00, 1e+00]
  Objective range  [1e+00, 1e+00]
  Bounds range     [1e+00, 1e+00]
  RHS range        [4e-02, 1e+00]
Presolve removed 17 rows and 16 columns
Presolve time: 0.08s
Presolve: All rows and columns removed
Iteration    Objective       Primal Inf.    Dual Inf.      Time
       0   -0.0000000e+00   0.000000e+00   0.000000e+00      0s

Solved in 0 iterations and 0.14 seconds
Optimal objective -0.000000000e+00

Gurobi 8.1.1 (win64, Python) logging started 12/19/19 12:42:14

Academic license - for non-commercial use only
Optimize a model with 65 rows, 64 columns and 730 nonzeros
Coefficient statistics:
  Matrix range     [1e+00, 1e+00]
  Objective range  [1e+00, 1e+00]
  Bounds range     [1e+00, 1e+00]
  RHS range        [8e-03, 1e+00]
Presolve removed 65 rows and 64 columns
Presolve time: 0.08s
Presolve: All rows and columns removed
Iteration    Objective       Primal Inf.    Dual Inf.      Time
       0    1.0000000e+00   0.000000e+00   0.000000e+00      0s

Solved in 0 iterations and 0.15 seconds
Optimal objective  1.000000000e+00
Optimize a model with 65 rows, 64 columns and 730 nonzeros
Coefficient statistics:
  Matrix range     [1e+00, 1e+00]
  Objective range  [1e+00, 1e+00]
  Bounds range     [1e+00, 1e+00]
  RHS range        [8e-03, 1e+00]
Presolve removed 65 rows and 64 columns
Presolve time: 0.11s
Presolve: All rows and columns removed
Iteration    Objective       Primal Inf.    Dual Inf.      Time
       0   -0.0000000e+00   0.000000e+00   0.000000e+00      0s

Solved in 0 iterations and 0.18 seconds
Optimal objective -0.000000000e+00

Gurobi 8.1.1 (win64, Python) logging started 12/19/19 13:06:44

Academic license - for non-commercial use only
Optimize a model with 5 rows, 4 columns and 10 nonzeros
Coefficient statistics:
  Matrix range     [1e+00, 1e+00]
  Objective range  [1e+00, 1e+00]
  Bounds range     [1e+00, 1e+00]
  RHS range        [3e-02, 1e+00]
Presolve removed 5 rows and 4 columns
Presolve time: 0.06s
Presolve: All rows and columns removed
Iteration    Objective       Primal Inf.    Dual Inf.      Time
       0    1.0000000e+00   0.000000e+00   0.000000e+00      0s

Solved in 0 iterations and 0.09 seconds
Optimal objective  1.000000000e+00

Gurobi 8.1.1 (win64, Python) logging started 12/19/19 13:06:59

Academic license - for non-commercial use only

Gurobi 8.1.1 (win64, Python) logging started 12/19/19 13:07:04

Academic license - for non-commercial use only
Optimize a model with 1025 rows, 1024 columns and 59050 nonzeros
Coefficient statistics:
  Matrix range     [1e+00, 1e+00]
  Objective range  [1e+00, 1e+00]
  Bounds range     [1e+00, 1e+00]
  RHS range        [4e-03, 1e+00]

Concurrent LP optimizer: dual simplex and barrier
Showing barrier log only...

Presolve removed 1025 rows and 1024 columns
Presolve time: 0.12s
Presolve: All rows and columns removed
Iteration    Objective       Primal Inf.    Dual Inf.      Time
       0    1.0000000e+00   0.000000e+00   0.000000e+00      0s

Solved with dual simplex
Solved in 0 iterations and 0.21 seconds
Optimal objective  1.000000000e+00
Optimize a model with 1025 rows, 1024 columns and 59050 nonzeros
Coefficient statistics:
  Matrix range     [1e+00, 1e+00]
  Objective range  [1e+00, 1e+00]
  Bounds range     [1e+00, 1e+00]
  RHS range        [4e-03, 1e+00]

Concurrent LP optimizer: dual simplex and barrier
Showing barrier log only...

Presolve removed 1025 rows and 1024 columns
Presolve time: 0.11s
Presolve: All rows and columns removed
Iteration    Objective       Primal Inf.    Dual Inf.      Time
       0   -0.0000000e+00   0.000000e+00   0.000000e+00      0s

Solved with dual simplex
Solved in 0 iterations and 0.18 seconds
Optimal objective -0.000000000e+00

Gurobi 8.1.1 (win64, Python) logging started 12/24/19 15:52:24

Academic license - for non-commercial use only

Gurobi 8.1.1 (win64, Python) logging started 12/24/19 15:53:49

Academic license - for non-commercial use only
Optimize a model with 9 rows, 8 columns and 28 nonzeros
Coefficient statistics:
  Matrix range     [1e+00, 1e+00]
  Objective range  [1e+00, 1e+00]
  Bounds range     [1e+00, 1e+00]
  RHS range        [6e-02, 1e+00]
Presolve removed 9 rows and 8 columns
Presolve time: 0.06s
Presolve: All rows and columns removed
Iteration    Objective       Primal Inf.    Dual Inf.      Time
       0    1.0000000e+00   0.000000e+00   0.000000e+00      0s

Solved in 0 iterations and 0.12 seconds
Optimal objective  1.000000000e+00

Gurobi 8.1.1 (win64, Python) logging started 12/24/19 15:54:22

Academic license - for non-commercial use only
Optimize a model with 17 rows, 16 columns and 82 nonzeros
Coefficient statistics:
  Matrix range     [1e+00, 1e+00]
  Objective range  [1e+00, 1e+00]
  Bounds range     [1e+00, 1e+00]
  RHS range        [4e-02, 1e+00]
Presolve removed 17 rows and 16 columns
Presolve time: 0.05s
Presolve: All rows and columns removed
Iteration    Objective       Primal Inf.    Dual Inf.      Time
       0    1.0000000e+00   0.000000e+00   0.000000e+00      0s

Solved in 0 iterations and 0.08 seconds
Optimal objective  1.000000000e+00
Optimize a model with 17 rows, 16 columns and 82 nonzeros
Coefficient statistics:
  Matrix range     [1e+00, 1e+00]
  Objective range  [1e+00, 1e+00]
  Bounds range     [1e+00, 1e+00]
  RHS range        [4e-02, 1e+00]
Presolve removed 17 rows and 16 columns
Presolve time: 0.08s
Presolve: All rows and columns removed
Iteration    Objective       Primal Inf.    Dual Inf.      Time
       0   -0.0000000e+00   0.000000e+00   0.000000e+00      0s

Solved in 0 iterations and 0.11 seconds
Optimal objective -0.000000000e+00

Gurobi 8.1.1 (win64, Python) logging started 12/24/19 15:55:26

Academic license - for non-commercial use only
Optimize a model with 17 rows, 16 columns and 82 nonzeros
Coefficient statistics:
  Matrix range     [1e+00, 1e+00]
  Objective range  [1e+00, 1e+00]
  Bounds range     [1e+00, 1e+00]
  RHS range        [4e-02, 1e+00]
Presolve removed 17 rows and 16 columns
Presolve time: 0.08s
Presolve: All rows and columns removed
Iteration    Objective       Primal Inf.    Dual Inf.      Time
       0    1.0000000e+00   0.000000e+00   0.000000e+00      0s

Solved in 0 iterations and 0.10 seconds
Optimal objective  1.000000000e+00
Optimize a model with 17 rows, 16 columns and 82 nonzeros
Coefficient statistics:
  Matrix range     [1e+00, 1e+00]
  Objective range  [1e+00, 1e+00]
  Bounds range     [1e+00, 1e+00]
  RHS range        [4e-02, 1e+00]
Presolve removed 17 rows and 16 columns
Presolve time: 0.08s
Presolve: All rows and columns removed
Iteration    Objective       Primal Inf.    Dual Inf.      Time
       0   -0.0000000e+00   0.000000e+00   0.000000e+00      0s

Solved in 0 iterations and 0.13 seconds
Optimal objective -0.000000000e+00

Gurobi 8.1.1 (win64, Python) logging started 12/24/19 15:56:42

Academic license - for non-commercial use only
Optimize a model with 17 rows, 16 columns and 82 nonzeros
Coefficient statistics:
  Matrix range     [1e+00, 1e+00]
  Objective range  [1e+00, 1e+00]
  Bounds range     [1e+00, 1e+00]
  RHS range        [4e-02, 1e+00]
Presolve removed 17 rows and 16 columns
Presolve time: 0.07s
Presolve: All rows and columns removed
Iteration    Objective       Primal Inf.    Dual Inf.      Time
       0    1.0000000e+00   0.000000e+00   0.000000e+00      0s

Solved in 0 iterations and 0.10 seconds
Optimal objective  1.000000000e+00
Optimize a model with 17 rows, 16 columns and 82 nonzeros
Coefficient statistics:
  Matrix range     [1e+00, 1e+00]
  Objective range  [1e+00, 1e+00]
  Bounds range     [1e+00, 1e+00]
  RHS range        [4e-02, 1e+00]
Presolve removed 17 rows and 16 columns
Presolve time: 0.07s
Presolve: All rows and columns removed
Iteration    Objective       Primal Inf.    Dual Inf.      Time
       0   -0.0000000e+00   0.000000e+00   0.000000e+00      0s

Solved in 0 iterations and 0.12 seconds
Optimal objective -0.000000000e+00

Gurobi 8.1.1 (win64, Python) logging started 12/24/19 16:00:17

Academic license - for non-commercial use only
Optimize a model with 17 rows, 16 columns and 82 nonzeros
Coefficient statistics:
  Matrix range     [1e+00, 1e+00]
  Objective range  [1e+00, 1e+00]
  Bounds range     [1e+00, 1e+00]
  RHS range        [4e-02, 1e+00]
Presolve removed 17 rows and 16 columns
Presolve time: 0.06s
Presolve: All rows and columns removed
Iteration    Objective       Primal Inf.    Dual Inf.      Time
       0    1.0000000e+00   0.000000e+00   0.000000e+00      0s

Solved in 0 iterations and 0.09 seconds
Optimal objective  1.000000000e+00
Optimize a model with 17 rows, 16 columns and 82 nonzeros
Coefficient statistics:
  Matrix range     [1e+00, 1e+00]
  Objective range  [1e+00, 1e+00]
  Bounds range     [1e+00, 1e+00]
  RHS range        [4e-02, 1e+00]
Presolve removed 17 rows and 16 columns
Presolve time: 0.03s
Presolve: All rows and columns removed
Iteration    Objective       Primal Inf.    Dual Inf.      Time
       0   -0.0000000e+00   0.000000e+00   0.000000e+00      0s

Solved in 0 iterations and 0.04 seconds
Optimal objective -0.000000000e+00

Gurobi 8.1.1 (win64, Python) logging started 12/24/19 16:00:48

Academic license - for non-commercial use only
Optimize a model with 17 rows, 16 columns and 82 nonzeros
Coefficient statistics:
  Matrix range     [1e+00, 1e+00]
  Objective range  [1e+00, 1e+00]
  Bounds range     [1e+00, 1e+00]
  RHS range        [4e-02, 1e+00]
Presolve removed 17 rows and 16 columns
Presolve time: 0.05s
Presolve: All rows and columns removed
Iteration    Objective       Primal Inf.    Dual Inf.      Time
       0    1.0000000e+00   0.000000e+00   0.000000e+00      0s

Solved in 0 iterations and 0.08 seconds
Optimal objective  1.000000000e+00
Optimize a model with 17 rows, 16 columns and 82 nonzeros
Coefficient statistics:
  Matrix range     [1e+00, 1e+00]
  Objective range  [1e+00, 1e+00]
  Bounds range     [1e+00, 1e+00]
  RHS range        [4e-02, 1e+00]
Presolve removed 17 rows and 16 columns
Presolve time: 0.03s
Presolve: All rows and columns removed
Iteration    Objective       Primal Inf.    Dual Inf.      Time
       0   -0.0000000e+00   0.000000e+00   0.000000e+00      0s

Solved in 0 iterations and 0.04 seconds
Optimal objective -0.000000000e+00

Gurobi 8.1.1 (win64, Python) logging started 12/24/19 16:01:38

Academic license - for non-commercial use only
Optimize a model with 17 rows, 16 columns and 82 nonzeros
Coefficient statistics:
  Matrix range     [1e+00, 1e+00]
  Objective range  [1e+00, 1e+00]
  Bounds range     [1e+00, 1e+00]
  RHS range        [4e-02, 1e+00]
Presolve removed 17 rows and 16 columns
Presolve time: 0.06s
Presolve: All rows and columns removed
Iteration    Objective       Primal Inf.    Dual Inf.      Time
       0    1.0000000e+00   0.000000e+00   0.000000e+00      0s

Solved in 0 iterations and 0.09 seconds
Optimal objective  1.000000000e+00
Optimize a model with 17 rows, 16 columns and 82 nonzeros
Coefficient statistics:
  Matrix range     [1e+00, 1e+00]
  Objective range  [1e+00, 1e+00]
  Bounds range     [1e+00, 1e+00]
  RHS range        [4e-02, 1e+00]
Presolve removed 17 rows and 16 columns
Presolve time: 0.04s
Presolve: All rows and columns removed
Iteration    Objective       Primal Inf.    Dual Inf.      Time
       0   -0.0000000e+00   0.000000e+00   0.000000e+00      0s

Solved in 0 iterations and 0.07 seconds
Optimal objective -0.000000000e+00

Gurobi 8.1.1 (win64, Python) logging started 12/24/19 16:03:01

Academic license - for non-commercial use only
Optimize a model with 65 rows, 64 columns and 730 nonzeros
Coefficient statistics:
  Matrix range     [1e+00, 1e+00]
  Objective range  [1e+00, 1e+00]
  Bounds range     [1e+00, 1e+00]
  RHS range        [8e-03, 1e+00]
Presolve removed 65 rows and 64 columns
Presolve time: 0.05s
Presolve: All rows and columns removed
Iteration    Objective       Primal Inf.    Dual Inf.      Time
       0    1.0000000e+00   0.000000e+00   0.000000e+00      0s

Solved in 0 iterations and 0.07 seconds
Optimal objective  1.000000000e+00
Optimize a model with 65 rows, 64 columns and 730 nonzeros
Coefficient statistics:
  Matrix range     [1e+00, 1e+00]
  Objective range  [1e+00, 1e+00]
  Bounds range     [1e+00, 1e+00]
  RHS range        [8e-03, 1e+00]
Presolve removed 65 rows and 64 columns
Presolve time: 0.06s
Presolve: All rows and columns removed
Iteration    Objective       Primal Inf.    Dual Inf.      Time
       0   -0.0000000e+00   0.000000e+00   0.000000e+00      0s

Solved in 0 iterations and 0.11 seconds
Optimal objective -0.000000000e+00

Gurobi 8.1.1 (win64, Python) logging started 12/24/19 16:03:42

Academic license - for non-commercial use only
Optimize a model with 65 rows, 64 columns and 730 nonzeros
Coefficient statistics:
  Matrix range     [1e+00, 1e+00]
  Objective range  [1e+00, 1e+00]
  Bounds range     [1e+00, 1e+00]
  RHS range        [8e-03, 1e+00]
Presolve removed 65 rows and 64 columns
Presolve time: 0.06s
Presolve: All rows and columns removed
Iteration    Objective       Primal Inf.    Dual Inf.      Time
       0    1.0000000e+00   0.000000e+00   0.000000e+00      0s

Solved in 0 iterations and 0.11 seconds
Optimal objective  1.000000000e+00
Optimize a model with 65 rows, 64 columns and 730 nonzeros
Coefficient statistics:
  Matrix range     [1e+00, 1e+00]
  Objective range  [1e+00, 1e+00]
  Bounds range     [1e+00, 1e+00]
  RHS range        [8e-03, 1e+00]
Presolve removed 65 rows and 64 columns
Presolve time: 0.04s
Presolve: All rows and columns removed
Iteration    Objective       Primal Inf.    Dual Inf.      Time
       0   -0.0000000e+00   0.000000e+00   0.000000e+00      0s

Solved in 0 iterations and 0.06 seconds
Optimal objective -0.000000000e+00

Gurobi 8.1.1 (win64, Python) logging started 12/26/19 16:27:41

Academic license - for non-commercial use only
Optimize a model with 65 rows, 64 columns and 730 nonzeros
Coefficient statistics:
  Matrix range     [1e+00, 1e+00]
  Objective range  [1e+00, 1e+00]
  Bounds range     [1e+00, 1e+00]
  RHS range        [8e-03, 1e+00]
Presolve removed 65 rows and 64 columns
Presolve time: 0.01s
Presolve: All rows and columns removed
Iteration    Objective       Primal Inf.    Dual Inf.      Time
       0    1.0000000e+00   0.000000e+00   0.000000e+00      0s

Solved in 0 iterations and 0.03 seconds
Optimal objective  1.000000000e+00
Optimize a model with 65 rows, 64 columns and 730 nonzeros
Coefficient statistics:
  Matrix range     [1e+00, 1e+00]
  Objective range  [1e+00, 1e+00]
  Bounds range     [1e+00, 1e+00]
  RHS range        [8e-03, 1e+00]
Presolve removed 65 rows and 64 columns
Presolve time: 0.07s
Presolve: All rows and columns removed
Iteration    Objective       Primal Inf.    Dual Inf.      Time
       0   -0.0000000e+00   0.000000e+00   0.000000e+00      0s

Solved in 0 iterations and 0.11 seconds
Optimal objective -0.000000000e+00

Gurobi 8.1.1 (win64, Python) logging started 12/26/19 16:28:09

Academic license - for non-commercial use only
Optimize a model with 65 rows, 64 columns and 730 nonzeros
Coefficient statistics:
  Matrix range     [1e+00, 1e+00]
  Objective range  [1e+00, 1e+00]
  Bounds range     [1e+00, 1e+00]
  RHS range        [8e-03, 1e+00]
Presolve removed 65 rows and 64 columns
Presolve time: 0.06s
Presolve: All rows and columns removed
Iteration    Objective       Primal Inf.    Dual Inf.      Time
       0    1.0000000e+00   0.000000e+00   0.000000e+00      0s

Solved in 0 iterations and 0.11 seconds
Optimal objective  1.000000000e+00
Optimize a model with 65 rows, 64 columns and 730 nonzeros
Coefficient statistics:
  Matrix range     [1e+00, 1e+00]
  Objective range  [1e+00, 1e+00]
  Bounds range     [1e+00, 1e+00]
  RHS range        [8e-03, 1e+00]
Presolve removed 65 rows and 64 columns
Presolve time: 0.07s
Presolve: All rows and columns removed
Iteration    Objective       Primal Inf.    Dual Inf.      Time
       0   -0.0000000e+00   0.000000e+00   0.000000e+00      0s

Solved in 0 iterations and 0.12 seconds
Optimal objective -0.000000000e+00

Gurobi 8.1.1 (win64, Python) logging started 12/26/19 16:28:31

Academic license - for non-commercial use only
Optimize a model with 65 rows, 64 columns and 730 nonzeros
Coefficient statistics:
  Matrix range     [1e+00, 1e+00]
  Objective range  [1e+00, 1e+00]
  Bounds range     [1e+00, 1e+00]
  RHS range        [8e-03, 1e+00]
Presolve removed 65 rows and 64 columns
Presolve time: 0.05s
Presolve: All rows and columns removed
Iteration    Objective       Primal Inf.    Dual Inf.      Time
       0    1.0000000e+00   0.000000e+00   0.000000e+00      0s

Solved in 0 iterations and 0.09 seconds
Optimal objective  1.000000000e+00
Optimize a model with 65 rows, 64 columns and 730 nonzeros
Coefficient statistics:
  Matrix range     [1e+00, 1e+00]
  Objective range  [1e+00, 1e+00]
  Bounds range     [1e+00, 1e+00]
  RHS range        [8e-03, 1e+00]
Presolve removed 65 rows and 64 columns
Presolve time: 0.06s
Presolve: All rows and columns removed
Iteration    Objective       Primal Inf.    Dual Inf.      Time
       0   -0.0000000e+00   0.000000e+00   0.000000e+00      0s

Solved in 0 iterations and 0.11 seconds
Optimal objective -0.000000000e+00

Gurobi 8.1.1 (win64, Python) logging started 12/26/19 16:31:28

Academic license - for non-commercial use only
Optimize a model with 17 rows, 16 columns and 82 nonzeros
Coefficient statistics:
  Matrix range     [1e+00, 1e+00]
  Objective range  [1e+00, 1e+00]
  Bounds range     [1e+00, 1e+00]
  RHS range        [4e-02, 1e+00]
Presolve removed 17 rows and 16 columns
Presolve time: 0.06s
Presolve: All rows and columns removed
Iteration    Objective       Primal Inf.    Dual Inf.      Time
       0    1.0000000e+00   0.000000e+00   0.000000e+00      0s

Solved in 0 iterations and 0.11 seconds
Optimal objective  1.000000000e+00
Optimize a model with 17 rows, 16 columns and 82 nonzeros
Coefficient statistics:
  Matrix range     [1e+00, 1e+00]
  Objective range  [1e+00, 1e+00]
  Bounds range     [1e+00, 1e+00]
  RHS range        [4e-02, 1e+00]
Presolve removed 17 rows and 16 columns
Presolve time: 0.08s
Presolve: All rows and columns removed
Iteration    Objective       Primal Inf.    Dual Inf.      Time
       0   -0.0000000e+00   0.000000e+00   0.000000e+00      0s

Solved in 0 iterations and 0.13 seconds
Optimal objective -0.000000000e+00

Gurobi 8.1.1 (win64, Python) logging started 12/26/19 16:31:44

Academic license - for non-commercial use only
Optimize a model with 17 rows, 16 columns and 82 nonzeros
Coefficient statistics:
  Matrix range     [1e+00, 1e+00]
  Objective range  [1e+00, 1e+00]
  Bounds range     [1e+00, 1e+00]
  RHS range        [4e-02, 1e+00]
Presolve removed 17 rows and 16 columns
Presolve time: 0.05s
Presolve: All rows and columns removed
Iteration    Objective       Primal Inf.    Dual Inf.      Time
       0    1.0000000e+00   0.000000e+00   0.000000e+00      0s

Solved in 0 iterations and 0.09 seconds
Optimal objective  1.000000000e+00
Optimize a model with 17 rows, 16 columns and 82 nonzeros
Coefficient statistics:
  Matrix range     [1e+00, 1e+00]
  Objective range  [1e+00, 1e+00]
  Bounds range     [1e+00, 1e+00]
  RHS range        [4e-02, 1e+00]
Presolve removed 17 rows and 16 columns
Presolve time: 0.07s
Presolve: All rows and columns removed
Iteration    Objective       Primal Inf.    Dual Inf.      Time
       0   -0.0000000e+00   0.000000e+00   0.000000e+00      0s

Solved in 0 iterations and 0.12 seconds
Optimal objective -0.000000000e+00

Gurobi 8.1.1 (win64, Python) logging started 12/26/19 16:31:55

Academic license - for non-commercial use only
Optimize a model with 17 rows, 16 columns and 82 nonzeros
Coefficient statistics:
  Matrix range     [1e+00, 1e+00]
  Objective range  [1e+00, 1e+00]
  Bounds range     [1e+00, 1e+00]
  RHS range        [4e-02, 1e+00]
Presolve removed 17 rows and 16 columns
Presolve time: 0.08s
Presolve: All rows and columns removed
Iteration    Objective       Primal Inf.    Dual Inf.      Time
       0    1.0000000e+00   0.000000e+00   0.000000e+00      0s

Solved in 0 iterations and 0.13 seconds
Optimal objective  1.000000000e+00
Optimize a model with 17 rows, 16 columns and 82 nonzeros
Coefficient statistics:
  Matrix range     [1e+00, 1e+00]
  Objective range  [1e+00, 1e+00]
  Bounds range     [1e+00, 1e+00]
  RHS range        [4e-02, 1e+00]
Presolve removed 17 rows and 16 columns
Presolve time: 0.11s
Presolve: All rows and columns removed
Iteration    Objective       Primal Inf.    Dual Inf.      Time
       0   -0.0000000e+00   0.000000e+00   0.000000e+00      0s

Solved in 0 iterations and 0.15 seconds
Optimal objective -0.000000000e+00

Gurobi 8.1.1 (win64, Python) logging started 12/26/19 16:32:27

Academic license - for non-commercial use only
Optimize a model with 17 rows, 16 columns and 82 nonzeros
Coefficient statistics:
  Matrix range     [1e+00, 1e+00]
  Objective range  [1e+00, 1e+00]
  Bounds range     [1e+00, 1e+00]
  RHS range        [4e-02, 1e+00]
Presolve removed 17 rows and 16 columns
Presolve time: 0.09s
Presolve: All rows and columns removed
Iteration    Objective       Primal Inf.    Dual Inf.      Time
       0    1.0000000e+00   0.000000e+00   0.000000e+00      0s

Solved in 0 iterations and 0.14 seconds
Optimal objective  1.000000000e+00
Optimize a model with 17 rows, 16 columns and 82 nonzeros
Coefficient statistics:
  Matrix range     [1e+00, 1e+00]
  Objective range  [1e+00, 1e+00]
  Bounds range     [1e+00, 1e+00]
  RHS range        [4e-02, 1e+00]
Presolve removed 17 rows and 16 columns
Presolve time: 0.11s
Presolve: All rows and columns removed
Iteration    Objective       Primal Inf.    Dual Inf.      Time
       0   -0.0000000e+00   0.000000e+00   0.000000e+00      0s

Solved in 0 iterations and 0.18 seconds
Optimal objective -0.000000000e+00

Gurobi 8.1.1 (win64, Python) logging started 12/26/19 16:32:50

Academic license - for non-commercial use only
Optimize a model with 17 rows, 16 columns and 82 nonzeros
Coefficient statistics:
  Matrix range     [1e+00, 1e+00]
  Objective range  [1e+00, 1e+00]
  Bounds range     [1e+00, 1e+00]
  RHS range        [4e-02, 1e+00]
Presolve removed 17 rows and 16 columns
Presolve time: 0.07s
Presolve: All rows and columns removed
Iteration    Objective       Primal Inf.    Dual Inf.      Time
       0    1.0000000e+00   0.000000e+00   0.000000e+00      0s

Solved in 0 iterations and 0.13 seconds
Optimal objective  1.000000000e+00
Optimize a model with 17 rows, 16 columns and 82 nonzeros
Coefficient statistics:
  Matrix range     [1e+00, 1e+00]
  Objective range  [1e+00, 1e+00]
  Bounds range     [1e+00, 1e+00]
  RHS range        [4e-02, 1e+00]
Presolve removed 17 rows and 16 columns
Presolve time: 0.06s
Presolve: All rows and columns removed
Iteration    Objective       Primal Inf.    Dual Inf.      Time
       0   -0.0000000e+00   0.000000e+00   0.000000e+00      0s

Solved in 0 iterations and 0.10 seconds
Optimal objective -0.000000000e+00

Gurobi 8.1.1 (win64, Python) logging started 12/26/19 16:33:40

Academic license - for non-commercial use only
Optimize a model with 17 rows, 16 columns and 82 nonzeros
Coefficient statistics:
  Matrix range     [1e+00, 1e+00]
  Objective range  [1e+00, 1e+00]
  Bounds range     [1e+00, 1e+00]
  RHS range        [4e-02, 1e+00]
Presolve removed 17 rows and 16 columns
Presolve time: 0.05s
Presolve: All rows and columns removed
Iteration    Objective       Primal Inf.    Dual Inf.      Time
       0    1.0000000e+00   0.000000e+00   0.000000e+00      0s

Solved in 0 iterations and 0.07 seconds
Optimal objective  1.000000000e+00
Optimize a model with 17 rows, 16 columns and 82 nonzeros
Coefficient statistics:
  Matrix range     [1e+00, 1e+00]
  Objective range  [1e+00, 1e+00]
  Bounds range     [1e+00, 1e+00]
  RHS range        [4e-02, 1e+00]
Presolve removed 17 rows and 16 columns
Presolve time: 0.07s
Presolve: All rows and columns removed
Iteration    Objective       Primal Inf.    Dual Inf.      Time
       0   -0.0000000e+00   0.000000e+00   0.000000e+00      0s

Solved in 0 iterations and 0.09 seconds
Optimal objective -0.000000000e+00

Gurobi 8.1.1 (win64, Python) logging started 12/26/19 16:37:02

Academic license - for non-commercial use only
Optimize a model with 17 rows, 16 columns and 82 nonzeros
Coefficient statistics:
  Matrix range     [1e+00, 1e+00]
  Objective range  [1e+00, 1e+00]
  Bounds range     [1e+00, 1e+00]
  RHS range        [4e-02, 1e+00]
Presolve removed 17 rows and 16 columns
Presolve time: 0.08s
Presolve: All rows and columns removed
Iteration    Objective       Primal Inf.    Dual Inf.      Time
       0    1.0000000e+00   0.000000e+00   0.000000e+00      0s

Solved in 0 iterations and 0.13 seconds
Optimal objective  1.000000000e+00
Optimize a model with 17 rows, 16 columns and 82 nonzeros
Coefficient statistics:
  Matrix range     [1e+00, 1e+00]
  Objective range  [1e+00, 1e+00]
  Bounds range     [1e+00, 1e+00]
  RHS range        [4e-02, 1e+00]
Presolve removed 17 rows and 16 columns
Presolve time: 0.08s
Presolve: All rows and columns removed
Iteration    Objective       Primal Inf.    Dual Inf.      Time
       0   -0.0000000e+00   0.000000e+00   0.000000e+00      0s

Solved in 0 iterations and 0.14 seconds
Optimal objective -0.000000000e+00

Gurobi 8.1.1 (win64, Python) logging started 12/26/19 16:37:14

Academic license - for non-commercial use only
Optimize a model with 17 rows, 16 columns and 82 nonzeros
Coefficient statistics:
  Matrix range     [1e+00, 1e+00]
  Objective range  [1e+00, 1e+00]
  Bounds range     [1e+00, 1e+00]
  RHS range        [4e-02, 1e+00]
Presolve removed 17 rows and 16 columns
Presolve time: 0.07s
Presolve: All rows and columns removed
Iteration    Objective       Primal Inf.    Dual Inf.      Time
       0    1.0000000e+00   0.000000e+00   0.000000e+00      0s

Solved in 0 iterations and 0.13 seconds
Optimal objective  1.000000000e+00
Optimize a model with 17 rows, 16 columns and 82 nonzeros
Coefficient statistics:
  Matrix range     [1e+00, 1e+00]
  Objective range  [1e+00, 1e+00]
  Bounds range     [1e+00, 1e+00]
  RHS range        [4e-02, 1e+00]
Presolve removed 17 rows and 16 columns
Presolve time: 0.07s
Presolve: All rows and columns removed
Iteration    Objective       Primal Inf.    Dual Inf.      Time
       0   -0.0000000e+00   0.000000e+00   0.000000e+00      0s

Solved in 0 iterations and 0.12 seconds
Optimal objective -0.000000000e+00

Gurobi 8.1.1 (win64, Python) logging started 12/26/19 16:38:15

Academic license - for non-commercial use only
Optimize a model with 17 rows, 16 columns and 82 nonzeros
Coefficient statistics:
  Matrix range     [1e+00, 1e+00]
  Objective range  [1e+00, 1e+00]
  Bounds range     [1e+00, 1e+00]
  RHS range        [4e-02, 1e+00]
Presolve removed 17 rows and 16 columns
Presolve time: 0.06s
Presolve: All rows and columns removed
Iteration    Objective       Primal Inf.    Dual Inf.      Time
       0    1.0000000e+00   0.000000e+00   0.000000e+00      0s

Solved in 0 iterations and 0.11 seconds
Optimal objective  1.000000000e+00
Optimize a model with 17 rows, 16 columns and 82 nonzeros
Coefficient statistics:
  Matrix range     [1e+00, 1e+00]
  Objective range  [1e+00, 1e+00]
  Bounds range     [1e+00, 1e+00]
  RHS range        [4e-02, 1e+00]
Presolve removed 17 rows and 16 columns
Presolve time: 0.07s
Presolve: All rows and columns removed
Iteration    Objective       Primal Inf.    Dual Inf.      Time
       0   -0.0000000e+00   0.000000e+00   0.000000e+00      0s

Solved in 0 iterations and 0.13 seconds
Optimal objective -0.000000000e+00

Gurobi 8.1.1 (win64, Python) logging started 12/26/19 16:38:31

Academic license - for non-commercial use only
Optimize a model with 17 rows, 16 columns and 82 nonzeros
Coefficient statistics:
  Matrix range     [1e+00, 1e+00]
  Objective range  [1e+00, 1e+00]
  Bounds range     [1e+00, 1e+00]
  RHS range        [4e-02, 1e+00]
Presolve removed 17 rows and 16 columns
Presolve time: 0.07s
Presolve: All rows and columns removed
Iteration    Objective       Primal Inf.    Dual Inf.      Time
       0    1.0000000e+00   0.000000e+00   0.000000e+00      0s

Solved in 0 iterations and 0.11 seconds
Optimal objective  1.000000000e+00
Optimize a model with 17 rows, 16 columns and 82 nonzeros
Coefficient statistics:
  Matrix range     [1e+00, 1e+00]
  Objective range  [1e+00, 1e+00]
  Bounds range     [1e+00, 1e+00]
  RHS range        [4e-02, 1e+00]
Presolve removed 17 rows and 16 columns
Presolve time: 0.08s
Presolve: All rows and columns removed
Iteration    Objective       Primal Inf.    Dual Inf.      Time
       0   -0.0000000e+00   0.000000e+00   0.000000e+00      0s

Solved in 0 iterations and 0.14 seconds
Optimal objective -0.000000000e+00

Gurobi 8.1.1 (win64, Python) logging started 12/26/19 16:39:40

Academic license - for non-commercial use only
Optimize a model with 17 rows, 16 columns and 82 nonzeros
Coefficient statistics:
  Matrix range     [1e+00, 1e+00]
  Objective range  [1e+00, 1e+00]
  Bounds range     [1e+00, 1e+00]
  RHS range        [4e-02, 1e+00]
Presolve removed 17 rows and 16 columns
Presolve time: 0.06s
Presolve: All rows and columns removed
Iteration    Objective       Primal Inf.    Dual Inf.      Time
       0    1.0000000e+00   0.000000e+00   0.000000e+00      0s

Solved in 0 iterations and 0.11 seconds
Optimal objective  1.000000000e+00
Optimize a model with 17 rows, 16 columns and 82 nonzeros
Coefficient statistics:
  Matrix range     [1e+00, 1e+00]
  Objective range  [1e+00, 1e+00]
  Bounds range     [1e+00, 1e+00]
  RHS range        [4e-02, 1e+00]
Presolve removed 17 rows and 16 columns
Presolve time: 0.10s
Presolve: All rows and columns removed
Iteration    Objective       Primal Inf.    Dual Inf.      Time
       0   -0.0000000e+00   0.000000e+00   0.000000e+00      0s

Solved in 0 iterations and 0.15 seconds
Optimal objective -0.000000000e+00

Gurobi 8.1.1 (win64, Python) logging started 12/26/19 16:40:13

Academic license - for non-commercial use only
Optimize a model with 17 rows, 16 columns and 82 nonzeros
Coefficient statistics:
  Matrix range     [1e+00, 1e+00]
  Objective range  [1e+00, 1e+00]
  Bounds range     [1e+00, 1e+00]
  RHS range        [4e-02, 1e+00]
Presolve removed 17 rows and 16 columns
Presolve time: 0.08s
Presolve: All rows and columns removed
Iteration    Objective       Primal Inf.    Dual Inf.      Time
       0    1.0000000e+00   0.000000e+00   0.000000e+00      0s

Solved in 0 iterations and 0.14 seconds
Optimal objective  1.000000000e+00
Optimize a model with 17 rows, 16 columns and 82 nonzeros
Coefficient statistics:
  Matrix range     [1e+00, 1e+00]
  Objective range  [1e+00, 1e+00]
  Bounds range     [1e+00, 1e+00]
  RHS range        [4e-02, 1e+00]
Presolve removed 17 rows and 16 columns
Presolve time: 0.08s
Presolve: All rows and columns removed
Iteration    Objective       Primal Inf.    Dual Inf.      Time
       0   -0.0000000e+00   0.000000e+00   0.000000e+00      0s

Solved in 0 iterations and 0.14 seconds
Optimal objective -0.000000000e+00

Gurobi 8.1.1 (win64, Python) logging started 12/26/19 16:40:30

Academic license - for non-commercial use only
Optimize a model with 17 rows, 16 columns and 82 nonzeros
Coefficient statistics:
  Matrix range     [1e+00, 1e+00]
  Objective range  [1e+00, 1e+00]
  Bounds range     [1e+00, 1e+00]
  RHS range        [4e-02, 1e+00]
Presolve removed 17 rows and 16 columns
Presolve time: 0.07s
Presolve: All rows and columns removed
Iteration    Objective       Primal Inf.    Dual Inf.      Time
       0    1.0000000e+00   0.000000e+00   0.000000e+00      0s

Solved in 0 iterations and 0.13 seconds
Optimal objective  1.000000000e+00
Optimize a model with 17 rows, 16 columns and 82 nonzeros
Coefficient statistics:
  Matrix range     [1e+00, 1e+00]
  Objective range  [1e+00, 1e+00]
  Bounds range     [1e+00, 1e+00]
  RHS range        [4e-02, 1e+00]
Presolve removed 17 rows and 16 columns
Presolve time: 0.08s
Presolve: All rows and columns removed
Iteration    Objective       Primal Inf.    Dual Inf.      Time
       0   -0.0000000e+00   0.000000e+00   0.000000e+00      0s

Solved in 0 iterations and 0.13 seconds
Optimal objective -0.000000000e+00

Gurobi 8.1.1 (win64, Python) logging started 12/26/19 16:41:07

Academic license - for non-commercial use only
Optimize a model with 17 rows, 16 columns and 82 nonzeros
Coefficient statistics:
  Matrix range     [1e+00, 1e+00]
  Objective range  [1e+00, 1e+00]
  Bounds range     [1e+00, 1e+00]
  RHS range        [4e-02, 1e+00]
Presolve removed 17 rows and 16 columns
Presolve time: 0.06s
Presolve: All rows and columns removed
Iteration    Objective       Primal Inf.    Dual Inf.      Time
       0    1.0000000e+00   0.000000e+00   0.000000e+00      0s

Solved in 0 iterations and 0.11 seconds
Optimal objective  1.000000000e+00
Optimize a model with 17 rows, 16 columns and 82 nonzeros
Coefficient statistics:
  Matrix range     [1e+00, 1e+00]
  Objective range  [1e+00, 1e+00]
  Bounds range     [1e+00, 1e+00]
  RHS range        [4e-02, 1e+00]
Presolve removed 17 rows and 16 columns
Presolve time: 0.07s
Presolve: All rows and columns removed
Iteration    Objective       Primal Inf.    Dual Inf.      Time
       0   -0.0000000e+00   0.000000e+00   0.000000e+00      0s

Solved in 0 iterations and 0.12 seconds
Optimal objective -0.000000000e+00

Gurobi 8.1.1 (win64, Python) logging started 12/26/19 16:41:33

Academic license - for non-commercial use only
Optimize a model with 17 rows, 16 columns and 82 nonzeros
Coefficient statistics:
  Matrix range     [1e+00, 1e+00]
  Objective range  [1e+00, 1e+00]
  Bounds range     [1e+00, 1e+00]
  RHS range        [4e-02, 1e+00]
Presolve removed 17 rows and 16 columns
Presolve time: 0.07s
Presolve: All rows and columns removed
Iteration    Objective       Primal Inf.    Dual Inf.      Time
       0    1.0000000e+00   0.000000e+00   0.000000e+00      0s

Solved in 0 iterations and 0.10 seconds
Optimal objective  1.000000000e+00
Optimize a model with 17 rows, 16 columns and 82 nonzeros
Coefficient statistics:
  Matrix range     [1e+00, 1e+00]
  Objective range  [1e+00, 1e+00]
  Bounds range     [1e+00, 1e+00]
  RHS range        [4e-02, 1e+00]
Presolve removed 17 rows and 16 columns
Presolve time: 0.06s
Presolve: All rows and columns removed
Iteration    Objective       Primal Inf.    Dual Inf.      Time
       0   -0.0000000e+00   0.000000e+00   0.000000e+00      0s

Solved in 0 iterations and 0.12 seconds
Optimal objective -0.000000000e+00

Gurobi 8.1.1 (win64, Python) logging started 12/26/19 16:43:35

Academic license - for non-commercial use only
Optimize a model with 17 rows, 16 columns and 82 nonzeros
Coefficient statistics:
  Matrix range     [1e+00, 1e+00]
  Objective range  [1e+00, 1e+00]
  Bounds range     [1e+00, 1e+00]
  RHS range        [4e-02, 1e+00]
Presolve removed 17 rows and 16 columns
Presolve time: 0.06s
Presolve: All rows and columns removed
Iteration    Objective       Primal Inf.    Dual Inf.      Time
       0    1.0000000e+00   0.000000e+00   0.000000e+00      0s

Solved in 0 iterations and 0.11 seconds
Optimal objective  1.000000000e+00
Optimize a model with 17 rows, 16 columns and 82 nonzeros
Coefficient statistics:
  Matrix range     [1e+00, 1e+00]
  Objective range  [1e+00, 1e+00]
  Bounds range     [1e+00, 1e+00]
  RHS range        [4e-02, 1e+00]
Presolve removed 17 rows and 16 columns
Presolve time: 0.08s
Presolve: All rows and columns removed
Iteration    Objective       Primal Inf.    Dual Inf.      Time
       0   -0.0000000e+00   0.000000e+00   0.000000e+00      0s

Solved in 0 iterations and 0.14 seconds
Optimal objective -0.000000000e+00

Gurobi 8.1.1 (win64, Python) logging started 12/26/19 16:44:26

Academic license - for non-commercial use only
Optimize a model with 17 rows, 16 columns and 82 nonzeros
Coefficient statistics:
  Matrix range     [1e+00, 1e+00]
  Objective range  [1e+00, 1e+00]
  Bounds range     [1e+00, 1e+00]
  RHS range        [4e-02, 1e+00]
Presolve removed 17 rows and 16 columns
Presolve time: 0.06s
Presolve: All rows and columns removed
Iteration    Objective       Primal Inf.    Dual Inf.      Time
       0    1.0000000e+00   0.000000e+00   0.000000e+00      0s

Solved in 0 iterations and 0.13 seconds
Optimal objective  1.000000000e+00
Optimize a model with 17 rows, 16 columns and 82 nonzeros
Coefficient statistics:
  Matrix range     [1e+00, 1e+00]
  Objective range  [1e+00, 1e+00]
  Bounds range     [1e+00, 1e+00]
  RHS range        [4e-02, 1e+00]
Presolve removed 17 rows and 16 columns
Presolve time: 0.08s
Presolve: All rows and columns removed
Iteration    Objective       Primal Inf.    Dual Inf.      Time
       0   -0.0000000e+00   0.000000e+00   0.000000e+00      0s

Solved in 0 iterations and 0.13 seconds
Optimal objective -0.000000000e+00

Gurobi 8.1.1 (win64, Python) logging started 12/26/19 16:44:45

Academic license - for non-commercial use only
Optimize a model with 17 rows, 16 columns and 82 nonzeros
Coefficient statistics:
  Matrix range     [1e+00, 1e+00]
  Objective range  [1e+00, 1e+00]
  Bounds range     [1e+00, 1e+00]
  RHS range        [4e-02, 1e+00]
Presolve removed 17 rows and 16 columns
Presolve time: 0.04s
Presolve: All rows and columns removed
Iteration    Objective       Primal Inf.    Dual Inf.      Time
       0    1.0000000e+00   0.000000e+00   0.000000e+00      0s

Solved in 0 iterations and 0.09 seconds
Optimal objective  1.000000000e+00
Optimize a model with 17 rows, 16 columns and 82 nonzeros
Coefficient statistics:
  Matrix range     [1e+00, 1e+00]
  Objective range  [1e+00, 1e+00]
  Bounds range     [1e+00, 1e+00]
  RHS range        [4e-02, 1e+00]
Presolve removed 17 rows and 16 columns
Presolve time: 0.10s
Presolve: All rows and columns removed
Iteration    Objective       Primal Inf.    Dual Inf.      Time
       0   -0.0000000e+00   0.000000e+00   0.000000e+00      0s

Solved in 0 iterations and 0.14 seconds
Optimal objective -0.000000000e+00

Gurobi 8.1.1 (win64, Python) logging started 12/26/19 16:45:07

Academic license - for non-commercial use only
Optimize a model with 9 rows, 8 columns and 28 nonzeros
Coefficient statistics:
  Matrix range     [1e+00, 1e+00]
  Objective range  [1e+00, 1e+00]
  Bounds range     [1e+00, 1e+00]
  RHS range        [6e-02, 1e+00]
Presolve removed 9 rows and 8 columns
Presolve time: 0.07s
Presolve: All rows and columns removed
Iteration    Objective       Primal Inf.    Dual Inf.      Time
       0    1.0000000e+00   0.000000e+00   0.000000e+00      0s

Solved in 0 iterations and 0.10 seconds
Optimal objective  1.000000000e+00

Gurobi 8.1.1 (win64, Python) logging started 12/26/19 16:46:32

Academic license - for non-commercial use only
Optimize a model with 9 rows, 8 columns and 28 nonzeros
Coefficient statistics:
  Matrix range     [1e+00, 1e+00]
  Objective range  [1e+00, 1e+00]
  Bounds range     [1e+00, 1e+00]
  RHS range        [6e-02, 1e+00]
Presolve removed 9 rows and 8 columns
Presolve time: 0.06s
Presolve: All rows and columns removed
Iteration    Objective       Primal Inf.    Dual Inf.      Time
       0    1.0000000e+00   0.000000e+00   0.000000e+00      0s

Solved in 0 iterations and 0.10 seconds
Optimal objective  1.000000000e+00

Gurobi 8.1.1 (win64, Python) logging started 12/26/19 16:46:43

Academic license - for non-commercial use only

Gurobi 8.1.1 (win64, Python) logging started 12/26/19 16:46:53

Academic license - for non-commercial use only
Optimize a model with 17 rows, 16 columns and 82 nonzeros
Coefficient statistics:
  Matrix range     [1e+00, 1e+00]
  Objective range  [1e+00, 1e+00]
  Bounds range     [1e+00, 1e+00]
  RHS range        [6e-02, 1e+00]
Presolve removed 17 rows and 16 columns
Presolve time: 0.05s
Presolve: All rows and columns removed
Iteration    Objective       Primal Inf.    Dual Inf.      Time
       0    1.0000000e+00   0.000000e+00   0.000000e+00      0s

Solved in 0 iterations and 0.11 seconds
Optimal objective  1.000000000e+00
Optimize a model with 17 rows, 16 columns and 82 nonzeros
Coefficient statistics:
  Matrix range     [1e+00, 1e+00]
  Objective range  [1e+00, 1e+00]
  Bounds range     [1e+00, 1e+00]
  RHS range        [6e-02, 1e+00]
Presolve removed 17 rows and 16 columns
Presolve time: 0.11s
Presolve: All rows and columns removed
Iteration    Objective       Primal Inf.    Dual Inf.      Time
       0   -0.0000000e+00   0.000000e+00   0.000000e+00      0s

Solved in 0 iterations and 0.17 seconds
Optimal objective -0.000000000e+00

Gurobi 8.1.1 (win64, Python) logging started 12/26/19 16:47:07

Academic license - for non-commercial use only
Optimize a model with 17 rows, 16 columns and 82 nonzeros
Coefficient statistics:
  Matrix range     [1e+00, 1e+00]
  Objective range  [1e+00, 1e+00]
  Bounds range     [1e+00, 1e+00]
  RHS range        [4e-02, 1e+00]
Presolve removed 17 rows and 16 columns
Presolve time: 0.07s
Presolve: All rows and columns removed
Iteration    Objective       Primal Inf.    Dual Inf.      Time
       0    1.0000000e+00   0.000000e+00   0.000000e+00      0s

Solved in 0 iterations and 0.12 seconds
Optimal objective  1.000000000e+00
Optimize a model with 17 rows, 16 columns and 82 nonzeros
Coefficient statistics:
  Matrix range     [1e+00, 1e+00]
  Objective range  [1e+00, 1e+00]
  Bounds range     [1e+00, 1e+00]
  RHS range        [4e-02, 1e+00]
Presolve removed 17 rows and 16 columns
Presolve time: 0.09s
Presolve: All rows and columns removed
Iteration    Objective       Primal Inf.    Dual Inf.      Time
       0   -0.0000000e+00   0.000000e+00   0.000000e+00      0s

Solved in 0 iterations and 0.15 seconds
Optimal objective -0.000000000e+00

Gurobi 8.1.1 (win64, Python) logging started 12/26/19 16:47:28

Academic license - for non-commercial use only

Gurobi 8.1.1 (win64, Python) logging started 12/26/19 16:47:45

Academic license - for non-commercial use only
Optimize a model with 65 rows, 64 columns and 730 nonzeros
Coefficient statistics:
  Matrix range     [1e+00, 1e+00]
  Objective range  [1e+00, 1e+00]
  Bounds range     [1e+00, 1e+00]
  RHS range        [8e-03, 1e+00]
Presolve removed 65 rows and 64 columns
Presolve time: 0.00s
Presolve: All rows and columns removed
Iteration    Objective       Primal Inf.    Dual Inf.      Time
       0    1.0000000e+00   0.000000e+00   0.000000e+00      0s

Solved in 0 iterations and 0.01 seconds
Optimal objective  1.000000000e+00
Optimize a model with 65 rows, 64 columns and 730 nonzeros
Coefficient statistics:
  Matrix range     [1e+00, 1e+00]
  Objective range  [1e+00, 1e+00]
  Bounds range     [1e+00, 1e+00]
  RHS range        [8e-03, 1e+00]
Presolve removed 65 rows and 64 columns
Presolve time: 0.06s
Presolve: All rows and columns removed
Iteration    Objective       Primal Inf.    Dual Inf.      Time
       0   -0.0000000e+00   0.000000e+00   0.000000e+00      0s

Solved in 0 iterations and 0.11 seconds
Optimal objective -0.000000000e+00

Gurobi 8.1.1 (win64, Python) logging started 12/26/19 16:48:29

Academic license - for non-commercial use only
Optimize a model with 65 rows, 64 columns and 730 nonzeros
Coefficient statistics:
  Matrix range     [1e+00, 1e+00]
  Objective range  [1e+00, 1e+00]
  Bounds range     [1e+00, 1e+00]
  RHS range        [8e-03, 1e+00]
Presolve removed 65 rows and 64 columns
Presolve time: 0.17s
Presolve: All rows and columns removed
Iteration    Objective       Primal Inf.    Dual Inf.      Time
       0    1.0000000e+00   0.000000e+00   0.000000e+00      0s

Solved in 0 iterations and 0.24 seconds
Optimal objective  1.000000000e+00
Optimize a model with 65 rows, 64 columns and 730 nonzeros
Coefficient statistics:
  Matrix range     [1e+00, 1e+00]
  Objective range  [1e+00, 1e+00]
  Bounds range     [1e+00, 1e+00]
  RHS range        [8e-03, 1e+00]
Presolve removed 65 rows and 64 columns
Presolve time: 0.12s
Presolve: All rows and columns removed
Iteration    Objective       Primal Inf.    Dual Inf.      Time
       0   -0.0000000e+00   0.000000e+00   0.000000e+00      0s

Solved in 0 iterations and 0.16 seconds
Optimal objective -0.000000000e+00

Gurobi 8.1.1 (win64, Python) logging started 12/26/19 16:48:59

Academic license - for non-commercial use only
Optimize a model with 33 rows, 32 columns and 244 nonzeros
Coefficient statistics:
  Matrix range     [1e+00, 1e+00]
  Objective range  [1e+00, 1e+00]
  Bounds range     [1e+00, 1e+00]
  RHS range        [2e-02, 1e+00]
Presolve removed 33 rows and 32 columns
Presolve time: 0.06s
Presolve: All rows and columns removed
Iteration    Objective       Primal Inf.    Dual Inf.      Time
       0    1.0000000e+00   0.000000e+00   0.000000e+00      0s

Solved in 0 iterations and 0.13 seconds
Optimal objective  1.000000000e+00
Optimize a model with 33 rows, 32 columns and 244 nonzeros
Coefficient statistics:
  Matrix range     [1e+00, 1e+00]
  Objective range  [1e+00, 1e+00]
  Bounds range     [1e+00, 1e+00]
  RHS range        [2e-02, 1e+00]
Presolve removed 33 rows and 32 columns
Presolve time: 0.19s
Presolve: All rows and columns removed
Iteration    Objective       Primal Inf.    Dual Inf.      Time
       0   -0.0000000e+00   0.000000e+00   0.000000e+00      0s

Solved in 0 iterations and 0.23 seconds
Optimal objective -0.000000000e+00

Gurobi 8.1.1 (win64, Python) logging started 12/26/19 16:49:10

Academic license - for non-commercial use only

Gurobi 8.1.1 (win64, Python) logging started 12/26/19 16:49:36

Academic license - for non-commercial use only

Gurobi 8.1.1 (win64, Python) logging started 12/26/19 16:49:42

Academic license - for non-commercial use only
Optimize a model with 5 rows, 4 columns and 10 nonzeros
Coefficient statistics:
  Matrix range     [1e+00, 1e+00]
  Objective range  [1e+00, 1e+00]
  Bounds range     [1e+00, 1e+00]
  RHS range        [3e-02, 1e+00]
Presolve removed 5 rows and 4 columns
Presolve time: 0.08s
Presolve: All rows and columns removed
Iteration    Objective       Primal Inf.    Dual Inf.      Time
       0    1.0000000e+00   0.000000e+00   0.000000e+00      0s

Solved in 0 iterations and 0.14 seconds
Optimal objective  1.000000000e+00

Gurobi 8.1.1 (win64, Python) logging started 12/26/19 16:49:53

Academic license - for non-commercial use only
Optimize a model with 1025 rows, 1024 columns and 59050 nonzeros
Coefficient statistics:
  Matrix range     [1e+00, 1e+00]
  Objective range  [1e+00, 1e+00]
  Bounds range     [1e+00, 1e+00]
  RHS range        [4e-03, 1e+00]

Concurrent LP optimizer: dual simplex and barrier
Showing barrier log only...

Presolve removed 1025 rows and 1024 columns
Presolve time: 0.17s
Presolve: All rows and columns removed
Iteration    Objective       Primal Inf.    Dual Inf.      Time
       0    1.0000000e+00   0.000000e+00   0.000000e+00      0s

Solved with dual simplex
Solved in 0 iterations and 0.25 seconds
Optimal objective  1.000000000e+00
Optimize a model with 1025 rows, 1024 columns and 59050 nonzeros
Coefficient statistics:
  Matrix range     [1e+00, 1e+00]
  Objective range  [1e+00, 1e+00]
  Bounds range     [1e+00, 1e+00]
  RHS range        [4e-03, 1e+00]

Concurrent LP optimizer: dual simplex and barrier
Showing barrier log only...

Presolve removed 1025 rows and 1024 columns
Presolve time: 0.18s
Presolve: All rows and columns removed
Iteration    Objective       Primal Inf.    Dual Inf.      Time
       0   -0.0000000e+00   0.000000e+00   0.000000e+00      0s

Solved with dual simplex
Solved in 0 iterations and 0.26 seconds
Optimal objective -0.000000000e+00

Gurobi 8.1.1 (win64, Python) logging started 12/26/19 16:50:21

Academic license - for non-commercial use only
Optimize a model with 1025 rows, 1024 columns and 59050 nonzeros
Coefficient statistics:
  Matrix range     [1e+00, 1e+00]
  Objective range  [1e+00, 1e+00]
  Bounds range     [1e+00, 1e+00]
  RHS range        [4e-03, 1e+00]

Concurrent LP optimizer: dual simplex and barrier
Showing barrier log only...

Presolve removed 1025 rows and 1024 columns
Presolve time: 0.19s
Presolve: All rows and columns removed
Iteration    Objective       Primal Inf.    Dual Inf.      Time
       0    1.0000000e+00   0.000000e+00   0.000000e+00      0s

Solved with dual simplex
Solved in 0 iterations and 0.26 seconds
Optimal objective  1.000000000e+00
Optimize a model with 1025 rows, 1024 columns and 59050 nonzeros
Coefficient statistics:
  Matrix range     [1e+00, 1e+00]
  Objective range  [1e+00, 1e+00]
  Bounds range     [1e+00, 1e+00]
  RHS range        [4e-03, 1e+00]

Concurrent LP optimizer: dual simplex and barrier
Showing barrier log only...

Presolve removed 1025 rows and 1024 columns
Presolve time: 0.18s
Presolve: All rows and columns removed
Iteration    Objective       Primal Inf.    Dual Inf.      Time
       0   -0.0000000e+00   0.000000e+00   0.000000e+00      0s

Solved with dual simplex
Solved in 0 iterations and 0.25 seconds
Optimal objective -0.000000000e+00

Gurobi 8.1.1 (win64, Python) logging started 12/26/19 16:50:36

Academic license - for non-commercial use only
Optimize a model with 1025 rows, 1024 columns and 59050 nonzeros
Coefficient statistics:
  Matrix range     [1e+00, 1e+00]
  Objective range  [1e+00, 1e+00]
  Bounds range     [1e+00, 1e+00]
  RHS range        [4e-03, 1e+00]

Concurrent LP optimizer: dual simplex and barrier
Showing barrier log only...

Presolve removed 1025 rows and 1024 columns
Presolve time: 0.16s
Presolve: All rows and columns removed
Iteration    Objective       Primal Inf.    Dual Inf.      Time
       0    1.0000000e+00   0.000000e+00   0.000000e+00      0s

Solved with dual simplex
Solved in 0 iterations and 0.23 seconds
Optimal objective  1.000000000e+00
Optimize a model with 1025 rows, 1024 columns and 59050 nonzeros
Coefficient statistics:
  Matrix range     [1e+00, 1e+00]
  Objective range  [1e+00, 1e+00]
  Bounds range     [1e+00, 1e+00]
  RHS range        [4e-03, 1e+00]

Concurrent LP optimizer: dual simplex and barrier
Showing barrier log only...

Presolve removed 1025 rows and 1024 columns
Presolve time: 0.17s
Presolve: All rows and columns removed
Iteration    Objective       Primal Inf.    Dual Inf.      Time
       0   -0.0000000e+00   0.000000e+00   0.000000e+00      0s

Solved with dual simplex
Solved in 0 iterations and 0.23 seconds
Optimal objective -0.000000000e+00

Gurobi 8.1.1 (win64, Python) logging started 12/26/19 16:51:01

Academic license - for non-commercial use only

Gurobi 8.1.1 (win64, Python) logging started 12/26/19 16:51:12

Academic license - for non-commercial use only
Optimize a model with 9 rows, 8 columns and 28 nonzeros
Coefficient statistics:
  Matrix range     [1e+00, 1e+00]
  Objective range  [1e+00, 1e+00]
  Bounds range     [1e+00, 1e+00]
  RHS range        [3e-03, 1e+00]
Presolve removed 9 rows and 8 columns
Presolve time: 0.07s
Presolve: All rows and columns removed
Iteration    Objective       Primal Inf.    Dual Inf.      Time
       0    1.0000000e+00   0.000000e+00   0.000000e+00      0s

Solved in 0 iterations and 0.14 seconds
Optimal objective  1.000000000e+00

Gurobi 8.1.1 (win64, Python) logging started 12/26/19 17:05:04

Academic license - for non-commercial use only
Optimize a model with 9 rows, 8 columns and 28 nonzeros
Coefficient statistics:
  Matrix range     [1e+00, 1e+00]
  Objective range  [1e+00, 1e+00]
  Bounds range     [1e+00, 1e+00]
  RHS range        [3e-03, 1e+00]
Presolve removed 9 rows and 8 columns
Presolve time: 0.10s
Presolve: All rows and columns removed
Iteration    Objective       Primal Inf.    Dual Inf.      Time
       0    1.0000000e+00   0.000000e+00   0.000000e+00      0s

Solved in 0 iterations and 0.17 seconds
Optimal objective  1.000000000e+00

Gurobi 8.1.1 (win64, Python) logging started 12/26/19 17:12:42

Academic license - for non-commercial use only
Optimize a model with 9 rows, 8 columns and 28 nonzeros
Coefficient statistics:
  Matrix range     [1e+00, 1e+00]
  Objective range  [1e+00, 1e+00]
  Bounds range     [1e+00, 1e+00]
  RHS range        [3e-03, 1e+00]
Presolve removed 9 rows and 8 columns
Presolve time: 0.07s
Presolve: All rows and columns removed
Iteration    Objective       Primal Inf.    Dual Inf.      Time
       0    1.0000000e+00   0.000000e+00   0.000000e+00      0s

Solved in 0 iterations and 0.13 seconds
Optimal objective  1.000000000e+00

Gurobi 8.1.1 (win64, Python) logging started 12/26/19 17:13:46

Academic license - for non-commercial use only
Optimize a model with 9 rows, 8 columns and 28 nonzeros
Coefficient statistics:
  Matrix range     [1e+00, 1e+00]
  Objective range  [1e+00, 1e+00]
  Bounds range     [1e+00, 1e+00]
  RHS range        [3e-03, 1e+00]
Presolve removed 9 rows and 8 columns
Presolve time: 0.08s
Presolve: All rows and columns removed
Iteration    Objective       Primal Inf.    Dual Inf.      Time
       0    1.0000000e+00   0.000000e+00   0.000000e+00      0s

Solved in 0 iterations and 0.17 seconds
Optimal objective  1.000000000e+00
Optimize a model with 18 rows, 16 columns and 56 nonzeros
Coefficient statistics:
  Matrix range     [1e+00, 1e+00]
  Objective range  [1e+00, 1e+00]
  Bounds range     [1e+00, 1e+00]
  RHS range        [3e-03, 1e+00]
Iteration    Objective       Primal Inf.    Dual Inf.      Time
       0    9.0000000e+00   2.593714e+01   0.000000e+00      0s
       8    2.0000000e+00   0.000000e+00   0.000000e+00      0s

Solved in 8 iterations and 0.15 seconds
Optimal objective  2.000000000e+00
Optimize a model with 23 rows, 20 columns and 66 nonzeros
Coefficient statistics:
  Matrix range     [1e+00, 1e+00]
  Objective range  [1e+00, 1e+00]
  Bounds range     [1e+00, 1e+00]
  RHS range        [3e-03, 1e+00]
Iteration    Objective       Primal Inf.    Dual Inf.      Time
       0    6.0000000e+00   7.977143e+00   0.000000e+00      0s
       4    3.0000000e+00   0.000000e+00   0.000000e+00      0s

Solved in 4 iterations and 0.16 seconds
Optimal objective  3.000000000e+00
Optimize a model with 28 rows, 24 columns and 76 nonzeros
Coefficient statistics:
  Matrix range     [1e+00, 1e+00]
  Objective range  [1e+00, 1e+00]
  Bounds range     [1e+00, 1e+00]
  RHS range        [3e-03, 1e+00]
Iteration    Objective       Primal Inf.    Dual Inf.      Time
       0    7.0000000e+00   7.977143e+00   0.000000e+00      0s
       4    4.0000000e+00   0.000000e+00   0.000000e+00      0s

Solved in 4 iterations and 0.13 seconds
Optimal objective  4.000000000e+00

Gurobi 8.1.1 (win64, Python) logging started 12/26/19 17:14:27

Academic license - for non-commercial use only
Optimize a model with 5 rows, 4 columns and 10 nonzeros
Coefficient statistics:
  Matrix range     [1e+00, 1e+00]
  Objective range  [1e+00, 1e+00]
  Bounds range     [1e+00, 1e+00]
  RHS range        [3e-02, 1e+00]
Presolve removed 5 rows and 4 columns
Presolve time: 0.13s
Presolve: All rows and columns removed
Iteration    Objective       Primal Inf.    Dual Inf.      Time
       0    1.0000000e+00   0.000000e+00   0.000000e+00      0s

Solved in 0 iterations and 0.20 seconds
Optimal objective  1.000000000e+00

Gurobi 8.1.1 (win64, Python) logging started 12/26/19 17:14:41

Academic license - for non-commercial use only
Optimize a model with 32769 rows, 32768 columns and 14348908 nonzeros
Coefficient statistics:
  Matrix range     [1e+00, 1e+00]
  Objective range  [1e+00, 1e+00]
  Bounds range     [1e+00, 1e+00]
  RHS range        [3e-03, 1e+00]

Concurrent LP optimizer: dual simplex and barrier
Showing barrier log only...

Presolve removed 0 rows and 0 columns (presolve time = 6s) ...
Presolve removed 32769 rows and 32768 columns
Presolve time: 10.95s
Presolve: All rows and columns removed
Iteration    Objective       Primal Inf.    Dual Inf.      Time
       0    1.0000000e+00   0.000000e+00   0.000000e+00     12s

Solved with dual simplex
Solved in 0 iterations and 12.42 seconds
Optimal objective  1.000000000e+00
Optimize a model with 32769 rows, 32768 columns and 14348908 nonzeros
Coefficient statistics:
  Matrix range     [1e+00, 1e+00]
  Objective range  [1e+00, 1e+00]
  Bounds range     [1e+00, 1e+00]
  RHS range        [3e-03, 1e+00]

Concurrent LP optimizer: dual simplex and barrier
Showing barrier log only...

Presolve removed 32769 rows and 32768 columns
Presolve time: 3.37s
Presolve: All rows and columns removed
Iteration    Objective       Primal Inf.    Dual Inf.      Time
       0   -0.0000000e+00   0.000000e+00   0.000000e+00      5s

Solved with dual simplex
Solved in 0 iterations and 4.85 seconds
Optimal objective -0.000000000e+00

Gurobi 8.1.1 (win64, Python) logging started 12/27/19 15:20:44

Academic license - for non-commercial use only
Optimize a model with 17 rows, 16 columns and 82 nonzeros
Coefficient statistics:
  Matrix range     [1e+00, 1e+00]
  Objective range  [1e+00, 1e+00]
  Bounds range     [1e+00, 1e+00]
  RHS range        [4e-02, 1e+00]
Presolve removed 17 rows and 16 columns
Presolve time: 0.08s
Presolve: All rows and columns removed
Iteration    Objective       Primal Inf.    Dual Inf.      Time
       0    1.0000000e+00   0.000000e+00   0.000000e+00      0s

Solved in 0 iterations and 0.14 seconds
Optimal objective  1.000000000e+00
Optimize a model with 17 rows, 16 columns and 82 nonzeros
Coefficient statistics:
  Matrix range     [1e+00, 1e+00]
  Objective range  [1e+00, 1e+00]
  Bounds range     [1e+00, 1e+00]
  RHS range        [4e-02, 1e+00]
Presolve removed 17 rows and 16 columns
Presolve time: 0.12s
Presolve: All rows and columns removed
Iteration    Objective       Primal Inf.    Dual Inf.      Time
       0   -0.0000000e+00   0.000000e+00   0.000000e+00      0s

Solved in 0 iterations and 0.18 seconds
Optimal objective -0.000000000e+00

Gurobi 8.1.1 (win64, Python) logging started 12/27/19 15:22:11

Academic license - for non-commercial use only
